Loading plugins phase: Elapsed time ==> 0s.247ms
Initializing data phase: Elapsed time ==> 0s.000ms
<CYPRESSTAG name="CyDsfit arguments...">
cydsfit arguments: -.fdsnotice -.fdswarpdepfile=warp_dependencies.txt -.fdselabdepfile=elab_dependencies.txt -.fdsbldfile=generated_files.txt -p D:\MyDocs\Documents\CE4950\Networking\Networking\USB_UART01\USB_UART01.cydsn\USB_UART01.cyprj -d CY8C5868AXI-LP035 -s D:\MyDocs\Documents\CE4950\Networking\Networking\USB_UART01\USB_UART01.cydsn\Generated_Source\PSoC5 -- -yv2 -q10 -ygs -o2 -v3 -.fftcfgtype=LE</CYPRESSTAG>
<CYPRESSTAG name="Design elaboration results...">
</CYPRESSTAG>
Elaboration phase: Elapsed time ==> 2s.289ms
<CYPRESSTAG name="HDL generation results...">
</CYPRESSTAG>
HDL generation phase: Elapsed time ==> 0s.057ms
<CYPRESSTAG name="Synthesis results...">

     | | | | | | |
   _________________
  -|               |-
  -|               |-
  -|               |-
  -|    CYPRESS    |-
  -|               |-
  -|               |-   Warp Verilog Synthesis Compiler: Version 6.3 IR 41
  -|               |-   Copyright (C) 1991-2001 Cypress Semiconductor
   |_______________|
     | | | | | | |

======================================================================
Compiling:  USB_UART01.v
Program  :   D:\Program Files\Cypress\PSoC Creator\3.3\PSoC Creator\warp\bin/warp.exe
Options  :    -yv2 -q10 -ygs -o2 -v3 -.fftcfgtype=LE -ya -.fftprj=D:\MyDocs\Documents\CE4950\Networking\Networking\USB_UART01\USB_UART01.cydsn\USB_UART01.cyprj -dcpsoc3 USB_UART01.v -verilog
======================================================================

======================================================================
Compiling:  USB_UART01.v
Program  :   D:\Program Files\Cypress\PSoC Creator\3.3\PSoC Creator\warp\bin/warp.exe
Options  :    -yv2 -q10 -ygs -o2 -v3 -.fftcfgtype=LE -ya -.fftprj=D:\MyDocs\Documents\CE4950\Networking\Networking\USB_UART01\USB_UART01.cydsn\USB_UART01.cyprj -dcpsoc3 USB_UART01.v -verilog
======================================================================

======================================================================
Compiling:  USB_UART01.v
Program  :   vlogfe
Options  :    -yv2 -q10 -ygs -o2 -v3 -.fftcfgtype=LE -ya -.fftprj=D:\MyDocs\Documents\CE4950\Networking\Networking\USB_UART01\USB_UART01.cydsn\USB_UART01.cyprj -dcpsoc3 -verilog USB_UART01.v
======================================================================

vlogfe V6.3 IR 41:  Verilog parser
Wed Jan 13 10:26:35 2016


======================================================================
Compiling:  USB_UART01.v
Program  :   vpp
Options  :    -yv2 -q10 USB_UART01.v
======================================================================

vpp V6.3 IR 41:  Verilog Pre-Processor
Wed Jan 13 10:26:35 2016

Flattening file 'D:\Program Files\Cypress\PSoC Creator\3.3\PSoC Creator\psoc\content\cyprimitives\CyPrimitives.cylib\cy_virtualmux_v1_0\cy_virtualmux_v1_0.v'
Flattening file 'D:\Program Files\Cypress\PSoC Creator\3.3\PSoC Creator\psoc\content\cyprimitives\CyPrimitives.cylib\ZeroTerminal\ZeroTerminal.v'
Flattening file 'D:\Program Files\Cypress\PSoC Creator\3.3\PSoC Creator\psoc\content\cycomponentlibrary\CyComponentLibrary.cylib\B_Timer_v2_70\B_Timer_v2_70.v'
Flattening file 'D:\Program Files\Cypress\PSoC Creator\3.3\PSoC Creator\warp\lib\common\cypress.v'
Flattening file 'D:\Program Files\Cypress\PSoC Creator\3.3\PSoC Creator\warp\lib\common\cy_psoc3_inc.v'
Flattening file 'D:\Program Files\Cypress\PSoC Creator\3.3\PSoC Creator\psoc\content\cyprimitives\CyPrimitives.cylib\OneTerminal\OneTerminal.v'

vpp:  No errors.

Library 'work' => directory 'lcpsoc3'
General_symbol_table
General_symbol_table
Linking 'D:\Program Files\Cypress\PSoC Creator\3.3\PSoC Creator\warp\lib\common\std.vhd'.
Linking 'D:\Program Files\Cypress\PSoC Creator\3.3\PSoC Creator\warp\lib\common\cypress.vhd'.
Linking 'D:\Program Files\Cypress\PSoC Creator\3.3\PSoC Creator\warp\lib\common\work\cypress.vif'.
Linking 'D:\Program Files\Cypress\PSoC Creator\3.3\PSoC Creator\warp\lib\ieee\work\stdlogic.vif'.
Linking 'D:\Program Files\Cypress\PSoC Creator\3.3\PSoC Creator\warp\lib\common\stdlogic\lpmpkg.vif'.
Linking 'D:\Program Files\Cypress\PSoC Creator\3.3\PSoC Creator\warp\lib\common\stdlogic\rtlpkg.vif'.
Linking 'D:\Program Files\Cypress\PSoC Creator\3.3\PSoC Creator\warp\lib\common\stdlogic\mod_cnst.vif'.
Linking 'D:\Program Files\Cypress\PSoC Creator\3.3\PSoC Creator\warp\lib\common\stdlogic\mod_mthv.vif'.
Linking 'D:\Program Files\Cypress\PSoC Creator\3.3\PSoC Creator\warp\lib\common\stdlogic\mod_genv.vif'.
Using control file 'USB_UART01.ctl'.
D:\Program Files\Cypress\PSoC Creator\3.3\PSoC Creator\psoc\content\cycomponentlibrary\CyComponentLibrary.cylib\B_Timer_v2_70\B_Timer_v2_70.v (line 368, col 46):  Note: Substituting module 'cmp_vv_vv' for '='.
D:\Program Files\Cypress\PSoC Creator\3.3\PSoC Creator\psoc\content\cycomponentlibrary\CyComponentLibrary.cylib\B_Timer_v2_70\B_Timer_v2_70.v (line 374, col 62):  Note: Substituting module 'add_vv_vv' for '+'.
Linking 'D:\Program Files\Cypress\PSoC Creator\3.3\PSoC Creator\warp\lib\common\stdlogic\cy_psoc3pkg.vif'.
Linking 'D:\Program Files\Cypress\PSoC Creator\3.3\PSoC Creator\warp\lib\common\stdlogic\cy_psoc3.vif'.

vlogfe:  No errors.


======================================================================
Compiling:  USB_UART01.v
Program  :   tovif
Options  :    -yv2 -q10 -ygs -o2 -v3 -.fftcfgtype=LE -ya -.fftprj=D:\MyDocs\Documents\CE4950\Networking\Networking\USB_UART01\USB_UART01.cydsn\USB_UART01.cyprj -dcpsoc3 -verilog USB_UART01.v
======================================================================

tovif V6.3 IR 41:  High-level synthesis
Wed Jan 13 10:26:35 2016

Linking 'D:\Program Files\Cypress\PSoC Creator\3.3\PSoC Creator\warp\lib\common\std.vhd'.
Linking 'D:\Program Files\Cypress\PSoC Creator\3.3\PSoC Creator\warp\lib\common\cypress.vhd'.
Linking 'D:\Program Files\Cypress\PSoC Creator\3.3\PSoC Creator\warp\lib\common\work\cypress.vif'.
Linking 'D:\Program Files\Cypress\PSoC Creator\3.3\PSoC Creator\warp\lib\ieee\work\stdlogic.vif'.
Linking 'D:\Program Files\Cypress\PSoC Creator\3.3\PSoC Creator\warp\lib\common\stdlogic\lpmpkg.vif'.
Linking 'D:\Program Files\Cypress\PSoC Creator\3.3\PSoC Creator\warp\lib\common\stdlogic\rtlpkg.vif'.
Linking 'D:\Program Files\Cypress\PSoC Creator\3.3\PSoC Creator\warp\lib\common\stdlogic\mod_cnst.vif'.
Linking 'D:\Program Files\Cypress\PSoC Creator\3.3\PSoC Creator\warp\lib\common\stdlogic\mod_mthv.vif'.
Linking 'D:\Program Files\Cypress\PSoC Creator\3.3\PSoC Creator\warp\lib\common\stdlogic\mod_genv.vif'.
Linking 'D:\MyDocs\Documents\CE4950\Networking\Networking\USB_UART01\USB_UART01.cydsn\codegentemp\USB_UART01.ctl'.
Linking 'D:\Program Files\Cypress\PSoC Creator\3.3\PSoC Creator\psoc\content\cyprimitives\CyPrimitives.cylib\cy_virtualmux_v1_0\cy_virtualmux_v1_0.v'.
Linking 'D:\MyDocs\Documents\CE4950\Networking\Networking\USB_UART01\USB_UART01.cydsn\codegentemp\USB_UART01.v'.
Linking 'D:\Program Files\Cypress\PSoC Creator\3.3\PSoC Creator\psoc\content\cyprimitives\CyPrimitives.cylib\ZeroTerminal\ZeroTerminal.v'.
Linking 'D:\Program Files\Cypress\PSoC Creator\3.3\PSoC Creator\psoc\content\cycomponentlibrary\CyComponentLibrary.cylib\B_Timer_v2_70\B_Timer_v2_70.v'.
Linking 'D:\Program Files\Cypress\PSoC Creator\3.3\PSoC Creator\warp\lib\common\cypress.v'.
Linking 'D:\Program Files\Cypress\PSoC Creator\3.3\PSoC Creator\warp\lib\common\cy_psoc3_inc.v'.
Linking 'D:\Program Files\Cypress\PSoC Creator\3.3\PSoC Creator\psoc\content\cyprimitives\CyPrimitives.cylib\OneTerminal\OneTerminal.v'.
Linking 'D:\Program Files\Cypress\PSoC Creator\3.3\PSoC Creator\warp\lib\common\stdlogic\cy_psoc3pkg.vif'.
Linking 'D:\Program Files\Cypress\PSoC Creator\3.3\PSoC Creator\warp\lib\common\stdlogic\cy_psoc3.vif'.

tovif:  No errors.


======================================================================
Compiling:  USB_UART01.v
Program  :   topld
Options  :    -yv2 -q10 -ygs -o2 -v3 -.fftcfgtype=LE -ya -.fftprj=D:\MyDocs\Documents\CE4950\Networking\Networking\USB_UART01\USB_UART01.cydsn\USB_UART01.cyprj -dcpsoc3 -verilog USB_UART01.v
======================================================================

topld V6.3 IR 41:  Synthesis and optimization
Wed Jan 13 10:26:35 2016

Linking 'D:\Program Files\Cypress\PSoC Creator\3.3\PSoC Creator\warp\lib\common\std.vhd'.
Linking 'D:\Program Files\Cypress\PSoC Creator\3.3\PSoC Creator\warp\lib\common\cypress.vhd'.
Linking 'D:\Program Files\Cypress\PSoC Creator\3.3\PSoC Creator\warp\lib\common\work\cypress.vif'.
Linking 'D:\Program Files\Cypress\PSoC Creator\3.3\PSoC Creator\warp\lib\ieee\work\stdlogic.vif'.
Linking 'D:\Program Files\Cypress\PSoC Creator\3.3\PSoC Creator\warp\lib\common\stdlogic\lpmpkg.vif'.
Linking 'D:\Program Files\Cypress\PSoC Creator\3.3\PSoC Creator\warp\lib\common\stdlogic\rtlpkg.vif'.
Linking 'D:\Program Files\Cypress\PSoC Creator\3.3\PSoC Creator\warp\lib\common\stdlogic\mod_cnst.vif'.
Linking 'D:\Program Files\Cypress\PSoC Creator\3.3\PSoC Creator\warp\lib\common\stdlogic\mod_mthv.vif'.
Linking 'D:\Program Files\Cypress\PSoC Creator\3.3\PSoC Creator\warp\lib\common\stdlogic\mod_genv.vif'.
Linking 'D:\MyDocs\Documents\CE4950\Networking\Networking\USB_UART01\USB_UART01.cydsn\codegentemp\USB_UART01.ctl'.
Linking 'D:\Program Files\Cypress\PSoC Creator\3.3\PSoC Creator\psoc\content\cyprimitives\CyPrimitives.cylib\cy_virtualmux_v1_0\cy_virtualmux_v1_0.v'.
Linking 'D:\MyDocs\Documents\CE4950\Networking\Networking\USB_UART01\USB_UART01.cydsn\codegentemp\USB_UART01.v'.
Linking 'D:\Program Files\Cypress\PSoC Creator\3.3\PSoC Creator\psoc\content\cyprimitives\CyPrimitives.cylib\ZeroTerminal\ZeroTerminal.v'.
Linking 'D:\Program Files\Cypress\PSoC Creator\3.3\PSoC Creator\psoc\content\cycomponentlibrary\CyComponentLibrary.cylib\B_Timer_v2_70\B_Timer_v2_70.v'.
Linking 'D:\Program Files\Cypress\PSoC Creator\3.3\PSoC Creator\warp\lib\common\cypress.v'.
Linking 'D:\Program Files\Cypress\PSoC Creator\3.3\PSoC Creator\warp\lib\common\cy_psoc3_inc.v'.
Linking 'D:\Program Files\Cypress\PSoC Creator\3.3\PSoC Creator\psoc\content\cyprimitives\CyPrimitives.cylib\OneTerminal\OneTerminal.v'.
Linking 'D:\Program Files\Cypress\PSoC Creator\3.3\PSoC Creator\warp\lib\common\stdlogic\cy_psoc3pkg.vif'.
Linking 'D:\Program Files\Cypress\PSoC Creator\3.3\PSoC Creator\warp\lib\common\stdlogic\cy_psoc3.vif'.
Linking 'D:\Program Files\Cypress\PSoC Creator\3.3\PSoC Creator\warp\lib\lcpsoc3\stdlogic\cpsoc3.vif'.

----------------------------------------------------------
Detecting unused logic.
----------------------------------------------------------
    User names
	\USBUART_1:dma_nrq_0\
	\USBUART_1:Net_1800\
	\USBUART_1:dma_nrq_3\
	\USBUART_1:Net_1803\
	\USBUART_1:Net_1801\
	\USBUART_1:dma_nrq_1\
	\USBUART_1:dma_nrq_4\
	\USBUART_1:Net_1804\
	\USBUART_1:dma_nrq_5\
	\USBUART_1:Net_1805\
	\USBUART_1:dma_nrq_6\
	\USBUART_1:Net_1806\
	\USBUART_1:dma_nrq_7\
	\USBUART_1:Net_1807\
	\USBUART_1:dma_nrq_2\
	\USBUART_1:Net_1802\
	\Timer:Net_260\
	Net_96
	\Timer:Net_53\
	\Timer:TimerUDB:ctrl_ten\
	\Timer:TimerUDB:ctrl_cmode_0\
	\Timer:TimerUDB:ctrl_tmode_1\
	\Timer:TimerUDB:ctrl_tmode_0\
	\Timer:TimerUDB:ctrl_ic_1\
	\Timer:TimerUDB:ctrl_ic_0\
	Net_95
	\Timer:TimerUDB:zeros_3\
	\Timer:TimerUDB:zeros_2\
	\Timer:Net_102\
	\Timer:Net_266\


Deleted 30 User equations/components.
Deleted 0 Synthesized equations/components.

------------------------------------------------------
Alias Detection
------------------------------------------------------
Aliasing one to \USBUART_1:tmpOE__Dm_net_0\
Aliasing \USBUART_1:tmpOE__Dp_net_0\ to \USBUART_1:tmpOE__Dm_net_0\
Aliasing \LCD:tmpOE__LCDPort_net_6\ to \USBUART_1:tmpOE__Dm_net_0\
Aliasing \LCD:tmpOE__LCDPort_net_5\ to \USBUART_1:tmpOE__Dm_net_0\
Aliasing \LCD:tmpOE__LCDPort_net_4\ to \USBUART_1:tmpOE__Dm_net_0\
Aliasing \LCD:tmpOE__LCDPort_net_3\ to \USBUART_1:tmpOE__Dm_net_0\
Aliasing \LCD:tmpOE__LCDPort_net_2\ to \USBUART_1:tmpOE__Dm_net_0\
Aliasing \LCD:tmpOE__LCDPort_net_1\ to \USBUART_1:tmpOE__Dm_net_0\
Aliasing \LCD:tmpOE__LCDPort_net_0\ to \USBUART_1:tmpOE__Dm_net_0\
Aliasing tmpOE__TX_pin_net_0 to \USBUART_1:tmpOE__Dm_net_0\
Aliasing Net_12 to zero
Aliasing \Timer:TimerUDB:ctrl_cmode_1\ to zero
Aliasing \Timer:TimerUDB:trigger_enable\ to \USBUART_1:tmpOE__Dm_net_0\
Aliasing \Timer:TimerUDB:status_6\ to zero
Aliasing \Timer:TimerUDB:status_5\ to zero
Aliasing \Timer:TimerUDB:status_4\ to zero
Aliasing \Timer:TimerUDB:status_0\ to \Timer:TimerUDB:tc_i\
Aliasing tmpOE__led4_net_0 to \USBUART_1:tmpOE__Dm_net_0\
Aliasing \Timer:TimerUDB:capture_last\\D\ to zero
Aliasing \Timer:TimerUDB:hwEnable_reg\\D\ to \Timer:TimerUDB:run_mode\
Aliasing \Timer:TimerUDB:capture_out_reg_i\\D\ to \Timer:TimerUDB:capt_fifo_load_int\
Removing Rhs of wire one[37] = \USBUART_1:tmpOE__Dm_net_0\[31]
Removing Lhs of wire \USBUART_1:tmpOE__Dp_net_0\[40] = one[37]
Removing Lhs of wire \LCD:tmpOE__LCDPort_net_6\[67] = one[37]
Removing Lhs of wire \LCD:tmpOE__LCDPort_net_5\[68] = one[37]
Removing Lhs of wire \LCD:tmpOE__LCDPort_net_4\[69] = one[37]
Removing Lhs of wire \LCD:tmpOE__LCDPort_net_3\[70] = one[37]
Removing Lhs of wire \LCD:tmpOE__LCDPort_net_2\[71] = one[37]
Removing Lhs of wire \LCD:tmpOE__LCDPort_net_1\[72] = one[37]
Removing Lhs of wire \LCD:tmpOE__LCDPort_net_0\[73] = one[37]
Removing Lhs of wire tmpOE__TX_pin_net_0[91] = one[37]
Removing Lhs of wire Net_12[98] = zero[32]
Removing Rhs of wire Net_81[100] = \Timer:Net_55\[101]
Removing Lhs of wire \Timer:TimerUDB:ctrl_enable\[117] = \Timer:TimerUDB:control_7\[109]
Removing Lhs of wire \Timer:TimerUDB:ctrl_cmode_1\[119] = zero[32]
Removing Rhs of wire \Timer:TimerUDB:timer_enable\[128] = \Timer:TimerUDB:runmode_enable\[140]
Removing Rhs of wire \Timer:TimerUDB:run_mode\[129] = \Timer:TimerUDB:hwEnable\[130]
Removing Lhs of wire \Timer:TimerUDB:run_mode\[129] = \Timer:TimerUDB:control_7\[109]
Removing Lhs of wire \Timer:TimerUDB:trigger_enable\[132] = one[37]
Removing Lhs of wire \Timer:TimerUDB:tc_i\[134] = \Timer:TimerUDB:status_tc\[131]
Removing Lhs of wire \Timer:TimerUDB:capt_fifo_load_int\[139] = \Timer:TimerUDB:capt_fifo_load\[127]
Removing Lhs of wire \Timer:TimerUDB:status_6\[142] = zero[32]
Removing Lhs of wire \Timer:TimerUDB:status_5\[143] = zero[32]
Removing Lhs of wire \Timer:TimerUDB:status_4\[144] = zero[32]
Removing Lhs of wire \Timer:TimerUDB:status_0\[145] = \Timer:TimerUDB:status_tc\[131]
Removing Lhs of wire \Timer:TimerUDB:status_1\[146] = \Timer:TimerUDB:capt_fifo_load\[127]
Removing Rhs of wire \Timer:TimerUDB:status_2\[147] = \Timer:TimerUDB:fifo_full\[148]
Removing Rhs of wire \Timer:TimerUDB:status_3\[149] = \Timer:TimerUDB:fifo_nempty\[150]
Removing Lhs of wire \Timer:TimerUDB:cs_addr_2\[152] = zero[32]
Removing Lhs of wire \Timer:TimerUDB:cs_addr_1\[153] = \Timer:TimerUDB:trig_reg\[141]
Removing Lhs of wire \Timer:TimerUDB:cs_addr_0\[154] = \Timer:TimerUDB:per_zero\[133]
Removing Lhs of wire tmpOE__led4_net_0[239] = one[37]
Removing Lhs of wire \Timer:TimerUDB:capture_last\\D\[244] = zero[32]
Removing Lhs of wire \Timer:TimerUDB:tc_reg_i\\D\[245] = \Timer:TimerUDB:status_tc\[131]
Removing Lhs of wire \Timer:TimerUDB:hwEnable_reg\\D\[246] = \Timer:TimerUDB:control_7\[109]
Removing Lhs of wire \Timer:TimerUDB:capture_out_reg_i\\D\[247] = \Timer:TimerUDB:capt_fifo_load\[127]

------------------------------------------------------
Aliased 0 equations, 35 wires.
------------------------------------------------------

----------------------------------------------------------
Circuit simplification
----------------------------------------------------------

Substituting virtuals - pass 1:

Note:  Expanding virtual equation for 'one' (cost = 0):
one <=  ('1') ;

Note:  Expanding virtual equation for 'zero' (cost = 0):
zero <=  ('0') ;

Note:  Expanding virtual equation for '\Timer:TimerUDB:fifo_load_polarized\' (cost = 0):
\Timer:TimerUDB:fifo_load_polarized\ <=  ('0') ;

Note:  Expanding virtual equation for '\Timer:TimerUDB:timer_enable\' (cost = 0):
\Timer:TimerUDB:timer_enable\ <= (\Timer:TimerUDB:control_7\);


Substituting virtuals - pass 2:


----------------------------------------------------------
Circuit simplification results:

	Expanded 4 signals.
	Turned 0 signals into soft nodes.
	Maximum default expansion cost was set at 3.
----------------------------------------------------------

------------------------------------------------------
Alias Detection
------------------------------------------------------
Aliasing \Timer:TimerUDB:capt_fifo_load\ to zero
Removing Lhs of wire \Timer:TimerUDB:capt_fifo_load\[127] = zero[32]
Removing Lhs of wire \Timer:TimerUDB:trig_reg\[141] = \Timer:TimerUDB:control_7\[109]

------------------------------------------------------
Aliased 0 equations, 2 wires.
------------------------------------------------------

----------------------------------------------------------
Circuit simplification
----------------------------------------------------------

Eliminating unused logic - pass 1:


Eliminating unused logic - pass 2:


Substituting virtuals - pass 1:


----------------------------------------------------------
Circuit simplification results:

	Expanded 0 signals.
	Turned 0 signals into soft nodes.
	Maximum default expansion cost was set at 3.
----------------------------------------------------------

topld:  No errors.

CYPRESS_DIR    : D:\Program Files\Cypress\PSoC Creator\3.3\PSoC Creator\warp
Warp Program   : D:\Program Files\Cypress\PSoC Creator\3.3\PSoC Creator\warp\bin/warp.exe
Warp Arguments : -yv2 -q10 -ygs -o2 -v3 -.fftcfgtype=LE -ya -.fftprj=D:\MyDocs\Documents\CE4950\Networking\Networking\USB_UART01\USB_UART01.cydsn\USB_UART01.cyprj -dcpsoc3 USB_UART01.v -verilog
</CYPRESSTAG>
Warp synthesis phase: Elapsed time ==> 0s.767ms
<CYPRESSTAG name="Fitter results...">
<CYPRESSTAG name="Fitter startup details...">
cyp3fit: V3.3.0.410, Family: PSoC3, Started at: Wednesday, 13 January 2016 10:26:35
Options: -yv2 -q10 -ygs -o2 -v3 -.fftcfgtype=LE -ya -.fftprj=D:\MyDocs\Documents\CE4950\Networking\Networking\USB_UART01\USB_UART01.cydsn\USB_UART01.cyprj -d CY8C5868AXI-LP035 USB_UART01.v -verilog
</CYPRESSTAG>
<CYPRESSTAG name="Design parsing">
Design parsing phase: Elapsed time ==> 0s.020ms
</CYPRESSTAG>
<CYPRESSTAG name="Tech mapping">
<CYPRESSTAG name="Initial Mapping" icon="FILE_RPT_TECHM">
    Converted constant MacroCell: \Timer:TimerUDB:capture_last\ from registered to combinatorial
    Converted constant MacroCell: \Timer:TimerUDB:capture_out_reg_i\ from registered to combinatorial
Assigning clock USBUART_1_Clock_vbus to clock BUS_CLK because it is a pass-through
Assigning clock timer_clock to clock BUS_CLK because it is a pass-through
<CYPRESSTAG name="Global Clock Selection" icon="FILE_RPT_TECHM">
</CYPRESSTAG>

Removing unused cells resulting from optimization
Done removing unused cells.
<CYPRESSTAG name="UDB Clock/Enable Remapping Results">
    UDB Clk/Enable \Timer:TimerUDB:clock_enable_block\: with output requested to be synchronous
        ClockIn: BUS_CLK was determined to be a global clock that is synchronous to BUS_CLK
        EnableIn: Constant 1 was determined to be synchronous to ClockIn
        ClockOut: BUS_CLK, EnableOut: Constant 1
    UDB Clk/Enable \Timer:TimerUDB:sCTRLReg:SyncCtl:cy_psoc3_udb_Ctl_Clk_Sync\: with output requested to be synchronous
        ClockIn: BUS_CLK was determined to be a global clock that is synchronous to BUS_CLK
        EnableIn: Constant 1 was determined to be synchronous to ClockIn
        ClockOut: BUS_CLK, EnableOut: Constant 1
</CYPRESSTAG>
ADD: pft.M0040: information: The following 2 pin(s) will be assigned a location by the fitter: \USBUART_1:Dm(0)\, \USBUART_1:Dp(0)\


Removing unused cells resulting from optimization
Done removing unused cells.
<CYPRESSTAG name="Duplicate Macrocell detection">
</CYPRESSTAG>
</CYPRESSTAG>
<CYPRESSTAG name="Duplicate Macrocell detection">
</CYPRESSTAG>
<CYPRESSTAG name="Design Equations" icon="FILE_RPT_EQUATION">

------------------------------------------------------------
Design Equations
------------------------------------------------------------
    <CYPRESSTAG name="Pin listing">

    ------------------------------------------------------------
    Pin listing
    ------------------------------------------------------------

    Pin : Name = \USBUART_1:Dm(0)\
        Attributes:
            In Group/Port: True
            In Sync Option: AUTO
            Out Sync Option: AUTO
            Interrupt generated: False
            Interrupt mode: NONE
            Drive mode: HI_Z_ANALOG
            VTrip: EITHER
            Slew: FAST
            Input Sync needed: False
            Output Sync needed: False
            SC shield enabled: False
            POR State: ANY
            LCD Mode: COMMON
            Register Mode: RegComb
            CaSense Mode: NEITHER
            Treat as pin: True
            Is OE Registered: False
            Uses Analog: True
            Can contain Digital: False
            Is SIO: False
            SIO Output Buf: NONREGULATED
            SIO Input Buf: SINGLE_ENDED
            SIO HiFreq: LOW
            SIO Hyst: DISABLED
            SIO Vtrip: MULTIPLIER_0_5
            SIO Multiplier Index: 0
            SIO RefSel: VCC_IO
            Required Capabilitites: USB_D_MINUS
            Initial Value: 0
            IO Voltage: 0
        PORT MAP (
            pa_out => \USBUART_1:Dm(0)\__PA ,
            analog_term => \USBUART_1:Net_597\ ,
            pad => \USBUART_1:Dm(0)_PAD\ );

    Pin : Name = \USBUART_1:Dp(0)\
        Attributes:
            In Group/Port: True
            In Sync Option: SYNC
            Out Sync Option: AUTO
            Interrupt generated: True
            Interrupt mode: FALLING
            Drive mode: HI_Z_ANALOG
            VTrip: CMOS
            Slew: FAST
            Input Sync needed: True
            Output Sync needed: False
            SC shield enabled: False
            POR State: ANY
            LCD Mode: COMMON
            Register Mode: RegComb
            CaSense Mode: NEITHER
            Treat as pin: False
            Is OE Registered: False
            Uses Analog: True
            Can contain Digital: True
            Is SIO: False
            SIO Output Buf: NONREGULATED
            SIO Input Buf: SINGLE_ENDED
            SIO HiFreq: LOW
            SIO Hyst: DISABLED
            SIO Vtrip: MULTIPLIER_0_5
            SIO Multiplier Index: 0
            SIO RefSel: VCC_IO
            Required Capabilitites: USB_D_PLUS
            Initial Value: 0
            IO Voltage: 0
        PORT MAP (
            pa_out => \USBUART_1:Dp(0)\__PA ,
            analog_term => \USBUART_1:Net_1000\ ,
            pad => \USBUART_1:Dp(0)_PAD\ );

    Pin : Name = \LCD:LCDPort(0)\
        Attributes:
            In Group/Port: True
            In Sync Option: AUTO
            Out Sync Option: NOSYNC
            Interrupt generated: False
            Interrupt mode: NONE
            Drive mode: CMOS_OUT
            VTrip: EITHER
            Slew: FAST
            Input Sync needed: False
            Output Sync needed: False
            SC shield enabled: False
            POR State: ANY
            LCD Mode: COMMON
            Register Mode: RegComb
            CaSense Mode: NEITHER
            Treat as pin: False
            Is OE Registered: False
            Uses Analog: False
            Can contain Digital: True
            Is SIO: False
            SIO Output Buf: NONREGULATED
            SIO Input Buf: SINGLE_ENDED
            SIO HiFreq: LOW
            SIO Hyst: DISABLED
            SIO Vtrip: MULTIPLIER_0_5
            SIO Multiplier Index: 0
            SIO RefSel: VCC_IO
            Required Capabilitites: DIGITAL
            Initial Value: 0
            IO Voltage: 0
        PORT MAP (
            pa_out => \LCD:LCDPort(0)\__PA ,
            pad => \LCD:LCDPort(0)_PAD\ );
        Properties:
        {
        }

    Pin : Name = \LCD:LCDPort(1)\
        Attributes:
            In Group/Port: True
            In Sync Option: AUTO
            Out Sync Option: NOSYNC
            Interrupt generated: False
            Interrupt mode: NONE
            Drive mode: CMOS_OUT
            VTrip: EITHER
            Slew: FAST
            Input Sync needed: False
            Output Sync needed: False
            SC shield enabled: False
            POR State: ANY
            LCD Mode: COMMON
            Register Mode: RegComb
            CaSense Mode: NEITHER
            Treat as pin: False
            Is OE Registered: False
            Uses Analog: False
            Can contain Digital: True
            Is SIO: False
            SIO Output Buf: NONREGULATED
            SIO Input Buf: SINGLE_ENDED
            SIO HiFreq: LOW
            SIO Hyst: DISABLED
            SIO Vtrip: MULTIPLIER_0_5
            SIO Multiplier Index: 0
            SIO RefSel: VCC_IO
            Required Capabilitites: DIGITAL
            Initial Value: 0
            IO Voltage: 0
        PORT MAP (
            pa_out => \LCD:LCDPort(1)\__PA ,
            pad => \LCD:LCDPort(1)_PAD\ );
        Properties:
        {
        }

    Pin : Name = \LCD:LCDPort(2)\
        Attributes:
            In Group/Port: True
            In Sync Option: AUTO
            Out Sync Option: NOSYNC
            Interrupt generated: False
            Interrupt mode: NONE
            Drive mode: CMOS_OUT
            VTrip: EITHER
            Slew: FAST
            Input Sync needed: False
            Output Sync needed: False
            SC shield enabled: False
            POR State: ANY
            LCD Mode: COMMON
            Register Mode: RegComb
            CaSense Mode: NEITHER
            Treat as pin: False
            Is OE Registered: False
            Uses Analog: False
            Can contain Digital: True
            Is SIO: False
            SIO Output Buf: NONREGULATED
            SIO Input Buf: SINGLE_ENDED
            SIO HiFreq: LOW
            SIO Hyst: DISABLED
            SIO Vtrip: MULTIPLIER_0_5
            SIO Multiplier Index: 0
            SIO RefSel: VCC_IO
            Required Capabilitites: DIGITAL
            Initial Value: 0
            IO Voltage: 0
        PORT MAP (
            pa_out => \LCD:LCDPort(2)\__PA ,
            pad => \LCD:LCDPort(2)_PAD\ );
        Properties:
        {
        }

    Pin : Name = \LCD:LCDPort(3)\
        Attributes:
            In Group/Port: True
            In Sync Option: AUTO
            Out Sync Option: NOSYNC
            Interrupt generated: False
            Interrupt mode: NONE
            Drive mode: CMOS_OUT
            VTrip: EITHER
            Slew: FAST
            Input Sync needed: False
            Output Sync needed: False
            SC shield enabled: False
            POR State: ANY
            LCD Mode: COMMON
            Register Mode: RegComb
            CaSense Mode: NEITHER
            Treat as pin: False
            Is OE Registered: False
            Uses Analog: False
            Can contain Digital: True
            Is SIO: False
            SIO Output Buf: NONREGULATED
            SIO Input Buf: SINGLE_ENDED
            SIO HiFreq: LOW
            SIO Hyst: DISABLED
            SIO Vtrip: MULTIPLIER_0_5
            SIO Multiplier Index: 0
            SIO RefSel: VCC_IO
            Required Capabilitites: DIGITAL
            Initial Value: 0
            IO Voltage: 0
        PORT MAP (
            pa_out => \LCD:LCDPort(3)\__PA ,
            pad => \LCD:LCDPort(3)_PAD\ );
        Properties:
        {
        }

    Pin : Name = \LCD:LCDPort(4)\
        Attributes:
            In Group/Port: True
            In Sync Option: AUTO
            Out Sync Option: NOSYNC
            Interrupt generated: False
            Interrupt mode: NONE
            Drive mode: CMOS_OUT
            VTrip: EITHER
            Slew: FAST
            Input Sync needed: False
            Output Sync needed: False
            SC shield enabled: False
            POR State: ANY
            LCD Mode: COMMON
            Register Mode: RegComb
            CaSense Mode: NEITHER
            Treat as pin: False
            Is OE Registered: False
            Uses Analog: False
            Can contain Digital: True
            Is SIO: False
            SIO Output Buf: NONREGULATED
            SIO Input Buf: SINGLE_ENDED
            SIO HiFreq: LOW
            SIO Hyst: DISABLED
            SIO Vtrip: MULTIPLIER_0_5
            SIO Multiplier Index: 0
            SIO RefSel: VCC_IO
            Required Capabilitites: DIGITAL
            Initial Value: 0
            IO Voltage: 0
        PORT MAP (
            pa_out => \LCD:LCDPort(4)\__PA ,
            pad => \LCD:LCDPort(4)_PAD\ );
        Properties:
        {
        }

    Pin : Name = \LCD:LCDPort(5)\
        Attributes:
            In Group/Port: True
            In Sync Option: AUTO
            Out Sync Option: NOSYNC
            Interrupt generated: False
            Interrupt mode: NONE
            Drive mode: CMOS_OUT
            VTrip: EITHER
            Slew: FAST
            Input Sync needed: False
            Output Sync needed: False
            SC shield enabled: False
            POR State: ANY
            LCD Mode: COMMON
            Register Mode: RegComb
            CaSense Mode: NEITHER
            Treat as pin: False
            Is OE Registered: False
            Uses Analog: False
            Can contain Digital: True
            Is SIO: False
            SIO Output Buf: NONREGULATED
            SIO Input Buf: SINGLE_ENDED
            SIO HiFreq: LOW
            SIO Hyst: DISABLED
            SIO Vtrip: MULTIPLIER_0_5
            SIO Multiplier Index: 0
            SIO RefSel: VCC_IO
            Required Capabilitites: DIGITAL
            Initial Value: 0
            IO Voltage: 0
        PORT MAP (
            pa_out => \LCD:LCDPort(5)\__PA ,
            pad => \LCD:LCDPort(5)_PAD\ );
        Properties:
        {
        }

    Pin : Name = \LCD:LCDPort(6)\
        Attributes:
            In Group/Port: True
            In Sync Option: AUTO
            Out Sync Option: NOSYNC
            Interrupt generated: False
            Interrupt mode: NONE
            Drive mode: CMOS_OUT
            VTrip: EITHER
            Slew: FAST
            Input Sync needed: False
            Output Sync needed: False
            SC shield enabled: False
            POR State: ANY
            LCD Mode: COMMON
            Register Mode: RegComb
            CaSense Mode: NEITHER
            Treat as pin: False
            Is OE Registered: False
            Uses Analog: False
            Can contain Digital: True
            Is SIO: False
            SIO Output Buf: NONREGULATED
            SIO Input Buf: SINGLE_ENDED
            SIO HiFreq: LOW
            SIO Hyst: DISABLED
            SIO Vtrip: MULTIPLIER_0_5
            SIO Multiplier Index: 0
            SIO RefSel: VCC_IO
            Required Capabilitites: DIGITAL
            Initial Value: 0
            IO Voltage: 0
        PORT MAP (
            pa_out => \LCD:LCDPort(6)\__PA ,
            pad => \LCD:LCDPort(6)_PAD\ );
        Properties:
        {
        }

    Pin : Name = TX_pin(0)
        Attributes:
            In Group/Port: True
            In Sync Option: AUTO
            Out Sync Option: NOSYNC
            Interrupt generated: False
            Interrupt mode: NONE
            Drive mode: CMOS_OUT
            VTrip: EITHER
            Slew: FAST
            Input Sync needed: False
            Output Sync needed: False
            SC shield enabled: False
            POR State: ANY
            LCD Mode: COMMON
            Register Mode: RegComb
            CaSense Mode: NEITHER
            Treat as pin: True
            Is OE Registered: False
            Uses Analog: False
            Can contain Digital: True
            Is SIO: False
            SIO Output Buf: NONREGULATED
            SIO Input Buf: SINGLE_ENDED
            SIO HiFreq: LOW
            SIO Hyst: DISABLED
            SIO Vtrip: MULTIPLIER_0_5
            SIO Multiplier Index: 0
            SIO RefSel: VCC_IO
            Required Capabilitites: DIGITAL
            Initial Value: 1
            IO Voltage: 0
        PORT MAP (
            pa_out => TX_pin(0)__PA ,
            pad => TX_pin(0)_PAD );
        Properties:
        {
        }

    Pin : Name = led4(0)
        Attributes:
            In Group/Port: True
            In Sync Option: AUTO
            Out Sync Option: NOSYNC
            Interrupt generated: False
            Interrupt mode: NONE
            Drive mode: CMOS_OUT
            VTrip: EITHER
            Slew: FAST
            Input Sync needed: False
            Output Sync needed: False
            SC shield enabled: False
            POR State: ANY
            LCD Mode: COMMON
            Register Mode: RegComb
            CaSense Mode: NEITHER
            Treat as pin: True
            Is OE Registered: False
            Uses Analog: False
            Can contain Digital: True
            Is SIO: False
            SIO Output Buf: NONREGULATED
            SIO Input Buf: SINGLE_ENDED
            SIO HiFreq: LOW
            SIO Hyst: DISABLED
            SIO Vtrip: MULTIPLIER_0_5
            SIO Multiplier Index: 0
            SIO RefSel: VCC_IO
            Required Capabilitites: DIGITAL
            Initial Value: 0
            IO Voltage: 0
        PORT MAP (
            pa_out => led4(0)__PA ,
            pad => led4(0)_PAD );
        Properties:
        {
        }
    </CYPRESSTAG>
    <CYPRESSTAG name="Macrocell listing" icon="FILE_RPT_EQUATION">

    ------------------------------------------------------------
    Macrocell listing
    ------------------------------------------------------------

    MacroCell: Name=\Timer:TimerUDB:status_tc\, Mode=(Combinatorial)
        Total # of inputs        : 2
        Total # of product terms : 1
            Clock Enable: True
        Main Equation            : 1 pterm
        (
              \Timer:TimerUDB:control_7\ * \Timer:TimerUDB:per_zero\
        );
        Output = \Timer:TimerUDB:status_tc\ (fanout=1)
    </CYPRESSTAG>
    <CYPRESSTAG name="Datapath listing">

    ------------------------------------------------------------
    Datapath listing
    ------------------------------------------------------------

    datapathcell: Name =\Timer:TimerUDB:sT16:timerdp:u0\
        PORT MAP (
            clock => ClockBlock_BUS_CLK ,
            cs_addr_1 => \Timer:TimerUDB:control_7\ ,
            cs_addr_0 => \Timer:TimerUDB:per_zero\ ,
            chain_out => \Timer:TimerUDB:sT16:timerdp:carry\ );
        Properties:
        {
            a0_init = "00000000"
            a1_init = "00000000"
            ce0_sync = 1
            ce1_sync = 1
            cl0_sync = 1
            cl1_sync = 1
            cmsb_sync = 1
            co_msb_sync = 1
            cy_dpconfig = "0000000001000000000000000100000001000000010000000000000010000000000000001000000000000000100000000000000010000000000000001000000011111111000000001111111111111111000000000000000000000001000000000000000000011000"
            d0_init = "00000000"
            d1_init = "00000000"
            f0_blk_sync = 1
            f0_bus_sync = 1
            f1_blk_sync = 1
            f1_bus_sync = 1
            ff0_sync = 1
            ff1_sync = 1
            ov_msb_sync = 1
            so_sync = 1
            z0_sync = 1
            z1_sync = 1
        }
        Clock Polarity: Active High
        Clock Enable: True
        Next in chain : \Timer:TimerUDB:sT16:timerdp:u1\

    datapathcell: Name =\Timer:TimerUDB:sT16:timerdp:u1\
        PORT MAP (
            clock => ClockBlock_BUS_CLK ,
            cs_addr_1 => \Timer:TimerUDB:control_7\ ,
            cs_addr_0 => \Timer:TimerUDB:per_zero\ ,
            z0_comb => \Timer:TimerUDB:per_zero\ ,
            f0_bus_stat_comb => \Timer:TimerUDB:status_3\ ,
            f0_blk_stat_comb => \Timer:TimerUDB:status_2\ ,
            chain_in => \Timer:TimerUDB:sT16:timerdp:carry\ );
        Properties:
        {
            a0_init = "00000000"
            a1_init = "00000000"
            ce0_sync = 1
            ce1_sync = 1
            cl0_sync = 1
            cl1_sync = 1
            cmsb_sync = 1
            co_msb_sync = 1
            cy_dpconfig = "0000000001000000000000000100000001000000010000000000000010000000000000001000000000000000100000000000000010000000000000001000000011111111000000001111111111111111100000110000000000000001000000110000000000011000"
            d0_init = "00000000"
            d1_init = "00000000"
            f0_blk_sync = 1
            f0_bus_sync = 1
            f1_blk_sync = 1
            f1_bus_sync = 1
            ff0_sync = 1
            ff1_sync = 1
            ov_msb_sync = 1
            so_sync = 1
            z0_sync = 1
            z1_sync = 1
        }
        Clock Polarity: Active High
        Clock Enable: True
        Previous in chain : \Timer:TimerUDB:sT16:timerdp:u0\
    </CYPRESSTAG>
    <CYPRESSTAG name="Status register listing">
    </CYPRESSTAG>
    <CYPRESSTAG name="StatusI register listing">

    ------------------------------------------------------------
    StatusI register listing
    ------------------------------------------------------------

    statusicell: Name =\Timer:TimerUDB:rstSts:stsreg\
        PORT MAP (
            clock => ClockBlock_BUS_CLK ,
            status_3 => \Timer:TimerUDB:status_3\ ,
            status_2 => \Timer:TimerUDB:status_2\ ,
            status_0 => \Timer:TimerUDB:status_tc\ ,
            interrupt => Net_81 );
        Properties:
        {
            cy_force_order = 1
            cy_int_mask = "1111111"
            cy_md_select = "0000011"
        }
        Clock Polarity: Active High
        Clock Enable: True
    </CYPRESSTAG>
    <CYPRESSTAG name="Sync listing">
    </CYPRESSTAG>
    <CYPRESSTAG name="Control register listing">

    ------------------------------------------------------------
    Control register listing
    ------------------------------------------------------------

    controlcell: Name =\Timer:TimerUDB:sCTRLReg:SyncCtl:ctrlreg\
        PORT MAP (
            clock => ClockBlock_BUS_CLK ,
            control_7 => \Timer:TimerUDB:control_7\ ,
            control_6 => \Timer:TimerUDB:control_6\ ,
            control_5 => \Timer:TimerUDB:control_5\ ,
            control_4 => \Timer:TimerUDB:control_4\ ,
            control_3 => \Timer:TimerUDB:control_3\ ,
            control_2 => \Timer:TimerUDB:control_2\ ,
            control_1 => \Timer:TimerUDB:control_1\ ,
            control_0 => \Timer:TimerUDB:control_0\ );
        Properties:
        {
            cy_ctrl_mode_0 = "11111111"
            cy_ctrl_mode_1 = "00000000"
            cy_ext_reset = 0
            cy_force_order = 1
            cy_init_value = "00000000"
        }
        Clock Polarity: Active High
        Clock Enable: True
    </CYPRESSTAG>
    <CYPRESSTAG name="Count7 listing">
    </CYPRESSTAG>
    <CYPRESSTAG name="DRQ listing">
    </CYPRESSTAG>
    <CYPRESSTAG name="Interrupt listing">

    ------------------------------------------------------------
    Interrupt listing
    ------------------------------------------------------------

    interrupt: Name =\USBUART_1:ep_0\
        PORT MAP (
            interrupt => \USBUART_1:ept_int_0\ );
        Properties:
        {
            int_type = "10"
        }

    interrupt: Name =\USBUART_1:bus_reset\
        PORT MAP (
            interrupt => \USBUART_1:Net_81\ );
        Properties:
        {
            int_type = "10"
        }

    interrupt: Name =\USBUART_1:arb_int\
        PORT MAP (
            interrupt => \USBUART_1:Net_79\ );
        Properties:
        {
            int_type = "10"
        }

    interrupt: Name =\USBUART_1:ep_2\
        PORT MAP (
            interrupt => \USBUART_1:ept_int_2\ );
        Properties:
        {
            int_type = "10"
        }

    interrupt: Name =\USBUART_1:ep_1\
        PORT MAP (
            interrupt => \USBUART_1:ept_int_1\ );
        Properties:
        {
            int_type = "10"
        }

    interrupt: Name =\USBUART_1:dp_int\
        PORT MAP (
            interrupt => \USBUART_1:Net_1010\ );
        Properties:
        {
            int_type = "10"
        }

    interrupt: Name =\USBUART_1:ord_int\
        PORT MAP (
            interrupt => \USBUART_1:Net_95\ );
        Properties:
        {
            int_type = "10"
        }

    interrupt: Name =\USBUART_1:ep_3\
        PORT MAP (
            interrupt => \USBUART_1:ept_int_3\ );
        Properties:
        {
            int_type = "10"
        }

    interrupt: Name =\USBUART_1:sof_int\
        PORT MAP (
            interrupt => Net_61 );
        Properties:
        {
            int_type = "10"
        }

    interrupt: Name =TimerISR
        PORT MAP (
            interrupt => Net_81 );
        Properties:
        {
            int_type = "10"
        }
    </CYPRESSTAG>
</CYPRESSTAG>
<CYPRESSTAG name="Technology mapping summary" expanded>

------------------------------------------------------------
Technology mapping summary
------------------------------------------------------------

Resource Type                 : Used : Free :  Max :  % Used
============================================================
Digital Clocks                :    0 :    8 :    8 :  0.00 %
Analog Clocks                 :    0 :    4 :    4 :  0.00 %
CapSense Buffers              :    0 :    2 :    2 :  0.00 %
Digital Filter Block          :    0 :    1 :    1 :  0.00 %
Interrupts                    :   10 :   22 :   32 : 31.25 %
IO                            :   15 :   57 :   72 : 20.83 %
Segment LCD                   :    0 :    1 :    1 :  0.00 %
CAN 2.0b                      :    0 :    1 :    1 :  0.00 %
I2C                           :    0 :    1 :    1 :  0.00 %
USB                           :    1 :    0 :    1 : 100.00 %
DMA Channels                  :    0 :   24 :   24 :  0.00 %
Timer                         :    0 :    4 :    4 :  0.00 %
UDB                           :      :      :      :        
  Macrocells                  :    1 :  191 :  192 :  0.52 %
  Unique P-terms              :    1 :  383 :  384 :  0.26 %
  Total P-terms               :    1 :      :      :        
  Datapath Cells              :    2 :   22 :   24 :  8.33 %
  Status Cells                :    1 :   23 :   24 :  4.17 %
    StatusI Registers         :    1 :      :      :        
  Control Cells               :    1 :   23 :   24 :  4.17 %
    Control Registers         :    1 :      :      :        
Opamp                         :    0 :    4 :    4 :  0.00 %
Comparator                    :    0 :    4 :    4 :  0.00 %
Delta-Sigma ADC               :    0 :    1 :    1 :  0.00 %
LPF                           :    0 :    2 :    2 :  0.00 %
SAR ADC                       :    0 :    2 :    2 :  0.00 %
Analog (SC/CT) Blocks         :    0 :    4 :    4 :  0.00 %
DAC                           :      :      :      :        
  VIDAC                       :    0 :    4 :    4 :  0.00 %
</CYPRESSTAG>
Technology Mapping: Elapsed time ==> 0s.012ms
Tech mapping phase: Elapsed time ==> 0s.131ms
</CYPRESSTAG>
<CYPRESSTAG name="Analog Placement">
Initial Analog Placement Results:
IO_4@[IOP=(12)][IoId=(4)] : TX_pin(0) (fixed)
IO_0@[IOP=(2)][IoId=(0)] : \LCD:LCDPort(0)\ (fixed)
IO_1@[IOP=(2)][IoId=(1)] : \LCD:LCDPort(1)\ (fixed)
IO_2@[IOP=(2)][IoId=(2)] : \LCD:LCDPort(2)\ (fixed)
IO_3@[IOP=(2)][IoId=(3)] : \LCD:LCDPort(3)\ (fixed)
IO_4@[IOP=(2)][IoId=(4)] : \LCD:LCDPort(4)\ (fixed)
IO_5@[IOP=(2)][IoId=(5)] : \LCD:LCDPort(5)\ (fixed)
IO_6@[IOP=(2)][IoId=(6)] : \LCD:LCDPort(6)\ (fixed)
IO_3@[IOP=(6)][IoId=(3)] : led4(0) (fixed)
IO_7@[IOP=(15)][IoId=(7)] : \USBUART_1:Dm(0)\ (fixed)
IO_6@[IOP=(15)][IoId=(6)] : \USBUART_1:Dp(0)\ (fixed)
USB[0]@[FFB(USB,0)] : \USBUART_1:USB\
Analog Placement phase: Elapsed time ==> 0s.039ms
</CYPRESSTAG>
<CYPRESSTAG name="Analog Routing">
Analog Routing phase: Elapsed time ==> 0s.000ms
</CYPRESSTAG>
<CYPRESSTAG name="Analog Code Generation">
============ Analog Final Answer Routes ============
Dump of CyAnalogRoutingResultsDB
Map of net to items {
}
Map of item to net {
}
Mux Info {
}
Dump of CyP35AnalogRoutingResultsDB
IsVddaHalfUsedForComp = False
IsVddaHalfUsedForSar0 = False
IsVddaHalfUsedForSar1 = False
Analog Code Generation phase: Elapsed time ==> 0s.551ms
</CYPRESSTAG>
<CYPRESSTAG name="Digital Placement">
<CYPRESSTAG name="Detailed placement messages">
I2076: Total run-time: 0.7 sec.

</CYPRESSTAG>
<CYPRESSTAG name="PLD Packing">
<CYPRESSTAG name="PLD Packing Summary" expanded>

------------------------------------------------------------
PLD Packing Summary
------------------------------------------------------------
            Resource Type : Used : Free :  Max :  % Used
    ====================================================
                     PLDs :    1 :   47 :   48 :   2.08%

<CYPRESSTAG name="PLD Statistics">

        PLD Resource Type :     Average/LAB
    =======================================
                   Inputs :            2.00
                   Pterms :            1.00
               Macrocells :            1.00
</CYPRESSTAG>
<CYPRESSTAG name="Packed PLD Contents">
Packed PLD Contents not displayed at this verbose level.</CYPRESSTAG>
</CYPRESSTAG>
PLD Packing: Elapsed time ==> 0s.000ms
</CYPRESSTAG>
<CYPRESSTAG name="Partitioning">
<CYPRESSTAG name="Initial Partitioning Summary">
Initial Partitioning Summary not displayed at this verbose level.</CYPRESSTAG>
<CYPRESSTAG name="Final Partitioning Summary">
Final Partitioning Summary not displayed at this verbose level.</CYPRESSTAG>
Partitioning: Elapsed time ==> 0s.026ms
</CYPRESSTAG>
<CYPRESSTAG name="Simulated Annealing">
Annealing: Elapsed time ==> 0s.001ms
<CYPRESSTAG name="Simulated Annealing Results">
The seed used for moves was 114161200.
Inital cost was 195, final cost is 195 (0.00% improvement).</CYPRESSTAG>
</CYPRESSTAG>
<CYPRESSTAG name="Final Placement Summary">

------------------------------------------------------------
Final Placement Summary
------------------------------------------------------------

       Resource Type :      Count : Avg Inputs : Avg Outputs
    ========================================================
                 UDB :          2 :       1.00 :       0.50
<CYPRESSTAG name="Final Placement Details">
<CYPRESSTAG name="Component Details">

------------------------------------------------------------
Component Placement Details
------------------------------------------------------------
UDB [UDB=(0,0)] is empty.
UDB [UDB=(0,1)] is empty.
UDB [UDB=(0,2)] is empty.
UDB [UDB=(0,3)] contents:
datapathcell: Name =\Timer:TimerUDB:sT16:timerdp:u0\
    PORT MAP (
        clock => ClockBlock_BUS_CLK ,
        cs_addr_1 => \Timer:TimerUDB:control_7\ ,
        cs_addr_0 => \Timer:TimerUDB:per_zero\ ,
        chain_out => \Timer:TimerUDB:sT16:timerdp:carry\ );
    Properties:
    {
        a0_init = "00000000"
        a1_init = "00000000"
        ce0_sync = 1
        ce1_sync = 1
        cl0_sync = 1
        cl1_sync = 1
        cmsb_sync = 1
        co_msb_sync = 1
        cy_dpconfig = "0000000001000000000000000100000001000000010000000000000010000000000000001000000000000000100000000000000010000000000000001000000011111111000000001111111111111111000000000000000000000001000000000000000000011000"
        d0_init = "00000000"
        d1_init = "00000000"
        f0_blk_sync = 1
        f0_bus_sync = 1
        f1_blk_sync = 1
        f1_bus_sync = 1
        ff0_sync = 1
        ff1_sync = 1
        ov_msb_sync = 1
        so_sync = 1
        z0_sync = 1
        z1_sync = 1
    }
    Clock Polarity: Active High
    Clock Enable: True
    Next in chain : \Timer:TimerUDB:sT16:timerdp:u1\

UDB [UDB=(0,4)] is empty.
UDB [UDB=(0,5)] is empty.
UDB [UDB=(1,0)] is empty.
UDB [UDB=(1,1)] is empty.
UDB [UDB=(1,2)] is empty.
UDB [UDB=(1,3)] contents:
LAB@[UDB=(1,3)][LB=0] #macrocells=1, #inputs=2, #pterms=1
{
    [McSlotId=0]:     MacroCell: Name=\Timer:TimerUDB:status_tc\, Mode=(Combinatorial) @ [UDB=(1,3)][LB=0][MC=0]
        Total # of inputs        : 2
        Total # of product terms : 1
            Clock Enable: True
        Main Equation            : 1 pterm
        (
              \Timer:TimerUDB:control_7\ * \Timer:TimerUDB:per_zero\
        );
        Output = \Timer:TimerUDB:status_tc\ (fanout=1)
        Properties               : 
        {
        }

    [McSlotId=1]: (empty)
    [McSlotId=2]: (empty)
    [McSlotId=3]: (empty)
}

datapathcell: Name =\Timer:TimerUDB:sT16:timerdp:u1\
    PORT MAP (
        clock => ClockBlock_BUS_CLK ,
        cs_addr_1 => \Timer:TimerUDB:control_7\ ,
        cs_addr_0 => \Timer:TimerUDB:per_zero\ ,
        z0_comb => \Timer:TimerUDB:per_zero\ ,
        f0_bus_stat_comb => \Timer:TimerUDB:status_3\ ,
        f0_blk_stat_comb => \Timer:TimerUDB:status_2\ ,
        chain_in => \Timer:TimerUDB:sT16:timerdp:carry\ );
    Properties:
    {
        a0_init = "00000000"
        a1_init = "00000000"
        ce0_sync = 1
        ce1_sync = 1
        cl0_sync = 1
        cl1_sync = 1
        cmsb_sync = 1
        co_msb_sync = 1
        cy_dpconfig = "0000000001000000000000000100000001000000010000000000000010000000000000001000000000000000100000000000000010000000000000001000000011111111000000001111111111111111100000110000000000000001000000110000000000011000"
        d0_init = "00000000"
        d1_init = "00000000"
        f0_blk_sync = 1
        f0_bus_sync = 1
        f1_blk_sync = 1
        f1_bus_sync = 1
        ff0_sync = 1
        ff1_sync = 1
        ov_msb_sync = 1
        so_sync = 1
        z0_sync = 1
        z1_sync = 1
    }
    Clock Polarity: Active High
    Clock Enable: True
    Previous in chain : \Timer:TimerUDB:sT16:timerdp:u0\

statusicell: Name =\Timer:TimerUDB:rstSts:stsreg\
    PORT MAP (
        clock => ClockBlock_BUS_CLK ,
        status_3 => \Timer:TimerUDB:status_3\ ,
        status_2 => \Timer:TimerUDB:status_2\ ,
        status_0 => \Timer:TimerUDB:status_tc\ ,
        interrupt => Net_81 );
    Properties:
    {
        cy_force_order = 1
        cy_int_mask = "1111111"
        cy_md_select = "0000011"
    }
    Clock Polarity: Active High
    Clock Enable: True

controlcell: Name =\Timer:TimerUDB:sCTRLReg:SyncCtl:ctrlreg\
    PORT MAP (
        clock => ClockBlock_BUS_CLK ,
        control_7 => \Timer:TimerUDB:control_7\ ,
        control_6 => \Timer:TimerUDB:control_6\ ,
        control_5 => \Timer:TimerUDB:control_5\ ,
        control_4 => \Timer:TimerUDB:control_4\ ,
        control_3 => \Timer:TimerUDB:control_3\ ,
        control_2 => \Timer:TimerUDB:control_2\ ,
        control_1 => \Timer:TimerUDB:control_1\ ,
        control_0 => \Timer:TimerUDB:control_0\ );
    Properties:
    {
        cy_ctrl_mode_0 = "11111111"
        cy_ctrl_mode_1 = "00000000"
        cy_ext_reset = 0
        cy_force_order = 1
        cy_init_value = "00000000"
    }
    Clock Polarity: Active High
    Clock Enable: True

UDB [UDB=(1,4)] is empty.
UDB [UDB=(1,5)] is empty.
UDB [UDB=(2,0)] is empty.
UDB [UDB=(2,1)] is empty.
UDB [UDB=(2,2)] is empty.
UDB [UDB=(2,3)] is empty.
UDB [UDB=(2,4)] is empty.
UDB [UDB=(2,5)] is empty.
UDB [UDB=(3,0)] is empty.
UDB [UDB=(3,1)] is empty.
UDB [UDB=(3,2)] is empty.
UDB [UDB=(3,3)] is empty.
UDB [UDB=(3,4)] is empty.
UDB [UDB=(3,5)] is empty.
Intr container @ [IntrContainer=(0)]: 
  Intr@ [IntrContainer=(0)][IntrId=(0)] 
    interrupt: Name =TimerISR
        PORT MAP (
            interrupt => Net_81 );
        Properties:
        {
            int_type = "10"
        }
  Intr@ [IntrContainer=(0)][IntrId=(1)] 
    interrupt: Name =\USBUART_1:ep_1\
        PORT MAP (
            interrupt => \USBUART_1:ept_int_1\ );
        Properties:
        {
            int_type = "10"
        }
  Intr@ [IntrContainer=(0)][IntrId=(2)] 
    interrupt: Name =\USBUART_1:ep_2\
        PORT MAP (
            interrupt => \USBUART_1:ept_int_2\ );
        Properties:
        {
            int_type = "10"
        }
  Intr@ [IntrContainer=(0)][IntrId=(3)] 
    interrupt: Name =\USBUART_1:ep_3\
        PORT MAP (
            interrupt => \USBUART_1:ept_int_3\ );
        Properties:
        {
            int_type = "10"
        }
  Intr@ [IntrContainer=(0)][IntrId=(12)] 
    interrupt: Name =\USBUART_1:dp_int\
        PORT MAP (
            interrupt => \USBUART_1:Net_1010\ );
        Properties:
        {
            int_type = "10"
        }
  Intr@ [IntrContainer=(0)][IntrId=(21)] 
    interrupt: Name =\USBUART_1:sof_int\
        PORT MAP (
            interrupt => Net_61 );
        Properties:
        {
            int_type = "10"
        }
  Intr@ [IntrContainer=(0)][IntrId=(22)] 
    interrupt: Name =\USBUART_1:arb_int\
        PORT MAP (
            interrupt => \USBUART_1:Net_79\ );
        Properties:
        {
            int_type = "10"
        }
  Intr@ [IntrContainer=(0)][IntrId=(23)] 
    interrupt: Name =\USBUART_1:bus_reset\
        PORT MAP (
            interrupt => \USBUART_1:Net_81\ );
        Properties:
        {
            int_type = "10"
        }
  Intr@ [IntrContainer=(0)][IntrId=(24)] 
    interrupt: Name =\USBUART_1:ep_0\
        PORT MAP (
            interrupt => \USBUART_1:ept_int_0\ );
        Properties:
        {
            int_type = "10"
        }
  Intr@ [IntrContainer=(0)][IntrId=(25)] 
    interrupt: Name =\USBUART_1:ord_int\
        PORT MAP (
            interrupt => \USBUART_1:Net_95\ );
        Properties:
        {
            int_type = "10"
        }
Drq container @ [DrqContainer=(0)]: empty
Port 0 is empty
Port 1 is empty
Port 2 contains the following IO cells:
[IoId=0]: 
Pin : Name = \LCD:LCDPort(0)\
    Attributes:
        In Group/Port: True
        In Sync Option: AUTO
        Out Sync Option: NOSYNC
        Interrupt generated: False
        Interrupt mode: NONE
        Drive mode: CMOS_OUT
        VTrip: EITHER
        Slew: FAST
        Input Sync needed: False
        Output Sync needed: False
        SC shield enabled: False
        POR State: ANY
        LCD Mode: COMMON
        Register Mode: RegComb
        CaSense Mode: NEITHER
        Treat as pin: False
        Is OE Registered: False
        Uses Analog: False
        Can contain Digital: True
        Is SIO: False
        SIO Output Buf: NONREGULATED
        SIO Input Buf: SINGLE_ENDED
        SIO HiFreq: LOW
        SIO Hyst: DISABLED
        SIO Vtrip: MULTIPLIER_0_5
        SIO Multiplier Index: 0
        SIO RefSel: VCC_IO
        Required Capabilitites: DIGITAL
        Initial Value: 0
        IO Voltage: 0
    PORT MAP (
        pa_out => \LCD:LCDPort(0)\__PA ,
        pad => \LCD:LCDPort(0)_PAD\ );
    Properties:
    {
    }

[IoId=1]: 
Pin : Name = \LCD:LCDPort(1)\
    Attributes:
        In Group/Port: True
        In Sync Option: AUTO
        Out Sync Option: NOSYNC
        Interrupt generated: False
        Interrupt mode: NONE
        Drive mode: CMOS_OUT
        VTrip: EITHER
        Slew: FAST
        Input Sync needed: False
        Output Sync needed: False
        SC shield enabled: False
        POR State: ANY
        LCD Mode: COMMON
        Register Mode: RegComb
        CaSense Mode: NEITHER
        Treat as pin: False
        Is OE Registered: False
        Uses Analog: False
        Can contain Digital: True
        Is SIO: False
        SIO Output Buf: NONREGULATED
        SIO Input Buf: SINGLE_ENDED
        SIO HiFreq: LOW
        SIO Hyst: DISABLED
        SIO Vtrip: MULTIPLIER_0_5
        SIO Multiplier Index: 0
        SIO RefSel: VCC_IO
        Required Capabilitites: DIGITAL
        Initial Value: 0
        IO Voltage: 0
    PORT MAP (
        pa_out => \LCD:LCDPort(1)\__PA ,
        pad => \LCD:LCDPort(1)_PAD\ );
    Properties:
    {
    }

[IoId=2]: 
Pin : Name = \LCD:LCDPort(2)\
    Attributes:
        In Group/Port: True
        In Sync Option: AUTO
        Out Sync Option: NOSYNC
        Interrupt generated: False
        Interrupt mode: NONE
        Drive mode: CMOS_OUT
        VTrip: EITHER
        Slew: FAST
        Input Sync needed: False
        Output Sync needed: False
        SC shield enabled: False
        POR State: ANY
        LCD Mode: COMMON
        Register Mode: RegComb
        CaSense Mode: NEITHER
        Treat as pin: False
        Is OE Registered: False
        Uses Analog: False
        Can contain Digital: True
        Is SIO: False
        SIO Output Buf: NONREGULATED
        SIO Input Buf: SINGLE_ENDED
        SIO HiFreq: LOW
        SIO Hyst: DISABLED
        SIO Vtrip: MULTIPLIER_0_5
        SIO Multiplier Index: 0
        SIO RefSel: VCC_IO
        Required Capabilitites: DIGITAL
        Initial Value: 0
        IO Voltage: 0
    PORT MAP (
        pa_out => \LCD:LCDPort(2)\__PA ,
        pad => \LCD:LCDPort(2)_PAD\ );
    Properties:
    {
    }

[IoId=3]: 
Pin : Name = \LCD:LCDPort(3)\
    Attributes:
        In Group/Port: True
        In Sync Option: AUTO
        Out Sync Option: NOSYNC
        Interrupt generated: False
        Interrupt mode: NONE
        Drive mode: CMOS_OUT
        VTrip: EITHER
        Slew: FAST
        Input Sync needed: False
        Output Sync needed: False
        SC shield enabled: False
        POR State: ANY
        LCD Mode: COMMON
        Register Mode: RegComb
        CaSense Mode: NEITHER
        Treat as pin: False
        Is OE Registered: False
        Uses Analog: False
        Can contain Digital: True
        Is SIO: False
        SIO Output Buf: NONREGULATED
        SIO Input Buf: SINGLE_ENDED
        SIO HiFreq: LOW
        SIO Hyst: DISABLED
        SIO Vtrip: MULTIPLIER_0_5
        SIO Multiplier Index: 0
        SIO RefSel: VCC_IO
        Required Capabilitites: DIGITAL
        Initial Value: 0
        IO Voltage: 0
    PORT MAP (
        pa_out => \LCD:LCDPort(3)\__PA ,
        pad => \LCD:LCDPort(3)_PAD\ );
    Properties:
    {
    }

[IoId=4]: 
Pin : Name = \LCD:LCDPort(4)\
    Attributes:
        In Group/Port: True
        In Sync Option: AUTO
        Out Sync Option: NOSYNC
        Interrupt generated: False
        Interrupt mode: NONE
        Drive mode: CMOS_OUT
        VTrip: EITHER
        Slew: FAST
        Input Sync needed: False
        Output Sync needed: False
        SC shield enabled: False
        POR State: ANY
        LCD Mode: COMMON
        Register Mode: RegComb
        CaSense Mode: NEITHER
        Treat as pin: False
        Is OE Registered: False
        Uses Analog: False
        Can contain Digital: True
        Is SIO: False
        SIO Output Buf: NONREGULATED
        SIO Input Buf: SINGLE_ENDED
        SIO HiFreq: LOW
        SIO Hyst: DISABLED
        SIO Vtrip: MULTIPLIER_0_5
        SIO Multiplier Index: 0
        SIO RefSel: VCC_IO
        Required Capabilitites: DIGITAL
        Initial Value: 0
        IO Voltage: 0
    PORT MAP (
        pa_out => \LCD:LCDPort(4)\__PA ,
        pad => \LCD:LCDPort(4)_PAD\ );
    Properties:
    {
    }

[IoId=5]: 
Pin : Name = \LCD:LCDPort(5)\
    Attributes:
        In Group/Port: True
        In Sync Option: AUTO
        Out Sync Option: NOSYNC
        Interrupt generated: False
        Interrupt mode: NONE
        Drive mode: CMOS_OUT
        VTrip: EITHER
        Slew: FAST
        Input Sync needed: False
        Output Sync needed: False
        SC shield enabled: False
        POR State: ANY
        LCD Mode: COMMON
        Register Mode: RegComb
        CaSense Mode: NEITHER
        Treat as pin: False
        Is OE Registered: False
        Uses Analog: False
        Can contain Digital: True
        Is SIO: False
        SIO Output Buf: NONREGULATED
        SIO Input Buf: SINGLE_ENDED
        SIO HiFreq: LOW
        SIO Hyst: DISABLED
        SIO Vtrip: MULTIPLIER_0_5
        SIO Multiplier Index: 0
        SIO RefSel: VCC_IO
        Required Capabilitites: DIGITAL
        Initial Value: 0
        IO Voltage: 0
    PORT MAP (
        pa_out => \LCD:LCDPort(5)\__PA ,
        pad => \LCD:LCDPort(5)_PAD\ );
    Properties:
    {
    }

[IoId=6]: 
Pin : Name = \LCD:LCDPort(6)\
    Attributes:
        In Group/Port: True
        In Sync Option: AUTO
        Out Sync Option: NOSYNC
        Interrupt generated: False
        Interrupt mode: NONE
        Drive mode: CMOS_OUT
        VTrip: EITHER
        Slew: FAST
        Input Sync needed: False
        Output Sync needed: False
        SC shield enabled: False
        POR State: ANY
        LCD Mode: COMMON
        Register Mode: RegComb
        CaSense Mode: NEITHER
        Treat as pin: False
        Is OE Registered: False
        Uses Analog: False
        Can contain Digital: True
        Is SIO: False
        SIO Output Buf: NONREGULATED
        SIO Input Buf: SINGLE_ENDED
        SIO HiFreq: LOW
        SIO Hyst: DISABLED
        SIO Vtrip: MULTIPLIER_0_5
        SIO Multiplier Index: 0
        SIO RefSel: VCC_IO
        Required Capabilitites: DIGITAL
        Initial Value: 0
        IO Voltage: 0
    PORT MAP (
        pa_out => \LCD:LCDPort(6)\__PA ,
        pad => \LCD:LCDPort(6)_PAD\ );
    Properties:
    {
    }

Port 3 is empty
Port 4 is empty
Port 5 is empty
Port 6 contains the following IO cells:
[IoId=3]: 
Pin : Name = led4(0)
    Attributes:
        In Group/Port: True
        In Sync Option: AUTO
        Out Sync Option: NOSYNC
        Interrupt generated: False
        Interrupt mode: NONE
        Drive mode: CMOS_OUT
        VTrip: EITHER
        Slew: FAST
        Input Sync needed: False
        Output Sync needed: False
        SC shield enabled: False
        POR State: ANY
        LCD Mode: COMMON
        Register Mode: RegComb
        CaSense Mode: NEITHER
        Treat as pin: True
        Is OE Registered: False
        Uses Analog: False
        Can contain Digital: True
        Is SIO: False
        SIO Output Buf: NONREGULATED
        SIO Input Buf: SINGLE_ENDED
        SIO HiFreq: LOW
        SIO Hyst: DISABLED
        SIO Vtrip: MULTIPLIER_0_5
        SIO Multiplier Index: 0
        SIO RefSel: VCC_IO
        Required Capabilitites: DIGITAL
        Initial Value: 0
        IO Voltage: 0
    PORT MAP (
        pa_out => led4(0)__PA ,
        pad => led4(0)_PAD );
    Properties:
    {
    }

Port 12 contains the following IO cells:
[IoId=4]: 
Pin : Name = TX_pin(0)
    Attributes:
        In Group/Port: True
        In Sync Option: AUTO
        Out Sync Option: NOSYNC
        Interrupt generated: False
        Interrupt mode: NONE
        Drive mode: CMOS_OUT
        VTrip: EITHER
        Slew: FAST
        Input Sync needed: False
        Output Sync needed: False
        SC shield enabled: False
        POR State: ANY
        LCD Mode: COMMON
        Register Mode: RegComb
        CaSense Mode: NEITHER
        Treat as pin: True
        Is OE Registered: False
        Uses Analog: False
        Can contain Digital: True
        Is SIO: False
        SIO Output Buf: NONREGULATED
        SIO Input Buf: SINGLE_ENDED
        SIO HiFreq: LOW
        SIO Hyst: DISABLED
        SIO Vtrip: MULTIPLIER_0_5
        SIO Multiplier Index: 0
        SIO RefSel: VCC_IO
        Required Capabilitites: DIGITAL
        Initial Value: 1
        IO Voltage: 0
    PORT MAP (
        pa_out => TX_pin(0)__PA ,
        pad => TX_pin(0)_PAD );
    Properties:
    {
    }

Port 15 generates interrupt for logical port:
    logicalport: Name =\USBUART_1:Dp\
        PORT MAP (
            in_clock_en => one ,
            in_reset => zero ,
            out_clock_en => one ,
            out_reset => zero ,
            interrupt => \USBUART_1:Net_1010\ ,
            in_clock => ClockBlock_BUS_CLK );
        Properties:
        {
            drive_mode = "000"
            ibuf_enabled = "0"
            id = "c39ef993-d787-4c0c-8ad6-c0c81f866442/618a72fc-5ddd-4df5-958f-a3d55102db42"
            init_dr_st = "0"
            input_buffer_sel = "00"
            input_clk_en = 0
            input_sync = "1"
            input_sync_mode = "0"
            intr_mode = "10"
            invert_in_clock = 0
            invert_in_clock_en = 0
            invert_in_reset = 0
            invert_out_clock = 0
            invert_out_clock_en = 0
            invert_out_reset = 0
            io_voltage = ""
            layout_mode = "CONTIGUOUS"
            oe_conn = "0"
            oe_reset = 0
            oe_sync = "0"
            output_clk_en = 0
            output_clock_mode = "0"
            output_conn = "0"
            output_mode = "0"
            output_reset = 0
            output_sync = "0"
            ovt_hyst_trim = "0"
            ovt_needed = "0"
            ovt_slew_control = "00"
            pa_in_clock = -1
            pa_in_clock_en = -1
            pa_in_reset = -1
            pa_out_clock = -1
            pa_out_clock_en = -1
            pa_out_reset = -1
            pin_aliases = ""
            pin_mode = "I"
            por_state = 4
            port_alias_group = ""
            port_alias_required = 0
            sio_group_cnt = 0
            sio_hifreq = ""
            sio_hyst = "1"
            sio_ibuf = "00000000"
            sio_info = "00"
            sio_obuf = "00000000"
            sio_refsel = "00000000"
            sio_vohsel = ""
            sio_vtrip = "00000000"
            slew_rate = "0"
            spanning = 0
            sw_only = 0
            use_annotation = "0"
            vtrip = "00"
            width = 1
        }
    and contains the following IO cells:
[IoId=6]: 
Pin : Name = \USBUART_1:Dp(0)\
    Attributes:
        In Group/Port: True
        In Sync Option: SYNC
        Out Sync Option: AUTO
        Interrupt generated: True
        Interrupt mode: FALLING
        Drive mode: HI_Z_ANALOG
        VTrip: CMOS
        Slew: FAST
        Input Sync needed: True
        Output Sync needed: False
        SC shield enabled: False
        POR State: ANY
        LCD Mode: COMMON
        Register Mode: RegComb
        CaSense Mode: NEITHER
        Treat as pin: False
        Is OE Registered: False
        Uses Analog: True
        Can contain Digital: True
        Is SIO: False
        SIO Output Buf: NONREGULATED
        SIO Input Buf: SINGLE_ENDED
        SIO HiFreq: LOW
        SIO Hyst: DISABLED
        SIO Vtrip: MULTIPLIER_0_5
        SIO Multiplier Index: 0
        SIO RefSel: VCC_IO
        Required Capabilitites: USB_D_PLUS
        Initial Value: 0
        IO Voltage: 0
    PORT MAP (
        pa_out => \USBUART_1:Dp(0)\__PA ,
        analog_term => \USBUART_1:Net_1000\ ,
        pad => \USBUART_1:Dp(0)_PAD\ );
    Properties:
    {
    }

[IoId=7]: 
Pin : Name = \USBUART_1:Dm(0)\
    Attributes:
        In Group/Port: True
        In Sync Option: AUTO
        Out Sync Option: AUTO
        Interrupt generated: False
        Interrupt mode: NONE
        Drive mode: HI_Z_ANALOG
        VTrip: EITHER
        Slew: FAST
        Input Sync needed: False
        Output Sync needed: False
        SC shield enabled: False
        POR State: ANY
        LCD Mode: COMMON
        Register Mode: RegComb
        CaSense Mode: NEITHER
        Treat as pin: True
        Is OE Registered: False
        Uses Analog: True
        Can contain Digital: False
        Is SIO: False
        SIO Output Buf: NONREGULATED
        SIO Input Buf: SINGLE_ENDED
        SIO HiFreq: LOW
        SIO Hyst: DISABLED
        SIO Vtrip: MULTIPLIER_0_5
        SIO Multiplier Index: 0
        SIO RefSel: VCC_IO
        Required Capabilitites: USB_D_MINUS
        Initial Value: 0
        IO Voltage: 0
    PORT MAP (
        pa_out => \USBUART_1:Dm(0)\__PA ,
        analog_term => \USBUART_1:Net_597\ ,
        pad => \USBUART_1:Dm(0)_PAD\ );
    Properties:
    {
    }

CAN 2.0b group 0: empty
Cache group 0: empty
CapSense group 0: empty
Clock group 0: 
    Clock Block @ F(Clock,0): 
    clockblockcell: Name =ClockBlock
        PORT MAP (
            imo => ClockBlock_IMO ,
            pllout => ClockBlock_PLL_OUT ,
            ilo => ClockBlock_ILO ,
            clk_100k => ClockBlock_100k ,
            clk_1k => ClockBlock_1k ,
            clk_32k => ClockBlock_32k ,
            xtal => ClockBlock_XTAL ,
            clk_32k_xtal => ClockBlock_XTAL 32kHz ,
            clk_sync => ClockBlock_MASTER_CLK ,
            clk_bus_glb => ClockBlock_BUS_CLK ,
            clk_bus => ClockBlock_BUS_CLK_local );
        Properties:
        {
        }
Comparator group 0: empty
Digital Filter Block group 0: empty
Delta-Sigma ADC group 0: empty
Decimator group 0: empty
EMIF group 0: empty
I2C group 0: empty
Segment LCD group 0: empty
LVD group 0: empty
PM group 0: empty
Analog (SC/CT) Blocks group 0: empty
SPC group 0: empty
Timer group 0: empty
USB group 0: 
    USB Block @ F(USB,0): 
    usbcell: Name =\USBUART_1:USB\
        PORT MAP (
            dp => \USBUART_1:Net_1000\ ,
            dm => \USBUART_1:Net_597\ ,
            sof_int => Net_61 ,
            arb_int => \USBUART_1:Net_79\ ,
            usb_int => \USBUART_1:Net_81\ ,
            ept_int_8 => \USBUART_1:ept_int_8\ ,
            ept_int_7 => \USBUART_1:ept_int_7\ ,
            ept_int_6 => \USBUART_1:ept_int_6\ ,
            ept_int_5 => \USBUART_1:ept_int_5\ ,
            ept_int_4 => \USBUART_1:ept_int_4\ ,
            ept_int_3 => \USBUART_1:ept_int_3\ ,
            ept_int_2 => \USBUART_1:ept_int_2\ ,
            ept_int_1 => \USBUART_1:ept_int_1\ ,
            ept_int_0 => \USBUART_1:ept_int_0\ ,
            ord_int => \USBUART_1:Net_95\ ,
            dma_req_7 => \USBUART_1:dma_req_7\ ,
            dma_req_6 => \USBUART_1:dma_req_6\ ,
            dma_req_5 => \USBUART_1:dma_req_5\ ,
            dma_req_4 => \USBUART_1:dma_req_4\ ,
            dma_req_3 => \USBUART_1:dma_req_3\ ,
            dma_req_2 => \USBUART_1:dma_req_2\ ,
            dma_req_1 => \USBUART_1:dma_req_1\ ,
            dma_req_0 => \USBUART_1:dma_req_0\ ,
            dma_termin => \USBUART_1:Net_824\ );
        Properties:
        {
            cy_registers = ""
        }
VIDAC group 0: empty
Opamp group 0: empty
CapSense Buffers group 0: empty
Vref group 0: empty
LPF group 0: empty
SAR ADC group 0: empty
</CYPRESSTAG>
<CYPRESSTAG name="Port Configuration Details">

------------------------------------------------------------
Port Configuration report
------------------------------------------------------------
     |     |       | Interrupt |                  |                   | 
Port | Pin | Fixed |      Type |       Drive Mode |              Name | Connections
-----+-----+-------+-----------+------------------+-------------------+-----------------------------
   2 |   0 |     * |      NONE |         CMOS_OUT |  \LCD:LCDPort(0)\ | 
     |   1 |     * |      NONE |         CMOS_OUT |  \LCD:LCDPort(1)\ | 
     |   2 |     * |      NONE |         CMOS_OUT |  \LCD:LCDPort(2)\ | 
     |   3 |     * |      NONE |         CMOS_OUT |  \LCD:LCDPort(3)\ | 
     |   4 |     * |      NONE |         CMOS_OUT |  \LCD:LCDPort(4)\ | 
     |   5 |     * |      NONE |         CMOS_OUT |  \LCD:LCDPort(5)\ | 
     |   6 |     * |      NONE |         CMOS_OUT |  \LCD:LCDPort(6)\ | 
-----+-----+-------+-----------+------------------+-------------------+-----------------------------
   6 |   3 |     * |      NONE |         CMOS_OUT |           led4(0) | 
-----+-----+-------+-----------+------------------+-------------------+-----------------------------
  12 |   4 |     * |      NONE |         CMOS_OUT |         TX_pin(0) | 
-----+-----+-------+-----------+------------------+-------------------+-----------------------------
  15 |   6 |       |   FALLING |      HI_Z_ANALOG | \USBUART_1:Dp(0)\ | Analog(\USBUART_1:Net_1000\)
     |   7 |       |      NONE |      HI_Z_ANALOG | \USBUART_1:Dm(0)\ | Analog(\USBUART_1:Net_597\)
----------------------------------------------------------------------------------------------------
</CYPRESSTAG>
</CYPRESSTAG>
</CYPRESSTAG>
Digital component placer commit/Report: Elapsed time ==> 0s.001ms
Digital Placement phase: Elapsed time ==> 1s.393ms
</CYPRESSTAG>
<CYPRESSTAG name="Digital Routing">
Routing successful.
Digital Routing phase: Elapsed time ==> 1s.824ms
</CYPRESSTAG>
<CYPRESSTAG name="Bitstream and API generation">
Bitstream and API generation phase: Elapsed time ==> 0s.293ms
</CYPRESSTAG>
<CYPRESSTAG name="Bitstream verification">
Bitstream verification phase: Elapsed time ==> 0s.047ms
</CYPRESSTAG>
<CYPRESSTAG name="Static timing analysis">
Warning: sta.M0019: USB_UART01_timing.html: Warning-1366: Setup time violation found in a path from clock ( CyBUS_CLK ) to clock ( CyBUS_CLK ). (File=D:\MyDocs\Documents\CE4950\Networking\Networking\USB_UART01\USB_UART01.cydsn\USB_UART01_timing.html)
Timing report is in USB_UART01_timing.html.
Static timing analysis phase: Elapsed time ==> 0s.398ms
</CYPRESSTAG>
<CYPRESSTAG name="Data reporting">
Data reporting phase: Elapsed time ==> 0s.000ms
</CYPRESSTAG>
<CYPRESSTAG name="Database update...">
Design database save phase: Elapsed time ==> 0s.229ms
</CYPRESSTAG>
cydsfit: Elapsed time ==> 4s.956ms
</CYPRESSTAG>
Fitter phase: Elapsed time ==> 5s.003ms
API generation phase: Elapsed time ==> 1s.695ms
Dependency generation phase: Elapsed time ==> 0s.044ms
Cleanup phase: Elapsed time ==> 0s.001ms
