--------------- Build Started: 01/20/2016 09:44:03 Project: USB_UART01, Configuration: ARM GCC 4.9-2015-q1-update Debug ---------------
cydsfit.exe -.appdatapath "C:\Users\gordon\AppData\Local\Cypress Semiconductor\PSoC Creator\3.3" -.fdsnotice -.fdswarpdepfile=warp_dependencies.txt -.fdselabdepfile=elab_dependencies.txt -.fdsbldfile=generated_files.txt -p "\\Mac\Home\Documents\PSoC Creator\USB_UART01\USB_UART01.cydsn\USB_UART01.cyprj" -d CY8C5868AXI-LP035 -s "\\Mac\Home\Documents\PSoC Creator\USB_UART01\USB_UART01.cydsn\Generated_Source\PSoC5" -- -yv2 -q10 -ygs -o2 -v3 -.fftcfgtype=LE
Elaborating Design...
HDL Generation ...
Synthesis ...
Place and Route ...
Tech mapping ...
ADD: pft.M0040: information: The following 6 pin(s) will be assigned a location by the fitter: \USBUART_1:Dm(0)\, \USBUART_1:Dp(0)\, LED2(0), LED3(0), LED4(0), Receive(0)
Analog Placement ...
Analog Routing ...
Analog Code Generation ...
Digital Placement ...
Digital Routing ...
Bitstream Generation ...
Static timing analysis ...
Warning: sta.M0019: USB_UART01_timing.html: Warning-1366: Setup time violation found in a path from clock ( Clock ) to clock ( Clock ). (File=\\Mac\Home\Documents\PSoC Creator\USB_UART01\USB_UART01.cydsn\USB_UART01_timing.html)
API Generation ...
Dependency Generation ...
Clean Temporary Files ...
arm-none-eabi-gcc.exe -mcpu=cortex-m3 -mthumb -Wno-main -I. -IGenerated_Source\PSoC5 -Wa,-alh=.\ARM_GCC_493\Debug/main.lst -g -Wall -ffunction-sections -O0 -ffat-lto-objects -c .\main.c -o .\ARM_GCC_493\Debug\main.o
arm-none-eabi-gcc.exe -mcpu=cortex-m3 -mthumb -Wno-main -I. -IGenerated_Source\PSoC5 -Wa,-alh=.\ARM_GCC_493\Debug/USBUART_1_pm.lst -g -Wall -ffunction-sections -O0 -ffat-lto-objects -c .\Generated_Source\PSoC5\USBUART_1_pm.c -o .\ARM_GCC_493\Debug\USBUART_1_pm.o
arm-none-eabi-gcc.exe -mcpu=cortex-m3 -mthumb -Wno-main -I. -IGenerated_Source\PSoC5 -Wa,-alh=.\ARM_GCC_493\Debug/Timer.lst -g -Wall -ffunction-sections -O0 -ffat-lto-objects -c .\Generated_Source\PSoC5\Timer.c -o .\ARM_GCC_493\Debug\Timer.o
arm-none-eabi-gcc.exe -mcpu=cortex-m3 -mthumb -Wno-main -I. -IGenerated_Source\PSoC5 -Wa,-alh=.\ARM_GCC_493\Debug/Timer_PM.lst -g -Wall -ffunction-sections -O0 -ffat-lto-objects -c .\Generated_Source\PSoC5\Timer_PM.c -o .\ARM_GCC_493\Debug\Timer_PM.o
arm-none-eabi-ar.exe -rs .\ARM_GCC_493\Debug\USB_UART01.a .\ARM_GCC_493\Debug\cyfitter_cfg.o .\ARM_GCC_493\Debug\USBUART_1.o .\ARM_GCC_493\Debug\USBUART_1_audio.o .\ARM_GCC_493\Debug\USBUART_1_boot.o .\ARM_GCC_493\Debug\USBUART_1_cdc.o .\ARM_GCC_493\Debug\USBUART_1_cls.o .\ARM_GCC_493\Debug\USBUART_1_descr.o .\ARM_GCC_493\Debug\USBUART_1_drv.o .\ARM_GCC_493\Debug\USBUART_1_episr.o .\ARM_GCC_493\Debug\USBUART_1_hid.o .\ARM_GCC_493\Debug\USBUART_1_pm.o .\ARM_GCC_493\Debug\USBUART_1_std.o .\ARM_GCC_493\Debug\USBUART_1_vnd.o .\ARM_GCC_493\Debug\USBUART_1_midi.o .\ARM_GCC_493\Debug\LCD.o .\ARM_GCC_493\Debug\LCD_PM.o .\ARM_GCC_493\Debug\USBUART_1_Dm.o .\ARM_GCC_493\Debug\USBUART_1_Dp.o .\ARM_GCC_493\Debug\LCD_LCDPort.o .\ARM_GCC_493\Debug\CyBootAsmGnu.o .\ARM_GCC_493\Debug\CyDmac.o .\ARM_GCC_493\Debug\CyFlash.o .\ARM_GCC_493\Debug\CyLib.o .\ARM_GCC_493\Debug\cyPm.o .\ARM_GCC_493\Debug\CySpc.o .\ARM_GCC_493\Debug\cyutils.o .\ARM_GCC_493\Debug\TX_pin.o .\ARM_GCC_493\Debug\Timer.o .\ARM_GCC_493\Debug\Timer_PM.o .\ARM_GCC_493\Debug\TimerISR.o .\ARM_GCC_493\Debug\LED4.o .\ARM_GCC_493\Debug\Clock_1.o .\ARM_GCC_493\Debug\Clock.o .\ARM_GCC_493\Debug\Idle_Collision_Timer.o .\ARM_GCC_493\Debug\Idle_Collision_Timer_PM.o .\ARM_GCC_493\Debug\Receive.o .\ARM_GCC_493\Debug\Edge_detect_IRQ.o .\ARM_GCC_493\Debug\Idle_Collision_IRQ.o .\ARM_GCC_493\Debug\LED3.o .\ARM_GCC_493\Debug\LED2.o .\ARM_GCC_493\Debug\Counter.o .\ARM_GCC_493\Debug\Counter_PM.o .\ARM_GCC_493\Debug\Clock_2.o
arm-none-eabi-ar.exe: creating .\ARM_GCC_493\Debug\USB_UART01.a
arm-none-eabi-gcc.exe -Wl,--start-group -o .\ARM_GCC_493\Debug\USB_UART01.elf .\ARM_GCC_493\Debug\main.o .\ARM_GCC_493\Debug\cymetadata.o .\ARM_GCC_493\Debug\Cm3Start.o .\ARM_GCC_493\Debug\USB_UART01.a "C:\Program Files (x86)\Cypress\PSoC Creator\3.3\PSoC Creator\psoc\content\cycomponentlibrary\CyComponentLibrary.cylib\CortexM3\ARM_GCC_493\Debug\CyComponentLibrary.a" -mcpu=cortex-m3 -mthumb -g -ffunction-sections -O0 -L Generated_Source\PSoC5 -Wl,-Map,.\ARM_GCC_493\Debug/USB_UART01.map -T Generated_Source\PSoC5\cm3gcc.ld -specs=nano.specs -Wl,--gc-sections -Wl,--end-group
cyelftool.exe -C "\\Mac\Home\Documents\PSoC Creator\USB_UART01\USB_UART01.cydsn\ARM_GCC_493\Debug\USB_UART01.elf" --flash_row_size 256 --flash_size 262144
cyelftool.exe -S "\\Mac\Home\Documents\PSoC Creator\USB_UART01\USB_UART01.cydsn\ARM_GCC_493\Debug\USB_UART01.elf"
Flash used: 15360 of 262144 bytes (5.9 %).
SRAM used: 5933 of 65536 bytes (9.1 %). Stack: 2048 bytes. Heap: 128 bytes.
--------------- Build Succeeded: 01/20/2016 09:44:15 ---------------
