--------------- Clean Started: 01/20/2016 15:43:10 Project: USB_UART01, Configuration: ARM GCC 4.9-2015-q1-update Debug ---------------
Deleting file ".\ARM_GCC_493\Debug\main.o"
Deleting file ".\ARM_GCC_493\Debug\cyfitter_cfg.o"
Deleting file ".\ARM_GCC_493\Debug\cymetadata.o"
Deleting file ".\ARM_GCC_493\Debug\USBUART_1.o"
Deleting file ".\ARM_GCC_493\Debug\USBUART_1_audio.o"
Deleting file ".\ARM_GCC_493\Debug\USBUART_1_boot.o"
Deleting file ".\ARM_GCC_493\Debug\USBUART_1_cdc.o"
Deleting file ".\ARM_GCC_493\Debug\USBUART_1_cls.o"
Deleting file ".\ARM_GCC_493\Debug\USBUART_1_descr.o"
Deleting file ".\ARM_GCC_493\Debug\USBUART_1_drv.o"
Deleting file ".\ARM_GCC_493\Debug\USBUART_1_episr.o"
Deleting file ".\ARM_GCC_493\Debug\USBUART_1_hid.o"
Deleting file ".\ARM_GCC_493\Debug\USBUART_1_pm.o"
Deleting file ".\ARM_GCC_493\Debug\USBUART_1_std.o"
Deleting file ".\ARM_GCC_493\Debug\USBUART_1_vnd.o"
Deleting file ".\ARM_GCC_493\Debug\USBUART_1_midi.o"
Deleting file ".\ARM_GCC_493\Debug\LCD.o"
Deleting file ".\ARM_GCC_493\Debug\LCD_PM.o"
Deleting file ".\ARM_GCC_493\Debug\USBUART_1_Dm.o"
Deleting file ".\ARM_GCC_493\Debug\USBUART_1_Dp.o"
Deleting file ".\ARM_GCC_493\Debug\LCD_LCDPort.o"
Deleting file ".\ARM_GCC_493\Debug\Cm3Start.o"
Deleting file ".\ARM_GCC_493\Debug\CyBootAsmGnu.o"
Deleting file ".\ARM_GCC_493\Debug\CyDmac.o"
Deleting file ".\ARM_GCC_493\Debug\CyFlash.o"
Deleting file ".\ARM_GCC_493\Debug\CyLib.o"
Deleting file ".\ARM_GCC_493\Debug\cyPm.o"
Deleting file ".\ARM_GCC_493\Debug\CySpc.o"
Deleting file ".\ARM_GCC_493\Debug\cyutils.o"
Deleting file ".\ARM_GCC_493\Debug\TX_pin.o"
Deleting file ".\ARM_GCC_493\Debug\Timer.o"
Deleting file ".\ARM_GCC_493\Debug\Timer_PM.o"
Deleting file ".\ARM_GCC_493\Debug\TimerISR.o"
Deleting file ".\ARM_GCC_493\Debug\LED4.o"
Deleting file ".\ARM_GCC_493\Debug\Clock_1.o"
Deleting file ".\ARM_GCC_493\Debug\Clock.o"
Deleting file ".\ARM_GCC_493\Debug\Idle_Collision_Timer.o"
Deleting file ".\ARM_GCC_493\Debug\Idle_Collision_Timer_PM.o"
Deleting file ".\ARM_GCC_493\Debug\Receive.o"
Deleting file ".\ARM_GCC_493\Debug\Edge_detect_IRQ.o"
Deleting file ".\ARM_GCC_493\Debug\Idle_Collision_IRQ.o"
Deleting file ".\ARM_GCC_493\Debug\LED3.o"
Deleting file ".\ARM_GCC_493\Debug\LED2.o"
Deleting file ".\ARM_GCC_493\Debug\Counter.o"
Deleting file ".\ARM_GCC_493\Debug\Counter_PM.o"
Deleting file ".\ARM_GCC_493\Debug\Clock_2.o"
Deleting file ".\ARM_GCC_493\Debug\USB_UART01.hex"
Deleting file ".\ARM_GCC_493\Debug\USB_UART01.elf"
Deleting file ".\ARM_GCC_493\Debug\USB_UART01.map"
Deleting file ".\USB_UART01.cycdx"
Deleting file ".\USB_UART01.svd"
Deleting file ".\USB_UART01.rpt"
Deleting file ".\USB_UART01_timing.html"
Deleting file ".\ARM_GCC_493\Debug\.deps\C_FILE.P"
Deleting file ".\ARM_GCC_493\Debug\.deps\ARM_C_FILE.P"
Deleting file ".\ARM_GCC_493\Debug\.deps\GNU_ARM_ASM_FILE.P"
--------------- Clean Succeeded: 01/20/2016 15:43:10 ---------------
