ARM GAS  C:\Users\mrowiecn\AppData\Local\Temp\ccZwfoFH.s 			page 1


   1              		.syntax unified
   2              		.cpu cortex-m3
   3              		.fpu softvfp
   4              		.eabi_attribute 20, 1
   5              		.eabi_attribute 21, 1
   6              		.eabi_attribute 23, 3
   7              		.eabi_attribute 24, 1
   8              		.eabi_attribute 25, 1
   9              		.eabi_attribute 26, 1
  10              		.eabi_attribute 30, 6
  11              		.eabi_attribute 34, 1
  12              		.eabi_attribute 18, 4
  13              		.thumb
  14              		.file	"Receive.c"
  15              		.text
  16              	.Ltext0:
  17              		.cfi_sections	.debug_frame
  18              		.section	.text.Receive_Write,"ax",%progbits
  19              		.align	2
  20              		.global	Receive_Write
  21              		.thumb
  22              		.thumb_func
  23              		.type	Receive_Write, %function
  24              	Receive_Write:
  25              	.LFB0:
  26              		.file 1 ".\\Generated_Source\\PSoC5\\Receive.c"
   1:.\Generated_Source\PSoC5/Receive.c **** /*******************************************************************************
   2:.\Generated_Source\PSoC5/Receive.c **** * File Name: Receive.c  
   3:.\Generated_Source\PSoC5/Receive.c **** * Version 2.10
   4:.\Generated_Source\PSoC5/Receive.c **** *
   5:.\Generated_Source\PSoC5/Receive.c **** * Description:
   6:.\Generated_Source\PSoC5/Receive.c **** *  This file contains API to enable firmware control of a Pins component.
   7:.\Generated_Source\PSoC5/Receive.c **** *
   8:.\Generated_Source\PSoC5/Receive.c **** * Note:
   9:.\Generated_Source\PSoC5/Receive.c **** *
  10:.\Generated_Source\PSoC5/Receive.c **** ********************************************************************************
  11:.\Generated_Source\PSoC5/Receive.c **** * Copyright 2008-2014, Cypress Semiconductor Corporation.  All rights reserved.
  12:.\Generated_Source\PSoC5/Receive.c **** * You may use this file only in accordance with the license, terms, conditions, 
  13:.\Generated_Source\PSoC5/Receive.c **** * disclaimers, and limitations in the end user license agreement accompanying 
  14:.\Generated_Source\PSoC5/Receive.c **** * the software package with which this file was provided.
  15:.\Generated_Source\PSoC5/Receive.c **** *******************************************************************************/
  16:.\Generated_Source\PSoC5/Receive.c **** 
  17:.\Generated_Source\PSoC5/Receive.c **** #include "cytypes.h"
  18:.\Generated_Source\PSoC5/Receive.c **** #include "Receive.h"
  19:.\Generated_Source\PSoC5/Receive.c **** 
  20:.\Generated_Source\PSoC5/Receive.c **** /* APIs are not generated for P15[7:6] on PSoC 5 */
  21:.\Generated_Source\PSoC5/Receive.c **** #if !(CY_PSOC5A &&\
  22:.\Generated_Source\PSoC5/Receive.c **** 	 Receive__PORT == 15 && ((Receive__MASK & 0xC0) != 0))
  23:.\Generated_Source\PSoC5/Receive.c **** 
  24:.\Generated_Source\PSoC5/Receive.c **** 
  25:.\Generated_Source\PSoC5/Receive.c **** /*******************************************************************************
  26:.\Generated_Source\PSoC5/Receive.c **** * Function Name: Receive_Write
  27:.\Generated_Source\PSoC5/Receive.c **** ********************************************************************************
  28:.\Generated_Source\PSoC5/Receive.c **** *
  29:.\Generated_Source\PSoC5/Receive.c **** * Summary:
  30:.\Generated_Source\PSoC5/Receive.c **** *  Assign a new value to the digital port's data output register.  
  31:.\Generated_Source\PSoC5/Receive.c **** *
ARM GAS  C:\Users\mrowiecn\AppData\Local\Temp\ccZwfoFH.s 			page 2


  32:.\Generated_Source\PSoC5/Receive.c **** * Parameters:  
  33:.\Generated_Source\PSoC5/Receive.c **** *  prtValue:  The value to be assigned to the Digital Port. 
  34:.\Generated_Source\PSoC5/Receive.c **** *
  35:.\Generated_Source\PSoC5/Receive.c **** * Return: 
  36:.\Generated_Source\PSoC5/Receive.c **** *  None
  37:.\Generated_Source\PSoC5/Receive.c **** *  
  38:.\Generated_Source\PSoC5/Receive.c **** *******************************************************************************/
  39:.\Generated_Source\PSoC5/Receive.c **** void Receive_Write(uint8 value) 
  40:.\Generated_Source\PSoC5/Receive.c **** {
  27              		.loc 1 40 0
  28              		.cfi_startproc
  29              		@ args = 0, pretend = 0, frame = 16
  30              		@ frame_needed = 1, uses_anonymous_args = 0
  31              		@ link register save eliminated.
  32 0000 80B4     		push	{r7}
  33              		.cfi_def_cfa_offset 4
  34              		.cfi_offset 7, -4
  35 0002 85B0     		sub	sp, sp, #20
  36              		.cfi_def_cfa_offset 24
  37 0004 00AF     		add	r7, sp, #0
  38              		.cfi_def_cfa_register 7
  39 0006 0346     		mov	r3, r0
  40 0008 FB71     		strb	r3, [r7, #7]
  41:.\Generated_Source\PSoC5/Receive.c ****     uint8 staticBits = (Receive_DR & (uint8)(~Receive_MASK));
  41              		.loc 1 41 0
  42 000a 0A4B     		ldr	r3, .L2
  43 000c 1B78     		ldrb	r3, [r3]
  44 000e DBB2     		uxtb	r3, r3
  45 0010 23F00103 		bic	r3, r3, #1
  46 0014 FB73     		strb	r3, [r7, #15]
  42:.\Generated_Source\PSoC5/Receive.c ****     Receive_DR = staticBits | ((uint8)(value << Receive_SHIFT) & Receive_MASK);
  47              		.loc 1 42 0
  48 0016 0749     		ldr	r1, .L2
  49 0018 FB79     		ldrb	r3, [r7, #7]
  50 001a 03F00103 		and	r3, r3, #1
  51 001e DAB2     		uxtb	r2, r3
  52 0020 FB7B     		ldrb	r3, [r7, #15]
  53 0022 1343     		orrs	r3, r3, r2
  54 0024 DBB2     		uxtb	r3, r3
  55 0026 0B70     		strb	r3, [r1]
  43:.\Generated_Source\PSoC5/Receive.c **** }
  56              		.loc 1 43 0
  57 0028 1437     		adds	r7, r7, #20
  58              		.cfi_def_cfa_offset 4
  59 002a BD46     		mov	sp, r7
  60              		.cfi_def_cfa_register 13
  61              		@ sp needed
  62 002c 5DF8047B 		ldr	r7, [sp], #4
  63              		.cfi_restore 7
  64              		.cfi_def_cfa_offset 0
  65 0030 7047     		bx	lr
  66              	.L3:
  67 0032 00BF     		.align	2
  68              	.L2:
  69 0034 30510040 		.word	1073762608
  70              		.cfi_endproc
  71              	.LFE0:
ARM GAS  C:\Users\mrowiecn\AppData\Local\Temp\ccZwfoFH.s 			page 3


  72              		.size	Receive_Write, .-Receive_Write
  73              		.section	.text.Receive_SetDriveMode,"ax",%progbits
  74              		.align	2
  75              		.global	Receive_SetDriveMode
  76              		.thumb
  77              		.thumb_func
  78              		.type	Receive_SetDriveMode, %function
  79              	Receive_SetDriveMode:
  80              	.LFB1:
  44:.\Generated_Source\PSoC5/Receive.c **** 
  45:.\Generated_Source\PSoC5/Receive.c **** 
  46:.\Generated_Source\PSoC5/Receive.c **** /*******************************************************************************
  47:.\Generated_Source\PSoC5/Receive.c **** * Function Name: Receive_SetDriveMode
  48:.\Generated_Source\PSoC5/Receive.c **** ********************************************************************************
  49:.\Generated_Source\PSoC5/Receive.c **** *
  50:.\Generated_Source\PSoC5/Receive.c **** * Summary:
  51:.\Generated_Source\PSoC5/Receive.c **** *  Change the drive mode on the pins of the port.
  52:.\Generated_Source\PSoC5/Receive.c **** * 
  53:.\Generated_Source\PSoC5/Receive.c **** * Parameters:  
  54:.\Generated_Source\PSoC5/Receive.c **** *  mode:  Change the pins to one of the following drive modes.
  55:.\Generated_Source\PSoC5/Receive.c **** *
  56:.\Generated_Source\PSoC5/Receive.c **** *  Receive_DM_STRONG     Strong Drive 
  57:.\Generated_Source\PSoC5/Receive.c **** *  Receive_DM_OD_HI      Open Drain, Drives High 
  58:.\Generated_Source\PSoC5/Receive.c **** *  Receive_DM_OD_LO      Open Drain, Drives Low 
  59:.\Generated_Source\PSoC5/Receive.c **** *  Receive_DM_RES_UP     Resistive Pull Up 
  60:.\Generated_Source\PSoC5/Receive.c **** *  Receive_DM_RES_DWN    Resistive Pull Down 
  61:.\Generated_Source\PSoC5/Receive.c **** *  Receive_DM_RES_UPDWN  Resistive Pull Up/Down 
  62:.\Generated_Source\PSoC5/Receive.c **** *  Receive_DM_DIG_HIZ    High Impedance Digital 
  63:.\Generated_Source\PSoC5/Receive.c **** *  Receive_DM_ALG_HIZ    High Impedance Analog 
  64:.\Generated_Source\PSoC5/Receive.c **** *
  65:.\Generated_Source\PSoC5/Receive.c **** * Return: 
  66:.\Generated_Source\PSoC5/Receive.c **** *  None
  67:.\Generated_Source\PSoC5/Receive.c **** *
  68:.\Generated_Source\PSoC5/Receive.c **** *******************************************************************************/
  69:.\Generated_Source\PSoC5/Receive.c **** void Receive_SetDriveMode(uint8 mode) 
  70:.\Generated_Source\PSoC5/Receive.c **** {
  81              		.loc 1 70 0
  82              		.cfi_startproc
  83              		@ args = 0, pretend = 0, frame = 8
  84              		@ frame_needed = 1, uses_anonymous_args = 0
  85              		@ link register save eliminated.
  86 0000 80B4     		push	{r7}
  87              		.cfi_def_cfa_offset 4
  88              		.cfi_offset 7, -4
  89 0002 83B0     		sub	sp, sp, #12
  90              		.cfi_def_cfa_offset 16
  91 0004 00AF     		add	r7, sp, #0
  92              		.cfi_def_cfa_register 7
  93 0006 0346     		mov	r3, r0
  94 0008 FB71     		strb	r3, [r7, #7]
  71:.\Generated_Source\PSoC5/Receive.c **** 	CyPins_SetPinDriveMode(Receive_0, mode);
  95              		.loc 1 71 0
  96 000a 0A4B     		ldr	r3, .L5
  97 000c 094A     		ldr	r2, .L5
  98 000e 1278     		ldrb	r2, [r2]
  99 0010 D2B2     		uxtb	r2, r2
 100 0012 D2B2     		uxtb	r2, r2
ARM GAS  C:\Users\mrowiecn\AppData\Local\Temp\ccZwfoFH.s 			page 4


 101 0014 22F00E02 		bic	r2, r2, #14
 102 0018 D1B2     		uxtb	r1, r2
 103 001a FA79     		ldrb	r2, [r7, #7]	@ zero_extendqisi2
 104 001c 02F00E02 		and	r2, r2, #14
 105 0020 D2B2     		uxtb	r2, r2
 106 0022 0A43     		orrs	r2, r2, r1
 107 0024 D2B2     		uxtb	r2, r2
 108 0026 D2B2     		uxtb	r2, r2
 109 0028 1A70     		strb	r2, [r3]
  72:.\Generated_Source\PSoC5/Receive.c **** }
 110              		.loc 1 72 0
 111 002a 0C37     		adds	r7, r7, #12
 112              		.cfi_def_cfa_offset 4
 113 002c BD46     		mov	sp, r7
 114              		.cfi_def_cfa_register 13
 115              		@ sp needed
 116 002e 5DF8047B 		ldr	r7, [sp], #4
 117              		.cfi_restore 7
 118              		.cfi_def_cfa_offset 0
 119 0032 7047     		bx	lr
 120              	.L6:
 121              		.align	2
 122              	.L5:
 123 0034 18500040 		.word	1073762328
 124              		.cfi_endproc
 125              	.LFE1:
 126              		.size	Receive_SetDriveMode, .-Receive_SetDriveMode
 127              		.section	.text.Receive_Read,"ax",%progbits
 128              		.align	2
 129              		.global	Receive_Read
 130              		.thumb
 131              		.thumb_func
 132              		.type	Receive_Read, %function
 133              	Receive_Read:
 134              	.LFB2:
  73:.\Generated_Source\PSoC5/Receive.c **** 
  74:.\Generated_Source\PSoC5/Receive.c **** 
  75:.\Generated_Source\PSoC5/Receive.c **** /*******************************************************************************
  76:.\Generated_Source\PSoC5/Receive.c **** * Function Name: Receive_Read
  77:.\Generated_Source\PSoC5/Receive.c **** ********************************************************************************
  78:.\Generated_Source\PSoC5/Receive.c **** *
  79:.\Generated_Source\PSoC5/Receive.c **** * Summary:
  80:.\Generated_Source\PSoC5/Receive.c **** *  Read the current value on the pins of the Digital Port in right justified 
  81:.\Generated_Source\PSoC5/Receive.c **** *  form.
  82:.\Generated_Source\PSoC5/Receive.c **** *
  83:.\Generated_Source\PSoC5/Receive.c **** * Parameters:  
  84:.\Generated_Source\PSoC5/Receive.c **** *  None
  85:.\Generated_Source\PSoC5/Receive.c **** *
  86:.\Generated_Source\PSoC5/Receive.c **** * Return: 
  87:.\Generated_Source\PSoC5/Receive.c **** *  Returns the current value of the Digital Port as a right justified number
  88:.\Generated_Source\PSoC5/Receive.c **** *  
  89:.\Generated_Source\PSoC5/Receive.c **** * Note:
  90:.\Generated_Source\PSoC5/Receive.c **** *  Macro Receive_ReadPS calls this function. 
  91:.\Generated_Source\PSoC5/Receive.c **** *  
  92:.\Generated_Source\PSoC5/Receive.c **** *******************************************************************************/
  93:.\Generated_Source\PSoC5/Receive.c **** uint8 Receive_Read(void) 
  94:.\Generated_Source\PSoC5/Receive.c **** {
ARM GAS  C:\Users\mrowiecn\AppData\Local\Temp\ccZwfoFH.s 			page 5


 135              		.loc 1 94 0
 136              		.cfi_startproc
 137              		@ args = 0, pretend = 0, frame = 0
 138              		@ frame_needed = 1, uses_anonymous_args = 0
 139              		@ link register save eliminated.
 140 0000 80B4     		push	{r7}
 141              		.cfi_def_cfa_offset 4
 142              		.cfi_offset 7, -4
 143 0002 00AF     		add	r7, sp, #0
 144              		.cfi_def_cfa_register 7
  95:.\Generated_Source\PSoC5/Receive.c ****     return (Receive_PS & Receive_MASK) >> Receive_SHIFT;
 145              		.loc 1 95 0
 146 0004 054B     		ldr	r3, .L9
 147 0006 1B78     		ldrb	r3, [r3]
 148 0008 DBB2     		uxtb	r3, r3
 149 000a 03F00103 		and	r3, r3, #1
 150 000e DBB2     		uxtb	r3, r3
  96:.\Generated_Source\PSoC5/Receive.c **** }
 151              		.loc 1 96 0
 152 0010 1846     		mov	r0, r3
 153 0012 BD46     		mov	sp, r7
 154              		.cfi_def_cfa_register 13
 155              		@ sp needed
 156 0014 5DF8047B 		ldr	r7, [sp], #4
 157              		.cfi_restore 7
 158              		.cfi_def_cfa_offset 0
 159 0018 7047     		bx	lr
 160              	.L10:
 161 001a 00BF     		.align	2
 162              	.L9:
 163 001c 31510040 		.word	1073762609
 164              		.cfi_endproc
 165              	.LFE2:
 166              		.size	Receive_Read, .-Receive_Read
 167              		.section	.text.Receive_ReadDataReg,"ax",%progbits
 168              		.align	2
 169              		.global	Receive_ReadDataReg
 170              		.thumb
 171              		.thumb_func
 172              		.type	Receive_ReadDataReg, %function
 173              	Receive_ReadDataReg:
 174              	.LFB3:
  97:.\Generated_Source\PSoC5/Receive.c **** 
  98:.\Generated_Source\PSoC5/Receive.c **** 
  99:.\Generated_Source\PSoC5/Receive.c **** /*******************************************************************************
 100:.\Generated_Source\PSoC5/Receive.c **** * Function Name: Receive_ReadDataReg
 101:.\Generated_Source\PSoC5/Receive.c **** ********************************************************************************
 102:.\Generated_Source\PSoC5/Receive.c **** *
 103:.\Generated_Source\PSoC5/Receive.c **** * Summary:
 104:.\Generated_Source\PSoC5/Receive.c **** *  Read the current value assigned to a Digital Port's data output register
 105:.\Generated_Source\PSoC5/Receive.c **** *
 106:.\Generated_Source\PSoC5/Receive.c **** * Parameters:  
 107:.\Generated_Source\PSoC5/Receive.c **** *  None 
 108:.\Generated_Source\PSoC5/Receive.c **** *
 109:.\Generated_Source\PSoC5/Receive.c **** * Return: 
 110:.\Generated_Source\PSoC5/Receive.c **** *  Returns the current value assigned to the Digital Port's data output register
 111:.\Generated_Source\PSoC5/Receive.c **** *  
ARM GAS  C:\Users\mrowiecn\AppData\Local\Temp\ccZwfoFH.s 			page 6


 112:.\Generated_Source\PSoC5/Receive.c **** *******************************************************************************/
 113:.\Generated_Source\PSoC5/Receive.c **** uint8 Receive_ReadDataReg(void) 
 114:.\Generated_Source\PSoC5/Receive.c **** {
 175              		.loc 1 114 0
 176              		.cfi_startproc
 177              		@ args = 0, pretend = 0, frame = 0
 178              		@ frame_needed = 1, uses_anonymous_args = 0
 179              		@ link register save eliminated.
 180 0000 80B4     		push	{r7}
 181              		.cfi_def_cfa_offset 4
 182              		.cfi_offset 7, -4
 183 0002 00AF     		add	r7, sp, #0
 184              		.cfi_def_cfa_register 7
 115:.\Generated_Source\PSoC5/Receive.c ****     return (Receive_DR & Receive_MASK) >> Receive_SHIFT;
 185              		.loc 1 115 0
 186 0004 054B     		ldr	r3, .L13
 187 0006 1B78     		ldrb	r3, [r3]
 188 0008 DBB2     		uxtb	r3, r3
 189 000a 03F00103 		and	r3, r3, #1
 190 000e DBB2     		uxtb	r3, r3
 116:.\Generated_Source\PSoC5/Receive.c **** }
 191              		.loc 1 116 0
 192 0010 1846     		mov	r0, r3
 193 0012 BD46     		mov	sp, r7
 194              		.cfi_def_cfa_register 13
 195              		@ sp needed
 196 0014 5DF8047B 		ldr	r7, [sp], #4
 197              		.cfi_restore 7
 198              		.cfi_def_cfa_offset 0
 199 0018 7047     		bx	lr
 200              	.L14:
 201 001a 00BF     		.align	2
 202              	.L13:
 203 001c 30510040 		.word	1073762608
 204              		.cfi_endproc
 205              	.LFE3:
 206              		.size	Receive_ReadDataReg, .-Receive_ReadDataReg
 207              		.section	.text.Receive_ClearInterrupt,"ax",%progbits
 208              		.align	2
 209              		.global	Receive_ClearInterrupt
 210              		.thumb
 211              		.thumb_func
 212              		.type	Receive_ClearInterrupt, %function
 213              	Receive_ClearInterrupt:
 214              	.LFB4:
 117:.\Generated_Source\PSoC5/Receive.c **** 
 118:.\Generated_Source\PSoC5/Receive.c **** 
 119:.\Generated_Source\PSoC5/Receive.c **** /* If Interrupts Are Enabled for this Pins component */ 
 120:.\Generated_Source\PSoC5/Receive.c **** #if defined(Receive_INTSTAT) 
 121:.\Generated_Source\PSoC5/Receive.c **** 
 122:.\Generated_Source\PSoC5/Receive.c ****     /*******************************************************************************
 123:.\Generated_Source\PSoC5/Receive.c ****     * Function Name: Receive_ClearInterrupt
 124:.\Generated_Source\PSoC5/Receive.c ****     ********************************************************************************
 125:.\Generated_Source\PSoC5/Receive.c ****     * Summary:
 126:.\Generated_Source\PSoC5/Receive.c ****     *  Clears any active interrupts attached to port and returns the value of the 
 127:.\Generated_Source\PSoC5/Receive.c ****     *  interrupt status register.
 128:.\Generated_Source\PSoC5/Receive.c ****     *
ARM GAS  C:\Users\mrowiecn\AppData\Local\Temp\ccZwfoFH.s 			page 7


 129:.\Generated_Source\PSoC5/Receive.c ****     * Parameters:  
 130:.\Generated_Source\PSoC5/Receive.c ****     *  None 
 131:.\Generated_Source\PSoC5/Receive.c ****     *
 132:.\Generated_Source\PSoC5/Receive.c ****     * Return: 
 133:.\Generated_Source\PSoC5/Receive.c ****     *  Returns the value of the interrupt status register
 134:.\Generated_Source\PSoC5/Receive.c ****     *  
 135:.\Generated_Source\PSoC5/Receive.c ****     *******************************************************************************/
 136:.\Generated_Source\PSoC5/Receive.c ****     uint8 Receive_ClearInterrupt(void) 
 137:.\Generated_Source\PSoC5/Receive.c ****     {
 215              		.loc 1 137 0
 216              		.cfi_startproc
 217              		@ args = 0, pretend = 0, frame = 0
 218              		@ frame_needed = 1, uses_anonymous_args = 0
 219              		@ link register save eliminated.
 220 0000 80B4     		push	{r7}
 221              		.cfi_def_cfa_offset 4
 222              		.cfi_offset 7, -4
 223 0002 00AF     		add	r7, sp, #0
 224              		.cfi_def_cfa_register 7
 138:.\Generated_Source\PSoC5/Receive.c ****         return (Receive_INTSTAT & Receive_MASK) >> Receive_SHIFT;
 225              		.loc 1 138 0
 226 0004 054B     		ldr	r3, .L17
 227 0006 1B78     		ldrb	r3, [r3]
 228 0008 DBB2     		uxtb	r3, r3
 229 000a 03F00103 		and	r3, r3, #1
 230 000e DBB2     		uxtb	r3, r3
 139:.\Generated_Source\PSoC5/Receive.c ****     }
 231              		.loc 1 139 0
 232 0010 1846     		mov	r0, r3
 233 0012 BD46     		mov	sp, r7
 234              		.cfi_def_cfa_register 13
 235              		@ sp needed
 236 0014 5DF8047B 		ldr	r7, [sp], #4
 237              		.cfi_restore 7
 238              		.cfi_def_cfa_offset 0
 239 0018 7047     		bx	lr
 240              	.L18:
 241 001a 00BF     		.align	2
 242              	.L17:
 243 001c 83450040 		.word	1073759619
 244              		.cfi_endproc
 245              	.LFE4:
 246              		.size	Receive_ClearInterrupt, .-Receive_ClearInterrupt
 247              		.text
 248              	.Letext0:
 249              		.file 2 ".\\Generated_Source\\PSoC5\\cytypes.h"
 250              		.section	.debug_info,"",%progbits
 251              	.Ldebug_info0:
 252 0000 2E010000 		.4byte	0x12e
 253 0004 0400     		.2byte	0x4
 254 0006 00000000 		.4byte	.Ldebug_abbrev0
 255 000a 04       		.byte	0x4
 256 000b 01       		.uleb128 0x1
 257 000c 25000000 		.4byte	.LASF21
 258 0010 01       		.byte	0x1
 259 0011 B9000000 		.4byte	.LASF22
 260 0015 EA000000 		.4byte	.LASF23
ARM GAS  C:\Users\mrowiecn\AppData\Local\Temp\ccZwfoFH.s 			page 8


 261 0019 00000000 		.4byte	.Ldebug_ranges0+0
 262 001d 00000000 		.4byte	0
 263 0021 00000000 		.4byte	.Ldebug_line0
 264 0025 02       		.uleb128 0x2
 265 0026 01       		.byte	0x1
 266 0027 06       		.byte	0x6
 267 0028 EE010000 		.4byte	.LASF0
 268 002c 02       		.uleb128 0x2
 269 002d 01       		.byte	0x1
 270 002e 08       		.byte	0x8
 271 002f DC000000 		.4byte	.LASF1
 272 0033 02       		.uleb128 0x2
 273 0034 02       		.byte	0x2
 274 0035 05       		.byte	0x5
 275 0036 D5010000 		.4byte	.LASF2
 276 003a 02       		.uleb128 0x2
 277 003b 02       		.byte	0x2
 278 003c 07       		.byte	0x7
 279 003d 38010000 		.4byte	.LASF3
 280 0041 02       		.uleb128 0x2
 281 0042 04       		.byte	0x4
 282 0043 05       		.byte	0x5
 283 0044 E5010000 		.4byte	.LASF4
 284 0048 02       		.uleb128 0x2
 285 0049 04       		.byte	0x4
 286 004a 07       		.byte	0x7
 287 004b 26010000 		.4byte	.LASF5
 288 004f 02       		.uleb128 0x2
 289 0050 08       		.byte	0x8
 290 0051 05       		.byte	0x5
 291 0052 9E010000 		.4byte	.LASF6
 292 0056 02       		.uleb128 0x2
 293 0057 08       		.byte	0x8
 294 0058 07       		.byte	0x7
 295 0059 6D010000 		.4byte	.LASF7
 296 005d 03       		.uleb128 0x3
 297 005e 04       		.byte	0x4
 298 005f 05       		.byte	0x5
 299 0060 696E7400 		.ascii	"int\000"
 300 0064 02       		.uleb128 0x2
 301 0065 04       		.byte	0x4
 302 0066 07       		.byte	0x7
 303 0067 60010000 		.4byte	.LASF8
 304 006b 04       		.uleb128 0x4
 305 006c DF010000 		.4byte	.LASF12
 306 0070 02       		.byte	0x2
 307 0071 C2       		.byte	0xc2
 308 0072 2C000000 		.4byte	0x2c
 309 0076 02       		.uleb128 0x2
 310 0077 04       		.byte	0x4
 311 0078 04       		.byte	0x4
 312 0079 B3000000 		.4byte	.LASF9
 313 007d 02       		.uleb128 0x2
 314 007e 08       		.byte	0x8
 315 007f 04       		.byte	0x4
 316 0080 4B010000 		.4byte	.LASF10
 317 0084 02       		.uleb128 0x2
ARM GAS  C:\Users\mrowiecn\AppData\Local\Temp\ccZwfoFH.s 			page 9


 318 0085 01       		.byte	0x1
 319 0086 08       		.byte	0x8
 320 0087 C3010000 		.4byte	.LASF11
 321 008b 05       		.uleb128 0x5
 322 008c 21010000 		.4byte	.LASF13
 323 0090 02       		.byte	0x2
 324 0091 6C01     		.2byte	0x16c
 325 0093 97000000 		.4byte	0x97
 326 0097 06       		.uleb128 0x6
 327 0098 6B000000 		.4byte	0x6b
 328 009c 07       		.uleb128 0x7
 329 009d 52010000 		.4byte	.LASF14
 330 00a1 01       		.byte	0x1
 331 00a2 27       		.byte	0x27
 332 00a3 00000000 		.4byte	.LFB0
 333 00a7 38000000 		.4byte	.LFE0-.LFB0
 334 00ab 01       		.uleb128 0x1
 335 00ac 9C       		.byte	0x9c
 336 00ad CE000000 		.4byte	0xce
 337 00b1 08       		.uleb128 0x8
 338 00b2 00000000 		.4byte	.LASF16
 339 00b6 01       		.byte	0x1
 340 00b7 27       		.byte	0x27
 341 00b8 6B000000 		.4byte	0x6b
 342 00bc 02       		.uleb128 0x2
 343 00bd 91       		.byte	0x91
 344 00be 6F       		.sleb128 -17
 345 00bf 09       		.uleb128 0x9
 346 00c0 1A000000 		.4byte	.LASF24
 347 00c4 01       		.byte	0x1
 348 00c5 29       		.byte	0x29
 349 00c6 6B000000 		.4byte	0x6b
 350 00ca 02       		.uleb128 0x2
 351 00cb 91       		.byte	0x91
 352 00cc 77       		.sleb128 -9
 353 00cd 00       		.byte	0
 354 00ce 07       		.uleb128 0x7
 355 00cf 89010000 		.4byte	.LASF15
 356 00d3 01       		.byte	0x1
 357 00d4 45       		.byte	0x45
 358 00d5 00000000 		.4byte	.LFB1
 359 00d9 38000000 		.4byte	.LFE1-.LFB1
 360 00dd 01       		.uleb128 0x1
 361 00de 9C       		.byte	0x9c
 362 00df F2000000 		.4byte	0xf2
 363 00e3 08       		.uleb128 0x8
 364 00e4 84010000 		.4byte	.LASF17
 365 00e8 01       		.byte	0x1
 366 00e9 45       		.byte	0x45
 367 00ea 6B000000 		.4byte	0x6b
 368 00ee 02       		.uleb128 0x2
 369 00ef 91       		.byte	0x91
 370 00f0 77       		.sleb128 -9
 371 00f1 00       		.byte	0
 372 00f2 0A       		.uleb128 0xa
 373 00f3 C8010000 		.4byte	.LASF18
 374 00f7 01       		.byte	0x1
ARM GAS  C:\Users\mrowiecn\AppData\Local\Temp\ccZwfoFH.s 			page 10


 375 00f8 5D       		.byte	0x5d
 376 00f9 6B000000 		.4byte	0x6b
 377 00fd 00000000 		.4byte	.LFB2
 378 0101 20000000 		.4byte	.LFE2-.LFB2
 379 0105 01       		.uleb128 0x1
 380 0106 9C       		.byte	0x9c
 381 0107 0A       		.uleb128 0xa
 382 0108 06000000 		.4byte	.LASF19
 383 010c 01       		.byte	0x1
 384 010d 71       		.byte	0x71
 385 010e 6B000000 		.4byte	0x6b
 386 0112 00000000 		.4byte	.LFB3
 387 0116 20000000 		.4byte	.LFE3-.LFB3
 388 011a 01       		.uleb128 0x1
 389 011b 9C       		.byte	0x9c
 390 011c 0A       		.uleb128 0xa
 391 011d AC010000 		.4byte	.LASF20
 392 0121 01       		.byte	0x1
 393 0122 88       		.byte	0x88
 394 0123 6B000000 		.4byte	0x6b
 395 0127 00000000 		.4byte	.LFB4
 396 012b 20000000 		.4byte	.LFE4-.LFB4
 397 012f 01       		.uleb128 0x1
 398 0130 9C       		.byte	0x9c
 399 0131 00       		.byte	0
 400              		.section	.debug_abbrev,"",%progbits
 401              	.Ldebug_abbrev0:
 402 0000 01       		.uleb128 0x1
 403 0001 11       		.uleb128 0x11
 404 0002 01       		.byte	0x1
 405 0003 25       		.uleb128 0x25
 406 0004 0E       		.uleb128 0xe
 407 0005 13       		.uleb128 0x13
 408 0006 0B       		.uleb128 0xb
 409 0007 03       		.uleb128 0x3
 410 0008 0E       		.uleb128 0xe
 411 0009 1B       		.uleb128 0x1b
 412 000a 0E       		.uleb128 0xe
 413 000b 55       		.uleb128 0x55
 414 000c 17       		.uleb128 0x17
 415 000d 11       		.uleb128 0x11
 416 000e 01       		.uleb128 0x1
 417 000f 10       		.uleb128 0x10
 418 0010 17       		.uleb128 0x17
 419 0011 00       		.byte	0
 420 0012 00       		.byte	0
 421 0013 02       		.uleb128 0x2
 422 0014 24       		.uleb128 0x24
 423 0015 00       		.byte	0
 424 0016 0B       		.uleb128 0xb
 425 0017 0B       		.uleb128 0xb
 426 0018 3E       		.uleb128 0x3e
 427 0019 0B       		.uleb128 0xb
 428 001a 03       		.uleb128 0x3
 429 001b 0E       		.uleb128 0xe
 430 001c 00       		.byte	0
 431 001d 00       		.byte	0
ARM GAS  C:\Users\mrowiecn\AppData\Local\Temp\ccZwfoFH.s 			page 11


 432 001e 03       		.uleb128 0x3
 433 001f 24       		.uleb128 0x24
 434 0020 00       		.byte	0
 435 0021 0B       		.uleb128 0xb
 436 0022 0B       		.uleb128 0xb
 437 0023 3E       		.uleb128 0x3e
 438 0024 0B       		.uleb128 0xb
 439 0025 03       		.uleb128 0x3
 440 0026 08       		.uleb128 0x8
 441 0027 00       		.byte	0
 442 0028 00       		.byte	0
 443 0029 04       		.uleb128 0x4
 444 002a 16       		.uleb128 0x16
 445 002b 00       		.byte	0
 446 002c 03       		.uleb128 0x3
 447 002d 0E       		.uleb128 0xe
 448 002e 3A       		.uleb128 0x3a
 449 002f 0B       		.uleb128 0xb
 450 0030 3B       		.uleb128 0x3b
 451 0031 0B       		.uleb128 0xb
 452 0032 49       		.uleb128 0x49
 453 0033 13       		.uleb128 0x13
 454 0034 00       		.byte	0
 455 0035 00       		.byte	0
 456 0036 05       		.uleb128 0x5
 457 0037 16       		.uleb128 0x16
 458 0038 00       		.byte	0
 459 0039 03       		.uleb128 0x3
 460 003a 0E       		.uleb128 0xe
 461 003b 3A       		.uleb128 0x3a
 462 003c 0B       		.uleb128 0xb
 463 003d 3B       		.uleb128 0x3b
 464 003e 05       		.uleb128 0x5
 465 003f 49       		.uleb128 0x49
 466 0040 13       		.uleb128 0x13
 467 0041 00       		.byte	0
 468 0042 00       		.byte	0
 469 0043 06       		.uleb128 0x6
 470 0044 35       		.uleb128 0x35
 471 0045 00       		.byte	0
 472 0046 49       		.uleb128 0x49
 473 0047 13       		.uleb128 0x13
 474 0048 00       		.byte	0
 475 0049 00       		.byte	0
 476 004a 07       		.uleb128 0x7
 477 004b 2E       		.uleb128 0x2e
 478 004c 01       		.byte	0x1
 479 004d 3F       		.uleb128 0x3f
 480 004e 19       		.uleb128 0x19
 481 004f 03       		.uleb128 0x3
 482 0050 0E       		.uleb128 0xe
 483 0051 3A       		.uleb128 0x3a
 484 0052 0B       		.uleb128 0xb
 485 0053 3B       		.uleb128 0x3b
 486 0054 0B       		.uleb128 0xb
 487 0055 27       		.uleb128 0x27
 488 0056 19       		.uleb128 0x19
ARM GAS  C:\Users\mrowiecn\AppData\Local\Temp\ccZwfoFH.s 			page 12


 489 0057 11       		.uleb128 0x11
 490 0058 01       		.uleb128 0x1
 491 0059 12       		.uleb128 0x12
 492 005a 06       		.uleb128 0x6
 493 005b 40       		.uleb128 0x40
 494 005c 18       		.uleb128 0x18
 495 005d 9742     		.uleb128 0x2117
 496 005f 19       		.uleb128 0x19
 497 0060 01       		.uleb128 0x1
 498 0061 13       		.uleb128 0x13
 499 0062 00       		.byte	0
 500 0063 00       		.byte	0
 501 0064 08       		.uleb128 0x8
 502 0065 05       		.uleb128 0x5
 503 0066 00       		.byte	0
 504 0067 03       		.uleb128 0x3
 505 0068 0E       		.uleb128 0xe
 506 0069 3A       		.uleb128 0x3a
 507 006a 0B       		.uleb128 0xb
 508 006b 3B       		.uleb128 0x3b
 509 006c 0B       		.uleb128 0xb
 510 006d 49       		.uleb128 0x49
 511 006e 13       		.uleb128 0x13
 512 006f 02       		.uleb128 0x2
 513 0070 18       		.uleb128 0x18
 514 0071 00       		.byte	0
 515 0072 00       		.byte	0
 516 0073 09       		.uleb128 0x9
 517 0074 34       		.uleb128 0x34
 518 0075 00       		.byte	0
 519 0076 03       		.uleb128 0x3
 520 0077 0E       		.uleb128 0xe
 521 0078 3A       		.uleb128 0x3a
 522 0079 0B       		.uleb128 0xb
 523 007a 3B       		.uleb128 0x3b
 524 007b 0B       		.uleb128 0xb
 525 007c 49       		.uleb128 0x49
 526 007d 13       		.uleb128 0x13
 527 007e 02       		.uleb128 0x2
 528 007f 18       		.uleb128 0x18
 529 0080 00       		.byte	0
 530 0081 00       		.byte	0
 531 0082 0A       		.uleb128 0xa
 532 0083 2E       		.uleb128 0x2e
 533 0084 00       		.byte	0
 534 0085 3F       		.uleb128 0x3f
 535 0086 19       		.uleb128 0x19
 536 0087 03       		.uleb128 0x3
 537 0088 0E       		.uleb128 0xe
 538 0089 3A       		.uleb128 0x3a
 539 008a 0B       		.uleb128 0xb
 540 008b 3B       		.uleb128 0x3b
 541 008c 0B       		.uleb128 0xb
 542 008d 27       		.uleb128 0x27
 543 008e 19       		.uleb128 0x19
 544 008f 49       		.uleb128 0x49
 545 0090 13       		.uleb128 0x13
ARM GAS  C:\Users\mrowiecn\AppData\Local\Temp\ccZwfoFH.s 			page 13


 546 0091 11       		.uleb128 0x11
 547 0092 01       		.uleb128 0x1
 548 0093 12       		.uleb128 0x12
 549 0094 06       		.uleb128 0x6
 550 0095 40       		.uleb128 0x40
 551 0096 18       		.uleb128 0x18
 552 0097 9742     		.uleb128 0x2117
 553 0099 19       		.uleb128 0x19
 554 009a 00       		.byte	0
 555 009b 00       		.byte	0
 556 009c 00       		.byte	0
 557              		.section	.debug_aranges,"",%progbits
 558 0000 3C000000 		.4byte	0x3c
 559 0004 0200     		.2byte	0x2
 560 0006 00000000 		.4byte	.Ldebug_info0
 561 000a 04       		.byte	0x4
 562 000b 00       		.byte	0
 563 000c 0000     		.2byte	0
 564 000e 0000     		.2byte	0
 565 0010 00000000 		.4byte	.LFB0
 566 0014 38000000 		.4byte	.LFE0-.LFB0
 567 0018 00000000 		.4byte	.LFB1
 568 001c 38000000 		.4byte	.LFE1-.LFB1
 569 0020 00000000 		.4byte	.LFB2
 570 0024 20000000 		.4byte	.LFE2-.LFB2
 571 0028 00000000 		.4byte	.LFB3
 572 002c 20000000 		.4byte	.LFE3-.LFB3
 573 0030 00000000 		.4byte	.LFB4
 574 0034 20000000 		.4byte	.LFE4-.LFB4
 575 0038 00000000 		.4byte	0
 576 003c 00000000 		.4byte	0
 577              		.section	.debug_ranges,"",%progbits
 578              	.Ldebug_ranges0:
 579 0000 00000000 		.4byte	.LFB0
 580 0004 38000000 		.4byte	.LFE0
 581 0008 00000000 		.4byte	.LFB1
 582 000c 38000000 		.4byte	.LFE1
 583 0010 00000000 		.4byte	.LFB2
 584 0014 20000000 		.4byte	.LFE2
 585 0018 00000000 		.4byte	.LFB3
 586 001c 20000000 		.4byte	.LFE3
 587 0020 00000000 		.4byte	.LFB4
 588 0024 20000000 		.4byte	.LFE4
 589 0028 00000000 		.4byte	0
 590 002c 00000000 		.4byte	0
 591              		.section	.debug_line,"",%progbits
 592              	.Ldebug_line0:
 593 0000 A6000000 		.section	.debug_str,"MS",%progbits,1
 593      02004600 
 593      00000201 
 593      FB0E0D00 
 593      01010101 
 594              	.LASF16:
 595 0000 76616C75 		.ascii	"value\000"
 595      6500
 596              	.LASF19:
 597 0006 52656365 		.ascii	"Receive_ReadDataReg\000"
ARM GAS  C:\Users\mrowiecn\AppData\Local\Temp\ccZwfoFH.s 			page 14


 597      6976655F 
 597      52656164 
 597      44617461 
 597      52656700 
 598              	.LASF24:
 599 001a 73746174 		.ascii	"staticBits\000"
 599      69634269 
 599      747300
 600              	.LASF21:
 601 0025 474E5520 		.ascii	"GNU C 4.9.3 20150303 (release) [ARM/embedded-4_9-br"
 601      4320342E 
 601      392E3320 
 601      32303135 
 601      30333033 
 602 0058 616E6368 		.ascii	"anch revision 221220] -mcpu=cortex-m3 -mthumb -g -O"
 602      20726576 
 602      6973696F 
 602      6E203232 
 602      31323230 
 603 008b 30202D66 		.ascii	"0 -ffunction-sections -ffat-lto-objects\000"
 603      66756E63 
 603      74696F6E 
 603      2D736563 
 603      74696F6E 
 604              	.LASF9:
 605 00b3 666C6F61 		.ascii	"float\000"
 605      7400
 606              	.LASF22:
 607 00b9 2E5C4765 		.ascii	".\\Generated_Source\\PSoC5\\Receive.c\000"
 607      6E657261 
 607      7465645F 
 607      536F7572 
 607      63655C50 
 608              	.LASF1:
 609 00dc 756E7369 		.ascii	"unsigned char\000"
 609      676E6564 
 609      20636861 
 609      7200
 610              	.LASF23:
 611 00ea 443A5C4D 		.ascii	"D:\\MyDocs\\Documents\\CE4950\\USB_UART01\\USB_UART"
 611      79446F63 
 611      735C446F 
 611      63756D65 
 611      6E74735C 
 612 0118 30312E63 		.ascii	"01.cydsn\000"
 612      7964736E 
 612      00
 613              	.LASF13:
 614 0121 72656738 		.ascii	"reg8\000"
 614      00
 615              	.LASF5:
 616 0126 6C6F6E67 		.ascii	"long unsigned int\000"
 616      20756E73 
 616      69676E65 
 616      6420696E 
 616      7400
 617              	.LASF3:
ARM GAS  C:\Users\mrowiecn\AppData\Local\Temp\ccZwfoFH.s 			page 15


 618 0138 73686F72 		.ascii	"short unsigned int\000"
 618      7420756E 
 618      7369676E 
 618      65642069 
 618      6E7400
 619              	.LASF10:
 620 014b 646F7562 		.ascii	"double\000"
 620      6C6500
 621              	.LASF14:
 622 0152 52656365 		.ascii	"Receive_Write\000"
 622      6976655F 
 622      57726974 
 622      6500
 623              	.LASF8:
 624 0160 756E7369 		.ascii	"unsigned int\000"
 624      676E6564 
 624      20696E74 
 624      00
 625              	.LASF7:
 626 016d 6C6F6E67 		.ascii	"long long unsigned int\000"
 626      206C6F6E 
 626      6720756E 
 626      7369676E 
 626      65642069 
 627              	.LASF17:
 628 0184 6D6F6465 		.ascii	"mode\000"
 628      00
 629              	.LASF15:
 630 0189 52656365 		.ascii	"Receive_SetDriveMode\000"
 630      6976655F 
 630      53657444 
 630      72697665 
 630      4D6F6465 
 631              	.LASF6:
 632 019e 6C6F6E67 		.ascii	"long long int\000"
 632      206C6F6E 
 632      6720696E 
 632      7400
 633              	.LASF20:
 634 01ac 52656365 		.ascii	"Receive_ClearInterrupt\000"
 634      6976655F 
 634      436C6561 
 634      72496E74 
 634      65727275 
 635              	.LASF11:
 636 01c3 63686172 		.ascii	"char\000"
 636      00
 637              	.LASF18:
 638 01c8 52656365 		.ascii	"Receive_Read\000"
 638      6976655F 
 638      52656164 
 638      00
 639              	.LASF2:
 640 01d5 73686F72 		.ascii	"short int\000"
 640      7420696E 
 640      7400
 641              	.LASF12:
ARM GAS  C:\Users\mrowiecn\AppData\Local\Temp\ccZwfoFH.s 			page 16


 642 01df 75696E74 		.ascii	"uint8\000"
 642      3800
 643              	.LASF4:
 644 01e5 6C6F6E67 		.ascii	"long int\000"
 644      20696E74 
 644      00
 645              	.LASF0:
 646 01ee 7369676E 		.ascii	"signed char\000"
 646      65642063 
 646      68617200 
 647              		.ident	"GCC: (GNU Tools for ARM Embedded Processors) 4.9.3 20150303 (release) [ARM/embedded-4_9-br
