ARM GAS  C:\Users\mrowiecn\AppData\Local\Temp\cco3cH6q.s 			page 1


   1              		.syntax unified
   2              		.cpu cortex-m3
   3              		.fpu softvfp
   4              		.eabi_attribute 20, 1
   5              		.eabi_attribute 21, 1
   6              		.eabi_attribute 23, 3
   7              		.eabi_attribute 24, 1
   8              		.eabi_attribute 25, 1
   9              		.eabi_attribute 26, 1
  10              		.eabi_attribute 30, 6
  11              		.eabi_attribute 34, 1
  12              		.eabi_attribute 18, 4
  13              		.thumb
  14              		.file	"USBUART_1_episr.c"
  15              		.text
  16              	.Ltext0:
  17              		.cfi_sections	.debug_frame
  18              		.section	.text.USBUART_1_EP_1_ISR,"ax",%progbits
  19              		.align	2
  20              		.global	USBUART_1_EP_1_ISR
  21              		.thumb
  22              		.thumb_func
  23              		.type	USBUART_1_EP_1_ISR, %function
  24              	USBUART_1_EP_1_ISR:
  25              	.LFB0:
  26              		.file 1 ".\\Generated_Source\\PSoC5\\USBUART_1_episr.c"
   1:.\Generated_Source\PSoC5/USBUART_1_episr.c **** /*******************************************************************************
   2:.\Generated_Source\PSoC5/USBUART_1_episr.c **** * File Name: USBUART_1_episr.c
   3:.\Generated_Source\PSoC5/USBUART_1_episr.c **** * Version 2.80
   4:.\Generated_Source\PSoC5/USBUART_1_episr.c **** *
   5:.\Generated_Source\PSoC5/USBUART_1_episr.c **** * Description:
   6:.\Generated_Source\PSoC5/USBUART_1_episr.c **** *  Data endpoint Interrupt Service Routines
   7:.\Generated_Source\PSoC5/USBUART_1_episr.c **** *
   8:.\Generated_Source\PSoC5/USBUART_1_episr.c **** * Note:
   9:.\Generated_Source\PSoC5/USBUART_1_episr.c **** *
  10:.\Generated_Source\PSoC5/USBUART_1_episr.c **** ********************************************************************************
  11:.\Generated_Source\PSoC5/USBUART_1_episr.c **** * Copyright 2008-2014, Cypress Semiconductor Corporation.  All rights reserved.
  12:.\Generated_Source\PSoC5/USBUART_1_episr.c **** * You may use this file only in accordance with the license, terms, conditions,
  13:.\Generated_Source\PSoC5/USBUART_1_episr.c **** * disclaimers, and limitations in the end user license agreement accompanying
  14:.\Generated_Source\PSoC5/USBUART_1_episr.c **** * the software package with which this file was provided.
  15:.\Generated_Source\PSoC5/USBUART_1_episr.c **** *******************************************************************************/
  16:.\Generated_Source\PSoC5/USBUART_1_episr.c **** 
  17:.\Generated_Source\PSoC5/USBUART_1_episr.c **** #include "USBUART_1.h"
  18:.\Generated_Source\PSoC5/USBUART_1_episr.c **** #include "USBUART_1_pvt.h"
  19:.\Generated_Source\PSoC5/USBUART_1_episr.c **** #include "cyapicallbacks.h"
  20:.\Generated_Source\PSoC5/USBUART_1_episr.c **** #if (defined(USBUART_1_ENABLE_MIDI_STREAMING) && (USBUART_1_ENABLE_MIDI_API != 0u))
  21:.\Generated_Source\PSoC5/USBUART_1_episr.c ****     #include "USBUART_1_midi.h"
  22:.\Generated_Source\PSoC5/USBUART_1_episr.c **** #endif /* (defined(USBUART_1_ENABLE_MIDI_STREAMING) && (USBUART_1_ENABLE_MIDI_API != 0u)) */
  23:.\Generated_Source\PSoC5/USBUART_1_episr.c **** #if ((USBUART_1_EP_MM == USBUART_1__EP_DMAAUTO) && (USBUART_1_EP_DMA_AUTO_OPT == 0u))
  24:.\Generated_Source\PSoC5/USBUART_1_episr.c ****     #include "USBUART_1_EP8_DMA_Done_SR.h"
  25:.\Generated_Source\PSoC5/USBUART_1_episr.c ****     #include "USBUART_1_EP17_DMA_Done_SR.h"
  26:.\Generated_Source\PSoC5/USBUART_1_episr.c **** #endif /* (USBUART_1_EP_MM == USBUART_1__EP_DMAAUTO) && (USBUART_1_EP_DMA_AUTO_OPT == 0u) */
  27:.\Generated_Source\PSoC5/USBUART_1_episr.c **** 
  28:.\Generated_Source\PSoC5/USBUART_1_episr.c **** 
  29:.\Generated_Source\PSoC5/USBUART_1_episr.c **** /***************************************
  30:.\Generated_Source\PSoC5/USBUART_1_episr.c **** * Custom Declarations
  31:.\Generated_Source\PSoC5/USBUART_1_episr.c **** ***************************************/
ARM GAS  C:\Users\mrowiecn\AppData\Local\Temp\cco3cH6q.s 			page 2


  32:.\Generated_Source\PSoC5/USBUART_1_episr.c **** /* `#START CUSTOM_DECLARATIONS` Place your declaration here */
  33:.\Generated_Source\PSoC5/USBUART_1_episr.c **** 
  34:.\Generated_Source\PSoC5/USBUART_1_episr.c **** /* `#END` */
  35:.\Generated_Source\PSoC5/USBUART_1_episr.c **** 
  36:.\Generated_Source\PSoC5/USBUART_1_episr.c **** 
  37:.\Generated_Source\PSoC5/USBUART_1_episr.c **** #if(USBUART_1_EP1_ISR_REMOVE == 0u)
  38:.\Generated_Source\PSoC5/USBUART_1_episr.c **** 
  39:.\Generated_Source\PSoC5/USBUART_1_episr.c **** 
  40:.\Generated_Source\PSoC5/USBUART_1_episr.c ****     /******************************************************************************
  41:.\Generated_Source\PSoC5/USBUART_1_episr.c ****     * Function Name: USBUART_1_EP_1_ISR
  42:.\Generated_Source\PSoC5/USBUART_1_episr.c ****     *******************************************************************************
  43:.\Generated_Source\PSoC5/USBUART_1_episr.c ****     *
  44:.\Generated_Source\PSoC5/USBUART_1_episr.c ****     * Summary:
  45:.\Generated_Source\PSoC5/USBUART_1_episr.c ****     *  Endpoint 1 Interrupt Service Routine
  46:.\Generated_Source\PSoC5/USBUART_1_episr.c ****     *
  47:.\Generated_Source\PSoC5/USBUART_1_episr.c ****     * Parameters:
  48:.\Generated_Source\PSoC5/USBUART_1_episr.c ****     *  None.
  49:.\Generated_Source\PSoC5/USBUART_1_episr.c ****     *
  50:.\Generated_Source\PSoC5/USBUART_1_episr.c ****     * Return:
  51:.\Generated_Source\PSoC5/USBUART_1_episr.c ****     *  None.
  52:.\Generated_Source\PSoC5/USBUART_1_episr.c ****     *
  53:.\Generated_Source\PSoC5/USBUART_1_episr.c ****     ******************************************************************************/
  54:.\Generated_Source\PSoC5/USBUART_1_episr.c ****     CY_ISR(USBUART_1_EP_1_ISR)
  55:.\Generated_Source\PSoC5/USBUART_1_episr.c ****     {
  27              		.loc 1 55 0
  28              		.cfi_startproc
  29              		@ args = 0, pretend = 0, frame = 0
  30              		@ frame_needed = 1, uses_anonymous_args = 0
  31              		@ link register save eliminated.
  32 0000 80B4     		push	{r7}
  33              		.cfi_def_cfa_offset 4
  34              		.cfi_offset 7, -4
  35 0002 00AF     		add	r7, sp, #0
  36              		.cfi_def_cfa_register 7
  56:.\Generated_Source\PSoC5/USBUART_1_episr.c ****         #if (defined(USBUART_1_ENABLE_MIDI_STREAMING) && !defined(USBUART_1_MAIN_SERVICE_MIDI_OUT) 
  57:.\Generated_Source\PSoC5/USBUART_1_episr.c ****                      USBUART_1_ISR_SERVICE_MIDI_OUT && CY_PSOC3)
  58:.\Generated_Source\PSoC5/USBUART_1_episr.c ****             uint8 int_en;
  59:.\Generated_Source\PSoC5/USBUART_1_episr.c ****         #endif /* USBUART_1_ISR_SERVICE_MIDI_OUT && CY_PSOC3 */
  60:.\Generated_Source\PSoC5/USBUART_1_episr.c **** 
  61:.\Generated_Source\PSoC5/USBUART_1_episr.c ****         #ifdef USBUART_1_EP_1_ISR_ENTRY_CALLBACK
  62:.\Generated_Source\PSoC5/USBUART_1_episr.c ****             USBUART_1_EP_1_ISR_EntryCallback();
  63:.\Generated_Source\PSoC5/USBUART_1_episr.c ****         #endif /* USBUART_1_EP_1_ISR_ENTRY_CALLBACK */
  64:.\Generated_Source\PSoC5/USBUART_1_episr.c **** 
  65:.\Generated_Source\PSoC5/USBUART_1_episr.c ****         /* `#START EP1_USER_CODE` Place your code here */
  66:.\Generated_Source\PSoC5/USBUART_1_episr.c **** 
  67:.\Generated_Source\PSoC5/USBUART_1_episr.c ****         /* `#END` */
  68:.\Generated_Source\PSoC5/USBUART_1_episr.c **** 
  69:.\Generated_Source\PSoC5/USBUART_1_episr.c ****         #if (defined(USBUART_1_ENABLE_MIDI_STREAMING) && !defined(USBUART_1_MAIN_SERVICE_MIDI_OUT) 
  70:.\Generated_Source\PSoC5/USBUART_1_episr.c ****                      USBUART_1_ISR_SERVICE_MIDI_OUT && CY_PSOC3)
  71:.\Generated_Source\PSoC5/USBUART_1_episr.c ****             int_en = EA;
  72:.\Generated_Source\PSoC5/USBUART_1_episr.c ****             CyGlobalIntEnable;  /* Make sure nested interrupt is enabled */
  73:.\Generated_Source\PSoC5/USBUART_1_episr.c ****         #endif /* USBUART_1_ISR_SERVICE_MIDI_OUT && CY_PSOC3 */
  74:.\Generated_Source\PSoC5/USBUART_1_episr.c **** 
  75:.\Generated_Source\PSoC5/USBUART_1_episr.c ****         CY_GET_REG8(USBUART_1_SIE_EP1_CR0_PTR); /* Must read the mode reg */
  37              		.loc 1 75 0
  38 0004 104B     		ldr	r3, .L3
  39 0006 1B78     		ldrb	r3, [r3]
ARM GAS  C:\Users\mrowiecn\AppData\Local\Temp\cco3cH6q.s 			page 3


  76:.\Generated_Source\PSoC5/USBUART_1_episr.c ****         /* Do not toggle ISOC endpoint */
  77:.\Generated_Source\PSoC5/USBUART_1_episr.c ****         if((USBUART_1_EP[USBUART_1_EP1].attrib & USBUART_1_EP_TYPE_MASK) !=
  40              		.loc 1 77 0
  41 0008 104B     		ldr	r3, .L3+4
  42 000a 1B7B     		ldrb	r3, [r3, #12]
  43 000c DBB2     		uxtb	r3, r3
  44 000e 03F00303 		and	r3, r3, #3
  45 0012 012B     		cmp	r3, #1
  46 0014 08D0     		beq	.L2
  78:.\Generated_Source\PSoC5/USBUART_1_episr.c ****                                                                                     USBUART_1_EP_TY
  79:.\Generated_Source\PSoC5/USBUART_1_episr.c ****         {
  80:.\Generated_Source\PSoC5/USBUART_1_episr.c ****             USBUART_1_EP[USBUART_1_EP1].epToggle ^= USBUART_1_EPX_CNT_DATA_TOGGLE;
  47              		.loc 1 80 0
  48 0016 0D4B     		ldr	r3, .L3+4
  49 0018 DB7B     		ldrb	r3, [r3, #15]
  50 001a DBB2     		uxtb	r3, r3
  51 001c 83F07F03 		eor	r3, r3, #127
  52 0020 DB43     		mvns	r3, r3
  53 0022 DAB2     		uxtb	r2, r3
  54 0024 094B     		ldr	r3, .L3+4
  55 0026 DA73     		strb	r2, [r3, #15]
  56              	.L2:
  81:.\Generated_Source\PSoC5/USBUART_1_episr.c ****         }
  82:.\Generated_Source\PSoC5/USBUART_1_episr.c ****         USBUART_1_EP[USBUART_1_EP1].apiEpState = USBUART_1_EVENT_PENDING;
  57              		.loc 1 82 0
  58 0028 084B     		ldr	r3, .L3+4
  59 002a 0122     		movs	r2, #1
  60 002c 5A73     		strb	r2, [r3, #13]
  83:.\Generated_Source\PSoC5/USBUART_1_episr.c ****         CY_SET_REG8(USBUART_1_SIE_EP_INT_SR_PTR, CY_GET_REG8(USBUART_1_SIE_EP_INT_SR_PTR) &
  61              		.loc 1 83 0
  62 002e 084A     		ldr	r2, .L3+8
  63 0030 074B     		ldr	r3, .L3+8
  64 0032 1B78     		ldrb	r3, [r3]
  65 0034 DBB2     		uxtb	r3, r3
  66 0036 23F00103 		bic	r3, r3, #1
  67 003a DBB2     		uxtb	r3, r3
  68 003c 1370     		strb	r3, [r2]
  84:.\Generated_Source\PSoC5/USBUART_1_episr.c ****                                                                     (uint8)~USBUART_1_SIE_EP_INT_EP
  85:.\Generated_Source\PSoC5/USBUART_1_episr.c **** 
  86:.\Generated_Source\PSoC5/USBUART_1_episr.c ****         #if (defined(USBUART_1_ENABLE_MIDI_STREAMING) && !defined(USBUART_1_MAIN_SERVICE_MIDI_OUT) 
  87:.\Generated_Source\PSoC5/USBUART_1_episr.c ****                      USBUART_1_ISR_SERVICE_MIDI_OUT)
  88:.\Generated_Source\PSoC5/USBUART_1_episr.c ****             if(USBUART_1_midi_out_ep == USBUART_1_EP1)
  89:.\Generated_Source\PSoC5/USBUART_1_episr.c ****             {
  90:.\Generated_Source\PSoC5/USBUART_1_episr.c ****                 USBUART_1_MIDI_OUT_EP_Service();
  91:.\Generated_Source\PSoC5/USBUART_1_episr.c ****             }
  92:.\Generated_Source\PSoC5/USBUART_1_episr.c ****         #endif /*  USBUART_1_ISR_SERVICE_MIDI_OUT */
  93:.\Generated_Source\PSoC5/USBUART_1_episr.c **** 
  94:.\Generated_Source\PSoC5/USBUART_1_episr.c ****         /* `#START EP1_END_USER_CODE` Place your code here */
  95:.\Generated_Source\PSoC5/USBUART_1_episr.c **** 
  96:.\Generated_Source\PSoC5/USBUART_1_episr.c ****         /* `#END` */
  97:.\Generated_Source\PSoC5/USBUART_1_episr.c **** 
  98:.\Generated_Source\PSoC5/USBUART_1_episr.c ****         #ifdef USBUART_1_EP_1_ISR_EXIT_CALLBACK
  99:.\Generated_Source\PSoC5/USBUART_1_episr.c ****             USBUART_1_EP_1_ISR_ExitCallback();
 100:.\Generated_Source\PSoC5/USBUART_1_episr.c ****         #endif /* USBUART_1_EP_1_ISR_EXIT_CALLBACK */
 101:.\Generated_Source\PSoC5/USBUART_1_episr.c **** 
 102:.\Generated_Source\PSoC5/USBUART_1_episr.c ****         #if (defined(USBUART_1_ENABLE_MIDI_STREAMING) && !defined(USBUART_1_MAIN_SERVICE_MIDI_OUT) 
 103:.\Generated_Source\PSoC5/USBUART_1_episr.c ****                      USBUART_1_ISR_SERVICE_MIDI_OUT && CY_PSOC3)
ARM GAS  C:\Users\mrowiecn\AppData\Local\Temp\cco3cH6q.s 			page 4


 104:.\Generated_Source\PSoC5/USBUART_1_episr.c ****             EA = int_en;
 105:.\Generated_Source\PSoC5/USBUART_1_episr.c ****         #endif /* USBUART_1_ISR_SERVICE_MIDI_OUT && CY_PSOC3 */
 106:.\Generated_Source\PSoC5/USBUART_1_episr.c ****     }
  69              		.loc 1 106 0
  70 003e BD46     		mov	sp, r7
  71              		.cfi_def_cfa_register 13
  72              		@ sp needed
  73 0040 5DF8047B 		ldr	r7, [sp], #4
  74              		.cfi_restore 7
  75              		.cfi_def_cfa_offset 0
  76 0044 7047     		bx	lr
  77              	.L4:
  78 0046 00BF     		.align	2
  79              	.L3:
  80 0048 0E600040 		.word	1073766414
  81 004c 00000000 		.word	USBUART_1_EP
  82 0050 0B600040 		.word	1073766411
  83              		.cfi_endproc
  84              	.LFE0:
  85              		.size	USBUART_1_EP_1_ISR, .-USBUART_1_EP_1_ISR
  86              		.section	.text.USBUART_1_EP_2_ISR,"ax",%progbits
  87              		.align	2
  88              		.global	USBUART_1_EP_2_ISR
  89              		.thumb
  90              		.thumb_func
  91              		.type	USBUART_1_EP_2_ISR, %function
  92              	USBUART_1_EP_2_ISR:
  93              	.LFB1:
 107:.\Generated_Source\PSoC5/USBUART_1_episr.c **** 
 108:.\Generated_Source\PSoC5/USBUART_1_episr.c **** #endif   /*  USBUART_1_EP1_ISR_REMOVE */
 109:.\Generated_Source\PSoC5/USBUART_1_episr.c **** 
 110:.\Generated_Source\PSoC5/USBUART_1_episr.c **** 
 111:.\Generated_Source\PSoC5/USBUART_1_episr.c **** #if(USBUART_1_EP2_ISR_REMOVE == 0u)
 112:.\Generated_Source\PSoC5/USBUART_1_episr.c **** 
 113:.\Generated_Source\PSoC5/USBUART_1_episr.c ****     /*******************************************************************************
 114:.\Generated_Source\PSoC5/USBUART_1_episr.c ****     * Function Name: USBUART_1_EP_2_ISR
 115:.\Generated_Source\PSoC5/USBUART_1_episr.c ****     ********************************************************************************
 116:.\Generated_Source\PSoC5/USBUART_1_episr.c ****     *
 117:.\Generated_Source\PSoC5/USBUART_1_episr.c ****     * Summary:
 118:.\Generated_Source\PSoC5/USBUART_1_episr.c ****     *  Endpoint 2 Interrupt Service Routine
 119:.\Generated_Source\PSoC5/USBUART_1_episr.c ****     *
 120:.\Generated_Source\PSoC5/USBUART_1_episr.c ****     * Parameters:
 121:.\Generated_Source\PSoC5/USBUART_1_episr.c ****     *  None.
 122:.\Generated_Source\PSoC5/USBUART_1_episr.c ****     *
 123:.\Generated_Source\PSoC5/USBUART_1_episr.c ****     * Return:
 124:.\Generated_Source\PSoC5/USBUART_1_episr.c ****     *  None.
 125:.\Generated_Source\PSoC5/USBUART_1_episr.c ****     *
 126:.\Generated_Source\PSoC5/USBUART_1_episr.c ****     *******************************************************************************/
 127:.\Generated_Source\PSoC5/USBUART_1_episr.c ****     CY_ISR(USBUART_1_EP_2_ISR)
 128:.\Generated_Source\PSoC5/USBUART_1_episr.c ****     {
  94              		.loc 1 128 0
  95              		.cfi_startproc
  96              		@ args = 0, pretend = 0, frame = 0
  97              		@ frame_needed = 1, uses_anonymous_args = 0
  98              		@ link register save eliminated.
  99 0000 80B4     		push	{r7}
 100              		.cfi_def_cfa_offset 4
ARM GAS  C:\Users\mrowiecn\AppData\Local\Temp\cco3cH6q.s 			page 5


 101              		.cfi_offset 7, -4
 102 0002 00AF     		add	r7, sp, #0
 103              		.cfi_def_cfa_register 7
 129:.\Generated_Source\PSoC5/USBUART_1_episr.c ****         #if (defined(USBUART_1_ENABLE_MIDI_STREAMING) && !defined(USBUART_1_MAIN_SERVICE_MIDI_OUT) 
 130:.\Generated_Source\PSoC5/USBUART_1_episr.c ****                      USBUART_1_ISR_SERVICE_MIDI_OUT && CY_PSOC3)
 131:.\Generated_Source\PSoC5/USBUART_1_episr.c ****             uint8 int_en;
 132:.\Generated_Source\PSoC5/USBUART_1_episr.c ****         #endif /* USBUART_1_ISR_SERVICE_MIDI_OUT && CY_PSOC3 */
 133:.\Generated_Source\PSoC5/USBUART_1_episr.c **** 
 134:.\Generated_Source\PSoC5/USBUART_1_episr.c ****         #ifdef USBUART_1_EP_2_ISR_ENTRY_CALLBACK
 135:.\Generated_Source\PSoC5/USBUART_1_episr.c ****             USBUART_1_EP_2_ISR_EntryCallback();
 136:.\Generated_Source\PSoC5/USBUART_1_episr.c ****         #endif /* USBUART_1_EP_2_ISR_ENTRY_CALLBACK */
 137:.\Generated_Source\PSoC5/USBUART_1_episr.c **** 
 138:.\Generated_Source\PSoC5/USBUART_1_episr.c ****         /* `#START EP2_USER_CODE` Place your code here */
 139:.\Generated_Source\PSoC5/USBUART_1_episr.c **** 
 140:.\Generated_Source\PSoC5/USBUART_1_episr.c ****         /* `#END` */
 141:.\Generated_Source\PSoC5/USBUART_1_episr.c **** 
 142:.\Generated_Source\PSoC5/USBUART_1_episr.c ****         #if (defined(USBUART_1_ENABLE_MIDI_STREAMING) && !defined(USBUART_1_MAIN_SERVICE_MIDI_OUT) 
 143:.\Generated_Source\PSoC5/USBUART_1_episr.c ****                      USBUART_1_ISR_SERVICE_MIDI_OUT && CY_PSOC3)
 144:.\Generated_Source\PSoC5/USBUART_1_episr.c ****             int_en = EA;
 145:.\Generated_Source\PSoC5/USBUART_1_episr.c ****             CyGlobalIntEnable;  /* Make sure nested interrupt is enabled */
 146:.\Generated_Source\PSoC5/USBUART_1_episr.c ****         #endif /* USBUART_1_ISR_SERVICE_MIDI_OUT && CY_PSOC3 */
 147:.\Generated_Source\PSoC5/USBUART_1_episr.c **** 
 148:.\Generated_Source\PSoC5/USBUART_1_episr.c ****         CY_GET_REG8(USBUART_1_SIE_EP2_CR0_PTR); /* Must read the mode reg */
 104              		.loc 1 148 0
 105 0004 104B     		ldr	r3, .L7
 106 0006 1B78     		ldrb	r3, [r3]
 149:.\Generated_Source\PSoC5/USBUART_1_episr.c ****         /* Do not toggle ISOC endpoint */
 150:.\Generated_Source\PSoC5/USBUART_1_episr.c ****         if((USBUART_1_EP[USBUART_1_EP2].attrib & USBUART_1_EP_TYPE_MASK) !=
 107              		.loc 1 150 0
 108 0008 104B     		ldr	r3, .L7+4
 109 000a 1B7E     		ldrb	r3, [r3, #24]
 110 000c DBB2     		uxtb	r3, r3
 111 000e 03F00303 		and	r3, r3, #3
 112 0012 012B     		cmp	r3, #1
 113 0014 08D0     		beq	.L6
 151:.\Generated_Source\PSoC5/USBUART_1_episr.c ****                                                                                     USBUART_1_EP_TY
 152:.\Generated_Source\PSoC5/USBUART_1_episr.c ****         {
 153:.\Generated_Source\PSoC5/USBUART_1_episr.c ****             USBUART_1_EP[USBUART_1_EP2].epToggle ^= USBUART_1_EPX_CNT_DATA_TOGGLE;
 114              		.loc 1 153 0
 115 0016 0D4B     		ldr	r3, .L7+4
 116 0018 DB7E     		ldrb	r3, [r3, #27]
 117 001a DBB2     		uxtb	r3, r3
 118 001c 83F07F03 		eor	r3, r3, #127
 119 0020 DB43     		mvns	r3, r3
 120 0022 DAB2     		uxtb	r2, r3
 121 0024 094B     		ldr	r3, .L7+4
 122 0026 DA76     		strb	r2, [r3, #27]
 123              	.L6:
 154:.\Generated_Source\PSoC5/USBUART_1_episr.c ****         }
 155:.\Generated_Source\PSoC5/USBUART_1_episr.c ****         USBUART_1_EP[USBUART_1_EP2].apiEpState = USBUART_1_EVENT_PENDING;
 124              		.loc 1 155 0
 125 0028 084B     		ldr	r3, .L7+4
 126 002a 0122     		movs	r2, #1
 127 002c 5A76     		strb	r2, [r3, #25]
 156:.\Generated_Source\PSoC5/USBUART_1_episr.c ****         CY_SET_REG8(USBUART_1_SIE_EP_INT_SR_PTR, CY_GET_REG8(USBUART_1_SIE_EP_INT_SR_PTR)
 128              		.loc 1 156 0
 129 002e 084A     		ldr	r2, .L7+8
ARM GAS  C:\Users\mrowiecn\AppData\Local\Temp\cco3cH6q.s 			page 6


 130 0030 074B     		ldr	r3, .L7+8
 131 0032 1B78     		ldrb	r3, [r3]
 132 0034 DBB2     		uxtb	r3, r3
 133 0036 23F00203 		bic	r3, r3, #2
 134 003a DBB2     		uxtb	r3, r3
 135 003c 1370     		strb	r3, [r2]
 157:.\Generated_Source\PSoC5/USBUART_1_episr.c ****                                                                         & (uint8)~USBUART_1_SIE_EP_
 158:.\Generated_Source\PSoC5/USBUART_1_episr.c **** 
 159:.\Generated_Source\PSoC5/USBUART_1_episr.c ****         #if (defined(USBUART_1_ENABLE_MIDI_STREAMING) && !defined(USBUART_1_MAIN_SERVICE_MIDI_OUT) 
 160:.\Generated_Source\PSoC5/USBUART_1_episr.c ****                      USBUART_1_ISR_SERVICE_MIDI_OUT)
 161:.\Generated_Source\PSoC5/USBUART_1_episr.c ****             if(USBUART_1_midi_out_ep == USBUART_1_EP2)
 162:.\Generated_Source\PSoC5/USBUART_1_episr.c ****             {
 163:.\Generated_Source\PSoC5/USBUART_1_episr.c ****                 USBUART_1_MIDI_OUT_EP_Service();
 164:.\Generated_Source\PSoC5/USBUART_1_episr.c ****             }
 165:.\Generated_Source\PSoC5/USBUART_1_episr.c ****         #endif /*  USBUART_1_ISR_SERVICE_MIDI_OUT */
 166:.\Generated_Source\PSoC5/USBUART_1_episr.c **** 
 167:.\Generated_Source\PSoC5/USBUART_1_episr.c ****         /* `#START EP2_END_USER_CODE` Place your code here */
 168:.\Generated_Source\PSoC5/USBUART_1_episr.c **** 
 169:.\Generated_Source\PSoC5/USBUART_1_episr.c ****         /* `#END` */
 170:.\Generated_Source\PSoC5/USBUART_1_episr.c **** 
 171:.\Generated_Source\PSoC5/USBUART_1_episr.c ****         #ifdef USBUART_1_EP_2_ISR_EXIT_CALLBACK
 172:.\Generated_Source\PSoC5/USBUART_1_episr.c ****             USBUART_1_EP_2_ISR_ExitCallback();
 173:.\Generated_Source\PSoC5/USBUART_1_episr.c ****         #endif /* USBUART_1_EP_2_ISR_EXIT_CALLBACK */
 174:.\Generated_Source\PSoC5/USBUART_1_episr.c ****         
 175:.\Generated_Source\PSoC5/USBUART_1_episr.c ****         #if (defined(USBUART_1_ENABLE_MIDI_STREAMING) && !defined(USBUART_1_MAIN_SERVICE_MIDI_OUT) 
 176:.\Generated_Source\PSoC5/USBUART_1_episr.c ****                      USBUART_1_ISR_SERVICE_MIDI_OUT && CY_PSOC3)
 177:.\Generated_Source\PSoC5/USBUART_1_episr.c ****             EA = int_en;
 178:.\Generated_Source\PSoC5/USBUART_1_episr.c ****         #endif /* USBUART_1_ISR_SERVICE_MIDI_OUT && CY_PSOC3 */
 179:.\Generated_Source\PSoC5/USBUART_1_episr.c ****     }
 136              		.loc 1 179 0
 137 003e BD46     		mov	sp, r7
 138              		.cfi_def_cfa_register 13
 139              		@ sp needed
 140 0040 5DF8047B 		ldr	r7, [sp], #4
 141              		.cfi_restore 7
 142              		.cfi_def_cfa_offset 0
 143 0044 7047     		bx	lr
 144              	.L8:
 145 0046 00BF     		.align	2
 146              	.L7:
 147 0048 1E600040 		.word	1073766430
 148 004c 00000000 		.word	USBUART_1_EP
 149 0050 0B600040 		.word	1073766411
 150              		.cfi_endproc
 151              	.LFE1:
 152              		.size	USBUART_1_EP_2_ISR, .-USBUART_1_EP_2_ISR
 153              		.section	.text.USBUART_1_EP_3_ISR,"ax",%progbits
 154              		.align	2
 155              		.global	USBUART_1_EP_3_ISR
 156              		.thumb
 157              		.thumb_func
 158              		.type	USBUART_1_EP_3_ISR, %function
 159              	USBUART_1_EP_3_ISR:
 160              	.LFB2:
 180:.\Generated_Source\PSoC5/USBUART_1_episr.c **** 
 181:.\Generated_Source\PSoC5/USBUART_1_episr.c **** #endif   /*  USBUART_1_EP2_ISR_REMOVE */
 182:.\Generated_Source\PSoC5/USBUART_1_episr.c **** 
ARM GAS  C:\Users\mrowiecn\AppData\Local\Temp\cco3cH6q.s 			page 7


 183:.\Generated_Source\PSoC5/USBUART_1_episr.c **** 
 184:.\Generated_Source\PSoC5/USBUART_1_episr.c **** #if(USBUART_1_EP3_ISR_REMOVE == 0u)
 185:.\Generated_Source\PSoC5/USBUART_1_episr.c **** 
 186:.\Generated_Source\PSoC5/USBUART_1_episr.c ****     /*******************************************************************************
 187:.\Generated_Source\PSoC5/USBUART_1_episr.c ****     * Function Name: USBUART_1_EP_3_ISR
 188:.\Generated_Source\PSoC5/USBUART_1_episr.c ****     ********************************************************************************
 189:.\Generated_Source\PSoC5/USBUART_1_episr.c ****     *
 190:.\Generated_Source\PSoC5/USBUART_1_episr.c ****     * Summary:
 191:.\Generated_Source\PSoC5/USBUART_1_episr.c ****     *  Endpoint 3 Interrupt Service Routine
 192:.\Generated_Source\PSoC5/USBUART_1_episr.c ****     *
 193:.\Generated_Source\PSoC5/USBUART_1_episr.c ****     * Parameters:
 194:.\Generated_Source\PSoC5/USBUART_1_episr.c ****     *  None.
 195:.\Generated_Source\PSoC5/USBUART_1_episr.c ****     *
 196:.\Generated_Source\PSoC5/USBUART_1_episr.c ****     * Return:
 197:.\Generated_Source\PSoC5/USBUART_1_episr.c ****     *  None.
 198:.\Generated_Source\PSoC5/USBUART_1_episr.c ****     *
 199:.\Generated_Source\PSoC5/USBUART_1_episr.c ****     *******************************************************************************/
 200:.\Generated_Source\PSoC5/USBUART_1_episr.c ****     CY_ISR(USBUART_1_EP_3_ISR)
 201:.\Generated_Source\PSoC5/USBUART_1_episr.c ****     {
 161              		.loc 1 201 0
 162              		.cfi_startproc
 163              		@ args = 0, pretend = 0, frame = 0
 164              		@ frame_needed = 1, uses_anonymous_args = 0
 165              		@ link register save eliminated.
 166 0000 80B4     		push	{r7}
 167              		.cfi_def_cfa_offset 4
 168              		.cfi_offset 7, -4
 169 0002 00AF     		add	r7, sp, #0
 170              		.cfi_def_cfa_register 7
 202:.\Generated_Source\PSoC5/USBUART_1_episr.c ****         #if (defined(USBUART_1_ENABLE_MIDI_STREAMING) && !defined(USBUART_1_MAIN_SERVICE_MIDI_OUT) 
 203:.\Generated_Source\PSoC5/USBUART_1_episr.c ****                      USBUART_1_ISR_SERVICE_MIDI_OUT && CY_PSOC3)
 204:.\Generated_Source\PSoC5/USBUART_1_episr.c ****             uint8 int_en;
 205:.\Generated_Source\PSoC5/USBUART_1_episr.c ****         #endif /* USBUART_1_ISR_SERVICE_MIDI_OUT && CY_PSOC3 */
 206:.\Generated_Source\PSoC5/USBUART_1_episr.c **** 
 207:.\Generated_Source\PSoC5/USBUART_1_episr.c ****         #ifdef USBUART_1_EP_3_ISR_ENTRY_CALLBACK
 208:.\Generated_Source\PSoC5/USBUART_1_episr.c ****             USBUART_1_EP_3_ISR_EntryCallback();
 209:.\Generated_Source\PSoC5/USBUART_1_episr.c ****         #endif /* USBUART_1_EP_3_ISR_ENTRY_CALLBACK */
 210:.\Generated_Source\PSoC5/USBUART_1_episr.c **** 
 211:.\Generated_Source\PSoC5/USBUART_1_episr.c ****         /* `#START EP3_USER_CODE` Place your code here */
 212:.\Generated_Source\PSoC5/USBUART_1_episr.c **** 
 213:.\Generated_Source\PSoC5/USBUART_1_episr.c ****         /* `#END` */
 214:.\Generated_Source\PSoC5/USBUART_1_episr.c **** 
 215:.\Generated_Source\PSoC5/USBUART_1_episr.c ****         #if (defined(USBUART_1_ENABLE_MIDI_STREAMING) && !defined(USBUART_1_MAIN_SERVICE_MIDI_OUT) 
 216:.\Generated_Source\PSoC5/USBUART_1_episr.c ****                      USBUART_1_ISR_SERVICE_MIDI_OUT && CY_PSOC3)
 217:.\Generated_Source\PSoC5/USBUART_1_episr.c ****             int_en = EA;
 218:.\Generated_Source\PSoC5/USBUART_1_episr.c ****             CyGlobalIntEnable;  /* Make sure nested interrupt is enabled */
 219:.\Generated_Source\PSoC5/USBUART_1_episr.c ****         #endif /* CY_PSOC3 & USBUART_1_ISR_SERVICE_MIDI_OUT  */
 220:.\Generated_Source\PSoC5/USBUART_1_episr.c **** 
 221:.\Generated_Source\PSoC5/USBUART_1_episr.c ****         CY_GET_REG8(USBUART_1_SIE_EP3_CR0_PTR); /* Must read the mode reg */
 171              		.loc 1 221 0
 172 0004 124B     		ldr	r3, .L11
 173 0006 1B78     		ldrb	r3, [r3]
 222:.\Generated_Source\PSoC5/USBUART_1_episr.c ****         /* Do not toggle ISOC endpoint */
 223:.\Generated_Source\PSoC5/USBUART_1_episr.c ****         if((USBUART_1_EP[USBUART_1_EP3].attrib & USBUART_1_EP_TYPE_MASK) !=
 174              		.loc 1 223 0
 175 0008 124B     		ldr	r3, .L11+4
 176 000a 93F82430 		ldrb	r3, [r3, #36]
ARM GAS  C:\Users\mrowiecn\AppData\Local\Temp\cco3cH6q.s 			page 8


 177 000e DBB2     		uxtb	r3, r3
 178 0010 03F00303 		and	r3, r3, #3
 179 0014 012B     		cmp	r3, #1
 180 0016 0AD0     		beq	.L10
 224:.\Generated_Source\PSoC5/USBUART_1_episr.c ****                                                                                     USBUART_1_EP_TY
 225:.\Generated_Source\PSoC5/USBUART_1_episr.c ****         {
 226:.\Generated_Source\PSoC5/USBUART_1_episr.c ****             USBUART_1_EP[USBUART_1_EP3].epToggle ^= USBUART_1_EPX_CNT_DATA_TOGGLE;
 181              		.loc 1 226 0
 182 0018 0E4B     		ldr	r3, .L11+4
 183 001a 93F82730 		ldrb	r3, [r3, #39]
 184 001e DBB2     		uxtb	r3, r3
 185 0020 83F07F03 		eor	r3, r3, #127
 186 0024 DB43     		mvns	r3, r3
 187 0026 DAB2     		uxtb	r2, r3
 188 0028 0A4B     		ldr	r3, .L11+4
 189 002a 83F82720 		strb	r2, [r3, #39]
 190              	.L10:
 227:.\Generated_Source\PSoC5/USBUART_1_episr.c ****         }
 228:.\Generated_Source\PSoC5/USBUART_1_episr.c ****         USBUART_1_EP[USBUART_1_EP3].apiEpState = USBUART_1_EVENT_PENDING;
 191              		.loc 1 228 0
 192 002e 094B     		ldr	r3, .L11+4
 193 0030 0122     		movs	r2, #1
 194 0032 83F82520 		strb	r2, [r3, #37]
 229:.\Generated_Source\PSoC5/USBUART_1_episr.c ****         CY_SET_REG8(USBUART_1_SIE_EP_INT_SR_PTR, CY_GET_REG8(USBUART_1_SIE_EP_INT_SR_PTR)
 195              		.loc 1 229 0
 196 0036 084A     		ldr	r2, .L11+8
 197 0038 074B     		ldr	r3, .L11+8
 198 003a 1B78     		ldrb	r3, [r3]
 199 003c DBB2     		uxtb	r3, r3
 200 003e 23F00403 		bic	r3, r3, #4
 201 0042 DBB2     		uxtb	r3, r3
 202 0044 1370     		strb	r3, [r2]
 230:.\Generated_Source\PSoC5/USBUART_1_episr.c ****                                                                         & (uint8)~USBUART_1_SIE_EP_
 231:.\Generated_Source\PSoC5/USBUART_1_episr.c **** 
 232:.\Generated_Source\PSoC5/USBUART_1_episr.c ****         #if (defined(USBUART_1_ENABLE_MIDI_STREAMING) && !defined(USBUART_1_MAIN_SERVICE_MIDI_OUT) 
 233:.\Generated_Source\PSoC5/USBUART_1_episr.c ****                      USBUART_1_ISR_SERVICE_MIDI_OUT)
 234:.\Generated_Source\PSoC5/USBUART_1_episr.c ****             if(USBUART_1_midi_out_ep == USBUART_1_EP3)
 235:.\Generated_Source\PSoC5/USBUART_1_episr.c ****             {
 236:.\Generated_Source\PSoC5/USBUART_1_episr.c ****                 USBUART_1_MIDI_OUT_EP_Service();
 237:.\Generated_Source\PSoC5/USBUART_1_episr.c ****             }
 238:.\Generated_Source\PSoC5/USBUART_1_episr.c ****         #endif /*  USBUART_1_ISR_SERVICE_MIDI_OUT */
 239:.\Generated_Source\PSoC5/USBUART_1_episr.c **** 
 240:.\Generated_Source\PSoC5/USBUART_1_episr.c ****         /* `#START EP3_END_USER_CODE` Place your code here */
 241:.\Generated_Source\PSoC5/USBUART_1_episr.c **** 
 242:.\Generated_Source\PSoC5/USBUART_1_episr.c ****         /* `#END` */
 243:.\Generated_Source\PSoC5/USBUART_1_episr.c **** 
 244:.\Generated_Source\PSoC5/USBUART_1_episr.c ****         #ifdef USBUART_1_EP_3_ISR_EXIT_CALLBACK
 245:.\Generated_Source\PSoC5/USBUART_1_episr.c ****             USBUART_1_EP_3_ISR_ExitCallback();
 246:.\Generated_Source\PSoC5/USBUART_1_episr.c ****         #endif /* USBUART_1_EP_3_ISR_EXIT_CALLBACK */
 247:.\Generated_Source\PSoC5/USBUART_1_episr.c **** 
 248:.\Generated_Source\PSoC5/USBUART_1_episr.c ****         #if (defined(USBUART_1_ENABLE_MIDI_STREAMING) && !defined(USBUART_1_MAIN_SERVICE_MIDI_OUT) 
 249:.\Generated_Source\PSoC5/USBUART_1_episr.c ****                      USBUART_1_ISR_SERVICE_MIDI_OUT && CY_PSOC3)
 250:.\Generated_Source\PSoC5/USBUART_1_episr.c ****             EA = int_en;
 251:.\Generated_Source\PSoC5/USBUART_1_episr.c ****         #endif /* CY_PSOC3 & USBUART_1_ISR_SERVICE_MIDI_OUT  */
 252:.\Generated_Source\PSoC5/USBUART_1_episr.c ****     }
 203              		.loc 1 252 0
 204 0046 BD46     		mov	sp, r7
ARM GAS  C:\Users\mrowiecn\AppData\Local\Temp\cco3cH6q.s 			page 9


 205              		.cfi_def_cfa_register 13
 206              		@ sp needed
 207 0048 5DF8047B 		ldr	r7, [sp], #4
 208              		.cfi_restore 7
 209              		.cfi_def_cfa_offset 0
 210 004c 7047     		bx	lr
 211              	.L12:
 212 004e 00BF     		.align	2
 213              	.L11:
 214 0050 2E600040 		.word	1073766446
 215 0054 00000000 		.word	USBUART_1_EP
 216 0058 0B600040 		.word	1073766411
 217              		.cfi_endproc
 218              	.LFE2:
 219              		.size	USBUART_1_EP_3_ISR, .-USBUART_1_EP_3_ISR
 220              		.section	.text.USBUART_1_SOF_ISR,"ax",%progbits
 221              		.align	2
 222              		.global	USBUART_1_SOF_ISR
 223              		.thumb
 224              		.thumb_func
 225              		.type	USBUART_1_SOF_ISR, %function
 226              	USBUART_1_SOF_ISR:
 227              	.LFB3:
 253:.\Generated_Source\PSoC5/USBUART_1_episr.c **** 
 254:.\Generated_Source\PSoC5/USBUART_1_episr.c **** #endif   /*  USBUART_1_EP3_ISR_REMOVE */
 255:.\Generated_Source\PSoC5/USBUART_1_episr.c **** 
 256:.\Generated_Source\PSoC5/USBUART_1_episr.c **** 
 257:.\Generated_Source\PSoC5/USBUART_1_episr.c **** #if(USBUART_1_EP4_ISR_REMOVE == 0u)
 258:.\Generated_Source\PSoC5/USBUART_1_episr.c **** 
 259:.\Generated_Source\PSoC5/USBUART_1_episr.c ****     /*******************************************************************************
 260:.\Generated_Source\PSoC5/USBUART_1_episr.c ****     * Function Name: USBUART_1_EP_4_ISR
 261:.\Generated_Source\PSoC5/USBUART_1_episr.c ****     ********************************************************************************
 262:.\Generated_Source\PSoC5/USBUART_1_episr.c ****     *
 263:.\Generated_Source\PSoC5/USBUART_1_episr.c ****     * Summary:
 264:.\Generated_Source\PSoC5/USBUART_1_episr.c ****     *  Endpoint 4 Interrupt Service Routine
 265:.\Generated_Source\PSoC5/USBUART_1_episr.c ****     *
 266:.\Generated_Source\PSoC5/USBUART_1_episr.c ****     * Parameters:
 267:.\Generated_Source\PSoC5/USBUART_1_episr.c ****     *  None.
 268:.\Generated_Source\PSoC5/USBUART_1_episr.c ****     *
 269:.\Generated_Source\PSoC5/USBUART_1_episr.c ****     * Return:
 270:.\Generated_Source\PSoC5/USBUART_1_episr.c ****     *  None.
 271:.\Generated_Source\PSoC5/USBUART_1_episr.c ****     *
 272:.\Generated_Source\PSoC5/USBUART_1_episr.c ****     *******************************************************************************/
 273:.\Generated_Source\PSoC5/USBUART_1_episr.c ****     CY_ISR(USBUART_1_EP_4_ISR)
 274:.\Generated_Source\PSoC5/USBUART_1_episr.c ****     {
 275:.\Generated_Source\PSoC5/USBUART_1_episr.c ****         #if (defined(USBUART_1_ENABLE_MIDI_STREAMING) && !defined(USBUART_1_MAIN_SERVICE_MIDI_OUT) 
 276:.\Generated_Source\PSoC5/USBUART_1_episr.c ****                      USBUART_1_ISR_SERVICE_MIDI_OUT && CY_PSOC3)
 277:.\Generated_Source\PSoC5/USBUART_1_episr.c ****             uint8 int_en;
 278:.\Generated_Source\PSoC5/USBUART_1_episr.c ****         #endif /* CY_PSOC3 & USBUART_1_ISR_SERVICE_MIDI_OUT  */
 279:.\Generated_Source\PSoC5/USBUART_1_episr.c **** 
 280:.\Generated_Source\PSoC5/USBUART_1_episr.c ****         #ifdef USBUART_1_EP_4_ISR_ENTRY_CALLBACK
 281:.\Generated_Source\PSoC5/USBUART_1_episr.c ****             USBUART_1_EP_4_ISR_EntryCallback();
 282:.\Generated_Source\PSoC5/USBUART_1_episr.c ****         #endif /* USBUART_1_EP_4_ISR_ENTRY_CALLBACK */
 283:.\Generated_Source\PSoC5/USBUART_1_episr.c **** 
 284:.\Generated_Source\PSoC5/USBUART_1_episr.c ****         /* `#START EP4_USER_CODE` Place your code here */
 285:.\Generated_Source\PSoC5/USBUART_1_episr.c **** 
 286:.\Generated_Source\PSoC5/USBUART_1_episr.c ****         /* `#END` */
ARM GAS  C:\Users\mrowiecn\AppData\Local\Temp\cco3cH6q.s 			page 10


 287:.\Generated_Source\PSoC5/USBUART_1_episr.c **** 
 288:.\Generated_Source\PSoC5/USBUART_1_episr.c ****         #if (defined(USBUART_1_ENABLE_MIDI_STREAMING) && !defined(USBUART_1_MAIN_SERVICE_MIDI_OUT) 
 289:.\Generated_Source\PSoC5/USBUART_1_episr.c ****                      USBUART_1_ISR_SERVICE_MIDI_OUT && CY_PSOC3)
 290:.\Generated_Source\PSoC5/USBUART_1_episr.c ****             int_en = EA;
 291:.\Generated_Source\PSoC5/USBUART_1_episr.c ****             CyGlobalIntEnable;  /* Make sure nested interrupt is enabled */
 292:.\Generated_Source\PSoC5/USBUART_1_episr.c ****         #endif /* CY_PSOC3 & USBUART_1_ISR_SERVICE_MIDI_OUT  */
 293:.\Generated_Source\PSoC5/USBUART_1_episr.c **** 
 294:.\Generated_Source\PSoC5/USBUART_1_episr.c ****         CY_GET_REG8(USBUART_1_SIE_EP4_CR0_PTR); /* Must read the mode reg */
 295:.\Generated_Source\PSoC5/USBUART_1_episr.c ****         /* Do not toggle ISOC endpoint */
 296:.\Generated_Source\PSoC5/USBUART_1_episr.c ****         if((USBUART_1_EP[USBUART_1_EP4].attrib & USBUART_1_EP_TYPE_MASK) !=
 297:.\Generated_Source\PSoC5/USBUART_1_episr.c ****                                                                                     USBUART_1_EP_TY
 298:.\Generated_Source\PSoC5/USBUART_1_episr.c ****         {
 299:.\Generated_Source\PSoC5/USBUART_1_episr.c ****             USBUART_1_EP[USBUART_1_EP4].epToggle ^= USBUART_1_EPX_CNT_DATA_TOGGLE;
 300:.\Generated_Source\PSoC5/USBUART_1_episr.c ****         }
 301:.\Generated_Source\PSoC5/USBUART_1_episr.c ****         USBUART_1_EP[USBUART_1_EP4].apiEpState = USBUART_1_EVENT_PENDING;
 302:.\Generated_Source\PSoC5/USBUART_1_episr.c ****         CY_SET_REG8(USBUART_1_SIE_EP_INT_SR_PTR, CY_GET_REG8(USBUART_1_SIE_EP_INT_SR_PTR)
 303:.\Generated_Source\PSoC5/USBUART_1_episr.c ****                                                                         & (uint8)~USBUART_1_SIE_EP_
 304:.\Generated_Source\PSoC5/USBUART_1_episr.c **** 
 305:.\Generated_Source\PSoC5/USBUART_1_episr.c ****         #if (defined(USBUART_1_ENABLE_MIDI_STREAMING) && !defined(USBUART_1_MAIN_SERVICE_MIDI_OUT) 
 306:.\Generated_Source\PSoC5/USBUART_1_episr.c ****                      USBUART_1_ISR_SERVICE_MIDI_OUT)
 307:.\Generated_Source\PSoC5/USBUART_1_episr.c ****             if(USBUART_1_midi_out_ep == USBUART_1_EP4)
 308:.\Generated_Source\PSoC5/USBUART_1_episr.c ****             {
 309:.\Generated_Source\PSoC5/USBUART_1_episr.c ****                 USBUART_1_MIDI_OUT_EP_Service();
 310:.\Generated_Source\PSoC5/USBUART_1_episr.c ****             }
 311:.\Generated_Source\PSoC5/USBUART_1_episr.c ****         #endif /*  USBUART_1_ISR_SERVICE_MIDI_OUT */
 312:.\Generated_Source\PSoC5/USBUART_1_episr.c **** 
 313:.\Generated_Source\PSoC5/USBUART_1_episr.c ****         /* `#START EP4_END_USER_CODE` Place your code here */
 314:.\Generated_Source\PSoC5/USBUART_1_episr.c **** 
 315:.\Generated_Source\PSoC5/USBUART_1_episr.c ****         /* `#END` */
 316:.\Generated_Source\PSoC5/USBUART_1_episr.c **** 
 317:.\Generated_Source\PSoC5/USBUART_1_episr.c ****         #ifdef USBUART_1_EP_4_ISR_EXIT_CALLBACK
 318:.\Generated_Source\PSoC5/USBUART_1_episr.c ****             USBUART_1_EP_4_ISR_ExitCallback();
 319:.\Generated_Source\PSoC5/USBUART_1_episr.c ****         #endif /* USBUART_1_EP_4_ISR_EXIT_CALLBACK */
 320:.\Generated_Source\PSoC5/USBUART_1_episr.c **** 
 321:.\Generated_Source\PSoC5/USBUART_1_episr.c ****         #if (defined(USBUART_1_ENABLE_MIDI_STREAMING) && !defined(USBUART_1_MAIN_SERVICE_MIDI_OUT) 
 322:.\Generated_Source\PSoC5/USBUART_1_episr.c ****                      USBUART_1_ISR_SERVICE_MIDI_OUT && CY_PSOC3)
 323:.\Generated_Source\PSoC5/USBUART_1_episr.c ****             EA = int_en;
 324:.\Generated_Source\PSoC5/USBUART_1_episr.c ****         #endif /* CY_PSOC3 & USBUART_1_ISR_SERVICE_MIDI_OUT  */
 325:.\Generated_Source\PSoC5/USBUART_1_episr.c ****     }
 326:.\Generated_Source\PSoC5/USBUART_1_episr.c **** 
 327:.\Generated_Source\PSoC5/USBUART_1_episr.c **** #endif   /*  USBUART_1_EP4_ISR_REMOVE */
 328:.\Generated_Source\PSoC5/USBUART_1_episr.c **** 
 329:.\Generated_Source\PSoC5/USBUART_1_episr.c **** 
 330:.\Generated_Source\PSoC5/USBUART_1_episr.c **** #if(USBUART_1_EP5_ISR_REMOVE == 0u)
 331:.\Generated_Source\PSoC5/USBUART_1_episr.c **** 
 332:.\Generated_Source\PSoC5/USBUART_1_episr.c ****     /*******************************************************************************
 333:.\Generated_Source\PSoC5/USBUART_1_episr.c ****     * Function Name: USBUART_1_EP_5_ISR
 334:.\Generated_Source\PSoC5/USBUART_1_episr.c ****     ********************************************************************************
 335:.\Generated_Source\PSoC5/USBUART_1_episr.c ****     *
 336:.\Generated_Source\PSoC5/USBUART_1_episr.c ****     * Summary:
 337:.\Generated_Source\PSoC5/USBUART_1_episr.c ****     *  Endpoint 5 Interrupt Service Routine
 338:.\Generated_Source\PSoC5/USBUART_1_episr.c ****     *
 339:.\Generated_Source\PSoC5/USBUART_1_episr.c ****     * Parameters:
 340:.\Generated_Source\PSoC5/USBUART_1_episr.c ****     *  None.
 341:.\Generated_Source\PSoC5/USBUART_1_episr.c ****     *
 342:.\Generated_Source\PSoC5/USBUART_1_episr.c ****     * Return:
 343:.\Generated_Source\PSoC5/USBUART_1_episr.c ****     *  None.
ARM GAS  C:\Users\mrowiecn\AppData\Local\Temp\cco3cH6q.s 			page 11


 344:.\Generated_Source\PSoC5/USBUART_1_episr.c ****     *
 345:.\Generated_Source\PSoC5/USBUART_1_episr.c ****     *******************************************************************************/
 346:.\Generated_Source\PSoC5/USBUART_1_episr.c ****     CY_ISR(USBUART_1_EP_5_ISR)
 347:.\Generated_Source\PSoC5/USBUART_1_episr.c ****     {
 348:.\Generated_Source\PSoC5/USBUART_1_episr.c ****         #if (defined(USBUART_1_ENABLE_MIDI_STREAMING) && !defined(USBUART_1_MAIN_SERVICE_MIDI_OUT) 
 349:.\Generated_Source\PSoC5/USBUART_1_episr.c ****                      USBUART_1_ISR_SERVICE_MIDI_OUT && CY_PSOC3)
 350:.\Generated_Source\PSoC5/USBUART_1_episr.c ****             uint8 int_en;
 351:.\Generated_Source\PSoC5/USBUART_1_episr.c ****         #endif /* CY_PSOC3 & USBUART_1_ISR_SERVICE_MIDI_OUT  */
 352:.\Generated_Source\PSoC5/USBUART_1_episr.c **** 
 353:.\Generated_Source\PSoC5/USBUART_1_episr.c ****         #ifdef USBUART_1_EP_5_ISR_ENTRY_CALLBACK
 354:.\Generated_Source\PSoC5/USBUART_1_episr.c ****             USBUART_1_EP_5_ISR_EntryCallback();
 355:.\Generated_Source\PSoC5/USBUART_1_episr.c ****         #endif /* USBUART_1_EP_5_ISR_ENTRY_CALLBACK */
 356:.\Generated_Source\PSoC5/USBUART_1_episr.c **** 
 357:.\Generated_Source\PSoC5/USBUART_1_episr.c ****         /* `#START EP5_USER_CODE` Place your code here */
 358:.\Generated_Source\PSoC5/USBUART_1_episr.c **** 
 359:.\Generated_Source\PSoC5/USBUART_1_episr.c ****         /* `#END` */
 360:.\Generated_Source\PSoC5/USBUART_1_episr.c **** 
 361:.\Generated_Source\PSoC5/USBUART_1_episr.c ****         #if (defined(USBUART_1_ENABLE_MIDI_STREAMING) && !defined(USBUART_1_MAIN_SERVICE_MIDI_OUT) 
 362:.\Generated_Source\PSoC5/USBUART_1_episr.c ****                      USBUART_1_ISR_SERVICE_MIDI_OUT && CY_PSOC3)
 363:.\Generated_Source\PSoC5/USBUART_1_episr.c ****             int_en = EA;
 364:.\Generated_Source\PSoC5/USBUART_1_episr.c ****             CyGlobalIntEnable;  /* Make sure nested interrupt is enabled */
 365:.\Generated_Source\PSoC5/USBUART_1_episr.c ****         #endif /* CY_PSOC3 & USBUART_1_ISR_SERVICE_MIDI_OUT  */
 366:.\Generated_Source\PSoC5/USBUART_1_episr.c **** 
 367:.\Generated_Source\PSoC5/USBUART_1_episr.c ****         CY_GET_REG8(USBUART_1_SIE_EP5_CR0_PTR); /* Must read the mode reg */
 368:.\Generated_Source\PSoC5/USBUART_1_episr.c ****         /* Do not toggle ISOC endpoint */
 369:.\Generated_Source\PSoC5/USBUART_1_episr.c ****         if((USBUART_1_EP[USBUART_1_EP5].attrib & USBUART_1_EP_TYPE_MASK) !=
 370:.\Generated_Source\PSoC5/USBUART_1_episr.c ****                                                                                     USBUART_1_EP_TY
 371:.\Generated_Source\PSoC5/USBUART_1_episr.c ****         {
 372:.\Generated_Source\PSoC5/USBUART_1_episr.c ****             USBUART_1_EP[USBUART_1_EP5].epToggle ^= USBUART_1_EPX_CNT_DATA_TOGGLE;
 373:.\Generated_Source\PSoC5/USBUART_1_episr.c ****         }
 374:.\Generated_Source\PSoC5/USBUART_1_episr.c ****         USBUART_1_EP[USBUART_1_EP5].apiEpState = USBUART_1_EVENT_PENDING;
 375:.\Generated_Source\PSoC5/USBUART_1_episr.c ****         CY_SET_REG8(USBUART_1_SIE_EP_INT_SR_PTR, CY_GET_REG8(USBUART_1_SIE_EP_INT_SR_PTR)
 376:.\Generated_Source\PSoC5/USBUART_1_episr.c ****                                                                         & (uint8)~USBUART_1_SIE_EP_
 377:.\Generated_Source\PSoC5/USBUART_1_episr.c **** 
 378:.\Generated_Source\PSoC5/USBUART_1_episr.c ****         #if (defined(USBUART_1_ENABLE_MIDI_STREAMING) && !defined(USBUART_1_MAIN_SERVICE_MIDI_OUT) 
 379:.\Generated_Source\PSoC5/USBUART_1_episr.c ****                      USBUART_1_ISR_SERVICE_MIDI_OUT)
 380:.\Generated_Source\PSoC5/USBUART_1_episr.c ****             if(USBUART_1_midi_out_ep == USBUART_1_EP5)
 381:.\Generated_Source\PSoC5/USBUART_1_episr.c ****             {
 382:.\Generated_Source\PSoC5/USBUART_1_episr.c ****                 USBUART_1_MIDI_OUT_EP_Service();
 383:.\Generated_Source\PSoC5/USBUART_1_episr.c ****             }
 384:.\Generated_Source\PSoC5/USBUART_1_episr.c ****         #endif /*  USBUART_1_ISR_SERVICE_MIDI_OUT */
 385:.\Generated_Source\PSoC5/USBUART_1_episr.c **** 
 386:.\Generated_Source\PSoC5/USBUART_1_episr.c ****         /* `#START EP5_END_USER_CODE` Place your code here */
 387:.\Generated_Source\PSoC5/USBUART_1_episr.c **** 
 388:.\Generated_Source\PSoC5/USBUART_1_episr.c ****         /* `#END` */
 389:.\Generated_Source\PSoC5/USBUART_1_episr.c **** 
 390:.\Generated_Source\PSoC5/USBUART_1_episr.c ****         #ifdef USBUART_1_EP_5_ISR_EXIT_CALLBACK
 391:.\Generated_Source\PSoC5/USBUART_1_episr.c ****             USBUART_1_EP_5_ISR_ExitCallback();
 392:.\Generated_Source\PSoC5/USBUART_1_episr.c ****         #endif /* USBUART_1_EP_5_ISR_EXIT_CALLBACK */
 393:.\Generated_Source\PSoC5/USBUART_1_episr.c **** 
 394:.\Generated_Source\PSoC5/USBUART_1_episr.c ****         #if (defined(USBUART_1_ENABLE_MIDI_STREAMING) && !defined(USBUART_1_MAIN_SERVICE_MIDI_OUT) 
 395:.\Generated_Source\PSoC5/USBUART_1_episr.c ****                      USBUART_1_ISR_SERVICE_MIDI_OUT && CY_PSOC3)
 396:.\Generated_Source\PSoC5/USBUART_1_episr.c ****             EA = int_en;
 397:.\Generated_Source\PSoC5/USBUART_1_episr.c ****         #endif /* CY_PSOC3 & USBUART_1_ISR_SERVICE_MIDI_OUT  */
 398:.\Generated_Source\PSoC5/USBUART_1_episr.c ****     }
 399:.\Generated_Source\PSoC5/USBUART_1_episr.c **** #endif   /*  USBUART_1_EP5_ISR_REMOVE */
 400:.\Generated_Source\PSoC5/USBUART_1_episr.c **** 
ARM GAS  C:\Users\mrowiecn\AppData\Local\Temp\cco3cH6q.s 			page 12


 401:.\Generated_Source\PSoC5/USBUART_1_episr.c **** 
 402:.\Generated_Source\PSoC5/USBUART_1_episr.c **** #if(USBUART_1_EP6_ISR_REMOVE == 0u)
 403:.\Generated_Source\PSoC5/USBUART_1_episr.c **** 
 404:.\Generated_Source\PSoC5/USBUART_1_episr.c ****     /*******************************************************************************
 405:.\Generated_Source\PSoC5/USBUART_1_episr.c ****     * Function Name: USBUART_1_EP_6_ISR
 406:.\Generated_Source\PSoC5/USBUART_1_episr.c ****     ********************************************************************************
 407:.\Generated_Source\PSoC5/USBUART_1_episr.c ****     *
 408:.\Generated_Source\PSoC5/USBUART_1_episr.c ****     * Summary:
 409:.\Generated_Source\PSoC5/USBUART_1_episr.c ****     *  Endpoint 6 Interrupt Service Routine
 410:.\Generated_Source\PSoC5/USBUART_1_episr.c ****     *
 411:.\Generated_Source\PSoC5/USBUART_1_episr.c ****     * Parameters:
 412:.\Generated_Source\PSoC5/USBUART_1_episr.c ****     *  None.
 413:.\Generated_Source\PSoC5/USBUART_1_episr.c ****     *
 414:.\Generated_Source\PSoC5/USBUART_1_episr.c ****     * Return:
 415:.\Generated_Source\PSoC5/USBUART_1_episr.c ****     *  None.
 416:.\Generated_Source\PSoC5/USBUART_1_episr.c ****     *
 417:.\Generated_Source\PSoC5/USBUART_1_episr.c ****     *******************************************************************************/
 418:.\Generated_Source\PSoC5/USBUART_1_episr.c ****     CY_ISR(USBUART_1_EP_6_ISR)
 419:.\Generated_Source\PSoC5/USBUART_1_episr.c ****     {
 420:.\Generated_Source\PSoC5/USBUART_1_episr.c ****         #if (defined(USBUART_1_ENABLE_MIDI_STREAMING) && !defined(USBUART_1_MAIN_SERVICE_MIDI_OUT) 
 421:.\Generated_Source\PSoC5/USBUART_1_episr.c ****                      USBUART_1_ISR_SERVICE_MIDI_OUT && CY_PSOC3)
 422:.\Generated_Source\PSoC5/USBUART_1_episr.c ****             uint8 int_en;
 423:.\Generated_Source\PSoC5/USBUART_1_episr.c ****         #endif /* CY_PSOC3 & USBUART_1_ISR_SERVICE_MIDI_OUT  */
 424:.\Generated_Source\PSoC5/USBUART_1_episr.c **** 
 425:.\Generated_Source\PSoC5/USBUART_1_episr.c ****         #ifdef USBUART_1_EP_6_ISR_ENTRY_CALLBACK
 426:.\Generated_Source\PSoC5/USBUART_1_episr.c ****             USBUART_1_EP_6_ISR_EntryCallback();
 427:.\Generated_Source\PSoC5/USBUART_1_episr.c ****         #endif /* USBUART_1_EP_6_ISR_ENTRY_CALLBACK */
 428:.\Generated_Source\PSoC5/USBUART_1_episr.c **** 
 429:.\Generated_Source\PSoC5/USBUART_1_episr.c ****         /* `#START EP6_USER_CODE` Place your code here */
 430:.\Generated_Source\PSoC5/USBUART_1_episr.c **** 
 431:.\Generated_Source\PSoC5/USBUART_1_episr.c ****         /* `#END` */
 432:.\Generated_Source\PSoC5/USBUART_1_episr.c **** 
 433:.\Generated_Source\PSoC5/USBUART_1_episr.c ****         #if (defined(USBUART_1_ENABLE_MIDI_STREAMING) && !defined(USBUART_1_MAIN_SERVICE_MIDI_OUT) 
 434:.\Generated_Source\PSoC5/USBUART_1_episr.c ****                      USBUART_1_ISR_SERVICE_MIDI_OUT && CY_PSOC3)
 435:.\Generated_Source\PSoC5/USBUART_1_episr.c ****             int_en = EA;
 436:.\Generated_Source\PSoC5/USBUART_1_episr.c ****             CyGlobalIntEnable;  /* Make sure nested interrupt is enabled */
 437:.\Generated_Source\PSoC5/USBUART_1_episr.c ****         #endif /* CY_PSOC3 & USBUART_1_ISR_SERVICE_MIDI_OUT  */
 438:.\Generated_Source\PSoC5/USBUART_1_episr.c **** 
 439:.\Generated_Source\PSoC5/USBUART_1_episr.c ****         CY_GET_REG8(USBUART_1_SIE_EP6_CR0_PTR); /* Must read the mode reg */
 440:.\Generated_Source\PSoC5/USBUART_1_episr.c ****         /* Do not toggle ISOC endpoint */
 441:.\Generated_Source\PSoC5/USBUART_1_episr.c ****         if((USBUART_1_EP[USBUART_1_EP6].attrib & USBUART_1_EP_TYPE_MASK) !=
 442:.\Generated_Source\PSoC5/USBUART_1_episr.c ****                                                                                     USBUART_1_EP_TY
 443:.\Generated_Source\PSoC5/USBUART_1_episr.c ****         {
 444:.\Generated_Source\PSoC5/USBUART_1_episr.c ****             USBUART_1_EP[USBUART_1_EP6].epToggle ^= USBUART_1_EPX_CNT_DATA_TOGGLE;
 445:.\Generated_Source\PSoC5/USBUART_1_episr.c ****         }
 446:.\Generated_Source\PSoC5/USBUART_1_episr.c ****         USBUART_1_EP[USBUART_1_EP6].apiEpState = USBUART_1_EVENT_PENDING;
 447:.\Generated_Source\PSoC5/USBUART_1_episr.c ****         CY_SET_REG8(USBUART_1_SIE_EP_INT_SR_PTR, CY_GET_REG8(USBUART_1_SIE_EP_INT_SR_PTR)
 448:.\Generated_Source\PSoC5/USBUART_1_episr.c ****                                                                         & (uint8)~USBUART_1_SIE_EP_
 449:.\Generated_Source\PSoC5/USBUART_1_episr.c **** 
 450:.\Generated_Source\PSoC5/USBUART_1_episr.c ****         #if (defined(USBUART_1_ENABLE_MIDI_STREAMING) && !defined(USBUART_1_MAIN_SERVICE_MIDI_OUT) 
 451:.\Generated_Source\PSoC5/USBUART_1_episr.c ****                      USBUART_1_ISR_SERVICE_MIDI_OUT)
 452:.\Generated_Source\PSoC5/USBUART_1_episr.c ****             if(USBUART_1_midi_out_ep == USBUART_1_EP6)
 453:.\Generated_Source\PSoC5/USBUART_1_episr.c ****             {
 454:.\Generated_Source\PSoC5/USBUART_1_episr.c ****                 USBUART_1_MIDI_OUT_EP_Service();
 455:.\Generated_Source\PSoC5/USBUART_1_episr.c ****             }
 456:.\Generated_Source\PSoC5/USBUART_1_episr.c ****         #endif /*  USBUART_1_ISR_SERVICE_MIDI_OUT  */
 457:.\Generated_Source\PSoC5/USBUART_1_episr.c **** 
ARM GAS  C:\Users\mrowiecn\AppData\Local\Temp\cco3cH6q.s 			page 13


 458:.\Generated_Source\PSoC5/USBUART_1_episr.c ****         /* `#START EP6_END_USER_CODE` Place your code here */
 459:.\Generated_Source\PSoC5/USBUART_1_episr.c **** 
 460:.\Generated_Source\PSoC5/USBUART_1_episr.c ****         /* `#END` */
 461:.\Generated_Source\PSoC5/USBUART_1_episr.c **** 
 462:.\Generated_Source\PSoC5/USBUART_1_episr.c ****         #ifdef USBUART_1_EP_6_ISR_EXIT_CALLBACK
 463:.\Generated_Source\PSoC5/USBUART_1_episr.c ****             USBUART_1_EP_6_ISR_ExitCallback();
 464:.\Generated_Source\PSoC5/USBUART_1_episr.c ****         #endif /* USBUART_1_EP_6_ISR_EXIT_CALLBACK */
 465:.\Generated_Source\PSoC5/USBUART_1_episr.c **** 
 466:.\Generated_Source\PSoC5/USBUART_1_episr.c ****         #if (defined(USBUART_1_ENABLE_MIDI_STREAMING) && !defined(USBUART_1_MAIN_SERVICE_MIDI_OUT) 
 467:.\Generated_Source\PSoC5/USBUART_1_episr.c ****                      USBUART_1_ISR_SERVICE_MIDI_OUT && CY_PSOC3)
 468:.\Generated_Source\PSoC5/USBUART_1_episr.c ****             EA = int_en;
 469:.\Generated_Source\PSoC5/USBUART_1_episr.c ****         #endif /* CY_PSOC3 & USBUART_1_ISR_SERVICE_MIDI_OUT  */
 470:.\Generated_Source\PSoC5/USBUART_1_episr.c ****     }
 471:.\Generated_Source\PSoC5/USBUART_1_episr.c **** 
 472:.\Generated_Source\PSoC5/USBUART_1_episr.c **** #endif   /*  USBUART_1_EP6_ISR_REMOVE */
 473:.\Generated_Source\PSoC5/USBUART_1_episr.c **** 
 474:.\Generated_Source\PSoC5/USBUART_1_episr.c **** 
 475:.\Generated_Source\PSoC5/USBUART_1_episr.c **** #if(USBUART_1_EP7_ISR_REMOVE == 0u)
 476:.\Generated_Source\PSoC5/USBUART_1_episr.c **** 
 477:.\Generated_Source\PSoC5/USBUART_1_episr.c ****     /*******************************************************************************
 478:.\Generated_Source\PSoC5/USBUART_1_episr.c ****     * Function Name: USBUART_1_EP_7_ISR
 479:.\Generated_Source\PSoC5/USBUART_1_episr.c ****     ********************************************************************************
 480:.\Generated_Source\PSoC5/USBUART_1_episr.c ****     *
 481:.\Generated_Source\PSoC5/USBUART_1_episr.c ****     * Summary:
 482:.\Generated_Source\PSoC5/USBUART_1_episr.c ****     *  Endpoint 7 Interrupt Service Routine
 483:.\Generated_Source\PSoC5/USBUART_1_episr.c ****     *
 484:.\Generated_Source\PSoC5/USBUART_1_episr.c ****     * Parameters:
 485:.\Generated_Source\PSoC5/USBUART_1_episr.c ****     *  None.
 486:.\Generated_Source\PSoC5/USBUART_1_episr.c ****     *
 487:.\Generated_Source\PSoC5/USBUART_1_episr.c ****     * Return:
 488:.\Generated_Source\PSoC5/USBUART_1_episr.c ****     *  None.
 489:.\Generated_Source\PSoC5/USBUART_1_episr.c ****     *
 490:.\Generated_Source\PSoC5/USBUART_1_episr.c ****     *******************************************************************************/
 491:.\Generated_Source\PSoC5/USBUART_1_episr.c ****     CY_ISR(USBUART_1_EP_7_ISR)
 492:.\Generated_Source\PSoC5/USBUART_1_episr.c ****     {
 493:.\Generated_Source\PSoC5/USBUART_1_episr.c ****         #if (defined(USBUART_1_ENABLE_MIDI_STREAMING) && !defined(USBUART_1_MAIN_SERVICE_MIDI_OUT) 
 494:.\Generated_Source\PSoC5/USBUART_1_episr.c ****                      USBUART_1_ISR_SERVICE_MIDI_OUT && CY_PSOC3)
 495:.\Generated_Source\PSoC5/USBUART_1_episr.c ****             uint8 int_en;
 496:.\Generated_Source\PSoC5/USBUART_1_episr.c ****         #endif /* CY_PSOC3 & USBUART_1_ISR_SERVICE_MIDI_OUT  */
 497:.\Generated_Source\PSoC5/USBUART_1_episr.c **** 
 498:.\Generated_Source\PSoC5/USBUART_1_episr.c ****         #ifdef USBUART_1_EP_7_ISR_ENTRY_CALLBACK
 499:.\Generated_Source\PSoC5/USBUART_1_episr.c ****             USBUART_1_EP_7_ISR_EntryCallback();
 500:.\Generated_Source\PSoC5/USBUART_1_episr.c ****         #endif /* USBUART_1_EP_7_ISR_ENTRY_CALLBACK */
 501:.\Generated_Source\PSoC5/USBUART_1_episr.c **** 
 502:.\Generated_Source\PSoC5/USBUART_1_episr.c ****         /* `#START EP7_USER_CODE` Place your code here */
 503:.\Generated_Source\PSoC5/USBUART_1_episr.c **** 
 504:.\Generated_Source\PSoC5/USBUART_1_episr.c ****         /* `#END` */
 505:.\Generated_Source\PSoC5/USBUART_1_episr.c **** 
 506:.\Generated_Source\PSoC5/USBUART_1_episr.c ****         #if (defined(USBUART_1_ENABLE_MIDI_STREAMING) && !defined(USBUART_1_MAIN_SERVICE_MIDI_OUT) 
 507:.\Generated_Source\PSoC5/USBUART_1_episr.c ****                      USBUART_1_ISR_SERVICE_MIDI_OUT && CY_PSOC3)
 508:.\Generated_Source\PSoC5/USBUART_1_episr.c ****             int_en = EA;
 509:.\Generated_Source\PSoC5/USBUART_1_episr.c ****             CyGlobalIntEnable;  /* Make sure nested interrupt is enabled */
 510:.\Generated_Source\PSoC5/USBUART_1_episr.c ****         #endif /* CY_PSOC3 & USBUART_1_ISR_SERVICE_MIDI_OUT  */
 511:.\Generated_Source\PSoC5/USBUART_1_episr.c **** 
 512:.\Generated_Source\PSoC5/USBUART_1_episr.c ****         CY_GET_REG8(USBUART_1_SIE_EP7_CR0_PTR); /* Must read the mode reg */
 513:.\Generated_Source\PSoC5/USBUART_1_episr.c ****         /* Do not toggle ISOC endpoint */
 514:.\Generated_Source\PSoC5/USBUART_1_episr.c ****         if((USBUART_1_EP[USBUART_1_EP7].attrib & USBUART_1_EP_TYPE_MASK) !=
ARM GAS  C:\Users\mrowiecn\AppData\Local\Temp\cco3cH6q.s 			page 14


 515:.\Generated_Source\PSoC5/USBUART_1_episr.c ****                                                                                     USBUART_1_EP_TY
 516:.\Generated_Source\PSoC5/USBUART_1_episr.c ****         {
 517:.\Generated_Source\PSoC5/USBUART_1_episr.c ****             USBUART_1_EP[USBUART_1_EP7].epToggle ^= USBUART_1_EPX_CNT_DATA_TOGGLE;
 518:.\Generated_Source\PSoC5/USBUART_1_episr.c ****         }
 519:.\Generated_Source\PSoC5/USBUART_1_episr.c ****         USBUART_1_EP[USBUART_1_EP7].apiEpState = USBUART_1_EVENT_PENDING;
 520:.\Generated_Source\PSoC5/USBUART_1_episr.c ****         CY_SET_REG8(USBUART_1_SIE_EP_INT_SR_PTR, CY_GET_REG8(USBUART_1_SIE_EP_INT_SR_PTR)
 521:.\Generated_Source\PSoC5/USBUART_1_episr.c ****                                                                         & (uint8)~USBUART_1_SIE_EP_
 522:.\Generated_Source\PSoC5/USBUART_1_episr.c **** 
 523:.\Generated_Source\PSoC5/USBUART_1_episr.c ****         #if (defined(USBUART_1_ENABLE_MIDI_STREAMING) && !defined(USBUART_1_MAIN_SERVICE_MIDI_OUT) 
 524:.\Generated_Source\PSoC5/USBUART_1_episr.c ****                      USBUART_1_ISR_SERVICE_MIDI_OUT)
 525:.\Generated_Source\PSoC5/USBUART_1_episr.c ****             if(USBUART_1_midi_out_ep == USBUART_1_EP7)
 526:.\Generated_Source\PSoC5/USBUART_1_episr.c ****             {
 527:.\Generated_Source\PSoC5/USBUART_1_episr.c ****                 USBUART_1_MIDI_OUT_EP_Service();
 528:.\Generated_Source\PSoC5/USBUART_1_episr.c ****             }
 529:.\Generated_Source\PSoC5/USBUART_1_episr.c ****         #endif /*  USBUART_1_ISR_SERVICE_MIDI_OUT  */
 530:.\Generated_Source\PSoC5/USBUART_1_episr.c **** 
 531:.\Generated_Source\PSoC5/USBUART_1_episr.c ****         /* `#START EP7_END_USER_CODE` Place your code here */
 532:.\Generated_Source\PSoC5/USBUART_1_episr.c **** 
 533:.\Generated_Source\PSoC5/USBUART_1_episr.c ****         /* `#END` */
 534:.\Generated_Source\PSoC5/USBUART_1_episr.c **** 
 535:.\Generated_Source\PSoC5/USBUART_1_episr.c ****         #ifdef USBUART_1_EP_7_ISR_EXIT_CALLBACK
 536:.\Generated_Source\PSoC5/USBUART_1_episr.c ****             USBUART_1_EP_7_ISR_ExitCallback();
 537:.\Generated_Source\PSoC5/USBUART_1_episr.c ****         #endif /* USBUART_1_EP_7_ISR_EXIT_CALLBACK */
 538:.\Generated_Source\PSoC5/USBUART_1_episr.c **** 
 539:.\Generated_Source\PSoC5/USBUART_1_episr.c ****         #if (defined(USBUART_1_ENABLE_MIDI_STREAMING) && !defined(USBUART_1_MAIN_SERVICE_MIDI_OUT) 
 540:.\Generated_Source\PSoC5/USBUART_1_episr.c ****                      USBUART_1_ISR_SERVICE_MIDI_OUT && CY_PSOC3)
 541:.\Generated_Source\PSoC5/USBUART_1_episr.c ****             EA = int_en;
 542:.\Generated_Source\PSoC5/USBUART_1_episr.c ****         #endif /* CY_PSOC3 & USBUART_1_ISR_SERVICE_MIDI_OUT  */
 543:.\Generated_Source\PSoC5/USBUART_1_episr.c ****     }
 544:.\Generated_Source\PSoC5/USBUART_1_episr.c **** 
 545:.\Generated_Source\PSoC5/USBUART_1_episr.c **** #endif   /*  USBUART_1_EP7_ISR_REMOVE */
 546:.\Generated_Source\PSoC5/USBUART_1_episr.c **** 
 547:.\Generated_Source\PSoC5/USBUART_1_episr.c **** 
 548:.\Generated_Source\PSoC5/USBUART_1_episr.c **** #if(USBUART_1_EP8_ISR_REMOVE == 0u)
 549:.\Generated_Source\PSoC5/USBUART_1_episr.c **** 
 550:.\Generated_Source\PSoC5/USBUART_1_episr.c ****     /*******************************************************************************
 551:.\Generated_Source\PSoC5/USBUART_1_episr.c ****     * Function Name: USBUART_1_EP_8_ISR
 552:.\Generated_Source\PSoC5/USBUART_1_episr.c ****     ********************************************************************************
 553:.\Generated_Source\PSoC5/USBUART_1_episr.c ****     *
 554:.\Generated_Source\PSoC5/USBUART_1_episr.c ****     * Summary:
 555:.\Generated_Source\PSoC5/USBUART_1_episr.c ****     *  Endpoint 8 Interrupt Service Routine
 556:.\Generated_Source\PSoC5/USBUART_1_episr.c ****     *
 557:.\Generated_Source\PSoC5/USBUART_1_episr.c ****     * Parameters:
 558:.\Generated_Source\PSoC5/USBUART_1_episr.c ****     *  None.
 559:.\Generated_Source\PSoC5/USBUART_1_episr.c ****     *
 560:.\Generated_Source\PSoC5/USBUART_1_episr.c ****     * Return:
 561:.\Generated_Source\PSoC5/USBUART_1_episr.c ****     *  None.
 562:.\Generated_Source\PSoC5/USBUART_1_episr.c ****     *
 563:.\Generated_Source\PSoC5/USBUART_1_episr.c ****     *******************************************************************************/
 564:.\Generated_Source\PSoC5/USBUART_1_episr.c ****     CY_ISR(USBUART_1_EP_8_ISR)
 565:.\Generated_Source\PSoC5/USBUART_1_episr.c ****     {
 566:.\Generated_Source\PSoC5/USBUART_1_episr.c ****         #if (defined(USBUART_1_ENABLE_MIDI_STREAMING) && !defined(USBUART_1_MAIN_SERVICE_MIDI_OUT) 
 567:.\Generated_Source\PSoC5/USBUART_1_episr.c ****                      USBUART_1_ISR_SERVICE_MIDI_OUT && CY_PSOC3)
 568:.\Generated_Source\PSoC5/USBUART_1_episr.c ****             uint8 int_en;
 569:.\Generated_Source\PSoC5/USBUART_1_episr.c ****         #endif /* CY_PSOC3 & USBUART_1_ISR_SERVICE_MIDI_OUT  */
 570:.\Generated_Source\PSoC5/USBUART_1_episr.c **** 
 571:.\Generated_Source\PSoC5/USBUART_1_episr.c ****         #ifdef USBUART_1_EP_8_ISR_ENTRY_CALLBACK
ARM GAS  C:\Users\mrowiecn\AppData\Local\Temp\cco3cH6q.s 			page 15


 572:.\Generated_Source\PSoC5/USBUART_1_episr.c ****             USBUART_1_EP_8_ISR_EntryCallback();
 573:.\Generated_Source\PSoC5/USBUART_1_episr.c ****         #endif /* USBUART_1_EP_8_ISR_ENTRY_CALLBACK */
 574:.\Generated_Source\PSoC5/USBUART_1_episr.c **** 
 575:.\Generated_Source\PSoC5/USBUART_1_episr.c ****         /* `#START EP8_USER_CODE` Place your code here */
 576:.\Generated_Source\PSoC5/USBUART_1_episr.c **** 
 577:.\Generated_Source\PSoC5/USBUART_1_episr.c ****         /* `#END` */
 578:.\Generated_Source\PSoC5/USBUART_1_episr.c **** 
 579:.\Generated_Source\PSoC5/USBUART_1_episr.c ****         #if (defined(USBUART_1_ENABLE_MIDI_STREAMING) && !defined(USBUART_1_MAIN_SERVICE_MIDI_OUT) 
 580:.\Generated_Source\PSoC5/USBUART_1_episr.c ****                      USBUART_1_ISR_SERVICE_MIDI_OUT && CY_PSOC3)
 581:.\Generated_Source\PSoC5/USBUART_1_episr.c ****             int_en = EA;
 582:.\Generated_Source\PSoC5/USBUART_1_episr.c ****             CyGlobalIntEnable;  /* Make sure nested interrupt is enabled */
 583:.\Generated_Source\PSoC5/USBUART_1_episr.c ****         #endif /* CY_PSOC3 & USBUART_1_ISR_SERVICE_MIDI_OUT  */
 584:.\Generated_Source\PSoC5/USBUART_1_episr.c **** 
 585:.\Generated_Source\PSoC5/USBUART_1_episr.c ****         CY_GET_REG8(USBUART_1_SIE_EP8_CR0_PTR); /* Must read the mode reg */
 586:.\Generated_Source\PSoC5/USBUART_1_episr.c ****         /* Do not toggle ISOC endpoint */
 587:.\Generated_Source\PSoC5/USBUART_1_episr.c ****         if((USBUART_1_EP[USBUART_1_EP8].attrib & USBUART_1_EP_TYPE_MASK) !=
 588:.\Generated_Source\PSoC5/USBUART_1_episr.c ****                                                                                     USBUART_1_EP_TY
 589:.\Generated_Source\PSoC5/USBUART_1_episr.c ****         {
 590:.\Generated_Source\PSoC5/USBUART_1_episr.c ****             USBUART_1_EP[USBUART_1_EP8].epToggle ^= USBUART_1_EPX_CNT_DATA_TOGGLE;
 591:.\Generated_Source\PSoC5/USBUART_1_episr.c ****         }
 592:.\Generated_Source\PSoC5/USBUART_1_episr.c ****         USBUART_1_EP[USBUART_1_EP8].apiEpState = USBUART_1_EVENT_PENDING;
 593:.\Generated_Source\PSoC5/USBUART_1_episr.c ****         CY_SET_REG8(USBUART_1_SIE_EP_INT_SR_PTR, CY_GET_REG8(USBUART_1_SIE_EP_INT_SR_PTR)
 594:.\Generated_Source\PSoC5/USBUART_1_episr.c ****                                                                         & (uint8)~USBUART_1_SIE_EP_
 595:.\Generated_Source\PSoC5/USBUART_1_episr.c **** 
 596:.\Generated_Source\PSoC5/USBUART_1_episr.c ****         #if (defined(USBUART_1_ENABLE_MIDI_STREAMING) && !defined(USBUART_1_MAIN_SERVICE_MIDI_OUT) 
 597:.\Generated_Source\PSoC5/USBUART_1_episr.c ****                      USBUART_1_ISR_SERVICE_MIDI_OUT)
 598:.\Generated_Source\PSoC5/USBUART_1_episr.c ****             if(USBUART_1_midi_out_ep == USBUART_1_EP8)
 599:.\Generated_Source\PSoC5/USBUART_1_episr.c ****             {
 600:.\Generated_Source\PSoC5/USBUART_1_episr.c ****                 USBUART_1_MIDI_OUT_EP_Service();
 601:.\Generated_Source\PSoC5/USBUART_1_episr.c ****             }
 602:.\Generated_Source\PSoC5/USBUART_1_episr.c ****         #endif /*  USBUART_1_ISR_SERVICE_MIDI_OUT */
 603:.\Generated_Source\PSoC5/USBUART_1_episr.c **** 
 604:.\Generated_Source\PSoC5/USBUART_1_episr.c ****         /* `#START EP8_END_USER_CODE` Place your code here */
 605:.\Generated_Source\PSoC5/USBUART_1_episr.c **** 
 606:.\Generated_Source\PSoC5/USBUART_1_episr.c ****         /* `#END` */
 607:.\Generated_Source\PSoC5/USBUART_1_episr.c **** 
 608:.\Generated_Source\PSoC5/USBUART_1_episr.c ****         #ifdef USBUART_1_EP_8_ISR_EXIT_CALLBACK
 609:.\Generated_Source\PSoC5/USBUART_1_episr.c ****             USBUART_1_EP_8_ISR_ExitCallback();
 610:.\Generated_Source\PSoC5/USBUART_1_episr.c ****         #endif /* USBUART_1_EP_8_ISR_EXIT_CALLBACK */
 611:.\Generated_Source\PSoC5/USBUART_1_episr.c **** 
 612:.\Generated_Source\PSoC5/USBUART_1_episr.c ****         #if (defined(USBUART_1_ENABLE_MIDI_STREAMING) && !defined(USBUART_1_MAIN_SERVICE_MIDI_OUT) 
 613:.\Generated_Source\PSoC5/USBUART_1_episr.c ****                      USBUART_1_ISR_SERVICE_MIDI_OUT && CY_PSOC3)
 614:.\Generated_Source\PSoC5/USBUART_1_episr.c ****             EA = int_en;
 615:.\Generated_Source\PSoC5/USBUART_1_episr.c ****         #endif /* CY_PSOC3 & USBUART_1_ISR_SERVICE_MIDI_OUT  */
 616:.\Generated_Source\PSoC5/USBUART_1_episr.c ****     }
 617:.\Generated_Source\PSoC5/USBUART_1_episr.c **** 
 618:.\Generated_Source\PSoC5/USBUART_1_episr.c **** #endif   /*  USBUART_1_EP8_ISR_REMOVE */
 619:.\Generated_Source\PSoC5/USBUART_1_episr.c **** 
 620:.\Generated_Source\PSoC5/USBUART_1_episr.c **** 
 621:.\Generated_Source\PSoC5/USBUART_1_episr.c **** /*******************************************************************************
 622:.\Generated_Source\PSoC5/USBUART_1_episr.c **** * Function Name: USBUART_1_SOF_ISR
 623:.\Generated_Source\PSoC5/USBUART_1_episr.c **** ********************************************************************************
 624:.\Generated_Source\PSoC5/USBUART_1_episr.c **** *
 625:.\Generated_Source\PSoC5/USBUART_1_episr.c **** * Summary:
 626:.\Generated_Source\PSoC5/USBUART_1_episr.c **** *  Start of Frame Interrupt Service Routine
 627:.\Generated_Source\PSoC5/USBUART_1_episr.c **** *
 628:.\Generated_Source\PSoC5/USBUART_1_episr.c **** * Parameters:
ARM GAS  C:\Users\mrowiecn\AppData\Local\Temp\cco3cH6q.s 			page 16


 629:.\Generated_Source\PSoC5/USBUART_1_episr.c **** *  None.
 630:.\Generated_Source\PSoC5/USBUART_1_episr.c **** *
 631:.\Generated_Source\PSoC5/USBUART_1_episr.c **** * Return:
 632:.\Generated_Source\PSoC5/USBUART_1_episr.c **** *  None.
 633:.\Generated_Source\PSoC5/USBUART_1_episr.c **** *
 634:.\Generated_Source\PSoC5/USBUART_1_episr.c **** *******************************************************************************/
 635:.\Generated_Source\PSoC5/USBUART_1_episr.c **** CY_ISR(USBUART_1_SOF_ISR)
 636:.\Generated_Source\PSoC5/USBUART_1_episr.c **** {
 228              		.loc 1 636 0
 229              		.cfi_startproc
 230              		@ args = 0, pretend = 0, frame = 0
 231              		@ frame_needed = 1, uses_anonymous_args = 0
 232              		@ link register save eliminated.
 233 0000 80B4     		push	{r7}
 234              		.cfi_def_cfa_offset 4
 235              		.cfi_offset 7, -4
 236 0002 00AF     		add	r7, sp, #0
 237              		.cfi_def_cfa_register 7
 637:.\Generated_Source\PSoC5/USBUART_1_episr.c ****     #ifdef USBUART_1_SOF_ISR_INTERRUPT_CALLBACK
 638:.\Generated_Source\PSoC5/USBUART_1_episr.c ****         USBUART_1_SOF_ISR_InterruptCallback();
 639:.\Generated_Source\PSoC5/USBUART_1_episr.c ****     #endif /* USBUART_1_SOF_ISR_INTERRUPT_CALLBACK */
 640:.\Generated_Source\PSoC5/USBUART_1_episr.c **** 
 641:.\Generated_Source\PSoC5/USBUART_1_episr.c ****     /* `#START SOF_USER_CODE` Place your code here */
 642:.\Generated_Source\PSoC5/USBUART_1_episr.c **** 
 643:.\Generated_Source\PSoC5/USBUART_1_episr.c ****     /* `#END` */
 644:.\Generated_Source\PSoC5/USBUART_1_episr.c **** }
 238              		.loc 1 644 0
 239 0004 BD46     		mov	sp, r7
 240              		.cfi_def_cfa_register 13
 241              		@ sp needed
 242 0006 5DF8047B 		ldr	r7, [sp], #4
 243              		.cfi_restore 7
 244              		.cfi_def_cfa_offset 0
 245 000a 7047     		bx	lr
 246              		.cfi_endproc
 247              	.LFE3:
 248              		.size	USBUART_1_SOF_ISR, .-USBUART_1_SOF_ISR
 249              		.section	.text.USBUART_1_BUS_RESET_ISR,"ax",%progbits
 250              		.align	2
 251              		.global	USBUART_1_BUS_RESET_ISR
 252              		.thumb
 253              		.thumb_func
 254              		.type	USBUART_1_BUS_RESET_ISR, %function
 255              	USBUART_1_BUS_RESET_ISR:
 256              	.LFB4:
 645:.\Generated_Source\PSoC5/USBUART_1_episr.c **** 
 646:.\Generated_Source\PSoC5/USBUART_1_episr.c **** 
 647:.\Generated_Source\PSoC5/USBUART_1_episr.c **** /*******************************************************************************
 648:.\Generated_Source\PSoC5/USBUART_1_episr.c **** * Function Name: USBUART_1_BUS_RESET_ISR
 649:.\Generated_Source\PSoC5/USBUART_1_episr.c **** ********************************************************************************
 650:.\Generated_Source\PSoC5/USBUART_1_episr.c **** *
 651:.\Generated_Source\PSoC5/USBUART_1_episr.c **** * Summary:
 652:.\Generated_Source\PSoC5/USBUART_1_episr.c **** *  USB Bus Reset Interrupt Service Routine.  Calls _Start with the same
 653:.\Generated_Source\PSoC5/USBUART_1_episr.c **** *  parameters as the last USER call to _Start
 654:.\Generated_Source\PSoC5/USBUART_1_episr.c **** *
 655:.\Generated_Source\PSoC5/USBUART_1_episr.c **** * Parameters:
 656:.\Generated_Source\PSoC5/USBUART_1_episr.c **** *  None.
ARM GAS  C:\Users\mrowiecn\AppData\Local\Temp\cco3cH6q.s 			page 17


 657:.\Generated_Source\PSoC5/USBUART_1_episr.c **** *
 658:.\Generated_Source\PSoC5/USBUART_1_episr.c **** * Return:
 659:.\Generated_Source\PSoC5/USBUART_1_episr.c **** *  None.
 660:.\Generated_Source\PSoC5/USBUART_1_episr.c **** *
 661:.\Generated_Source\PSoC5/USBUART_1_episr.c **** *******************************************************************************/
 662:.\Generated_Source\PSoC5/USBUART_1_episr.c **** CY_ISR(USBUART_1_BUS_RESET_ISR)
 663:.\Generated_Source\PSoC5/USBUART_1_episr.c **** {
 257              		.loc 1 663 0
 258              		.cfi_startproc
 259              		@ args = 0, pretend = 0, frame = 0
 260              		@ frame_needed = 1, uses_anonymous_args = 0
 261 0000 80B5     		push	{r7, lr}
 262              		.cfi_def_cfa_offset 8
 263              		.cfi_offset 7, -8
 264              		.cfi_offset 14, -4
 265 0002 00AF     		add	r7, sp, #0
 266              		.cfi_def_cfa_register 7
 664:.\Generated_Source\PSoC5/USBUART_1_episr.c ****     #ifdef USBUART_1_BUS_RESET_ISR_ENTRY_CALLBACK
 665:.\Generated_Source\PSoC5/USBUART_1_episr.c ****         USBUART_1_BUS_RESET_ISR_EntryCallback();
 666:.\Generated_Source\PSoC5/USBUART_1_episr.c ****     #endif /* USBUART_1_BUS_RESET_ISR_ENTRY_CALLBACK */
 667:.\Generated_Source\PSoC5/USBUART_1_episr.c **** 
 668:.\Generated_Source\PSoC5/USBUART_1_episr.c ****     /* `#START BUS_RESET_USER_CODE` Place your code here */
 669:.\Generated_Source\PSoC5/USBUART_1_episr.c **** 
 670:.\Generated_Source\PSoC5/USBUART_1_episr.c ****     /* `#END` */
 671:.\Generated_Source\PSoC5/USBUART_1_episr.c **** 
 672:.\Generated_Source\PSoC5/USBUART_1_episr.c ****     USBUART_1_ReInitComponent();
 267              		.loc 1 672 0
 268 0004 FFF7FEFF 		bl	USBUART_1_ReInitComponent
 673:.\Generated_Source\PSoC5/USBUART_1_episr.c **** 
 674:.\Generated_Source\PSoC5/USBUART_1_episr.c ****     #ifdef USBUART_1_BUS_RESET_ISR_EXIT_CALLBACK
 675:.\Generated_Source\PSoC5/USBUART_1_episr.c ****         USBUART_1_BUS_RESET_ISR_ExitCallback();
 676:.\Generated_Source\PSoC5/USBUART_1_episr.c ****     #endif /* USBUART_1_BUS_RESET_ISR_EXIT_CALLBACK */    
 677:.\Generated_Source\PSoC5/USBUART_1_episr.c **** }
 269              		.loc 1 677 0
 270 0008 80BD     		pop	{r7, pc}
 271              		.cfi_endproc
 272              	.LFE4:
 273              		.size	USBUART_1_BUS_RESET_ISR, .-USBUART_1_BUS_RESET_ISR
 274 000a 00BF     		.text
 275              	.Letext0:
 276              		.file 2 ".\\Generated_Source\\PSoC5\\cytypes.h"
 277              		.file 3 ".\\Generated_Source\\PSoC5\\USBUART_1.h"
 278              		.file 4 ".\\Generated_Source\\PSoC5\\USBUART_1_pvt.h"
 279              		.section	.debug_info,"",%progbits
 280              	.Ldebug_info0:
 281 0000 A2010000 		.4byte	0x1a2
 282 0004 0400     		.2byte	0x4
 283 0006 00000000 		.4byte	.Ldebug_abbrev0
 284 000a 04       		.byte	0x4
 285 000b 01       		.uleb128 0x1
 286 000c C1000000 		.4byte	.LASF31
 287 0010 01       		.byte	0x1
 288 0011 C7010000 		.4byte	.LASF32
 289 0015 5B000000 		.4byte	.LASF33
 290 0019 00000000 		.4byte	.Ldebug_ranges0+0
 291 001d 00000000 		.4byte	0
 292 0021 00000000 		.4byte	.Ldebug_line0
ARM GAS  C:\Users\mrowiecn\AppData\Local\Temp\cco3cH6q.s 			page 18


 293 0025 02       		.uleb128 0x2
 294 0026 01       		.byte	0x1
 295 0027 06       		.byte	0x6
 296 0028 6F020000 		.4byte	.LASF0
 297 002c 02       		.uleb128 0x2
 298 002d 01       		.byte	0x1
 299 002e 08       		.byte	0x8
 300 002f 4D000000 		.4byte	.LASF1
 301 0033 02       		.uleb128 0x2
 302 0034 02       		.byte	0x2
 303 0035 05       		.byte	0x5
 304 0036 4C020000 		.4byte	.LASF2
 305 003a 02       		.uleb128 0x2
 306 003b 02       		.byte	0x2
 307 003c 07       		.byte	0x7
 308 003d 18000000 		.4byte	.LASF3
 309 0041 02       		.uleb128 0x2
 310 0042 04       		.byte	0x4
 311 0043 05       		.byte	0x5
 312 0044 66020000 		.4byte	.LASF4
 313 0048 02       		.uleb128 0x2
 314 0049 04       		.byte	0x4
 315 004a 07       		.byte	0x7
 316 004b 97000000 		.4byte	.LASF5
 317 004f 02       		.uleb128 0x2
 318 0050 08       		.byte	0x8
 319 0051 05       		.byte	0x5
 320 0052 15020000 		.4byte	.LASF6
 321 0056 02       		.uleb128 0x2
 322 0057 08       		.byte	0x8
 323 0058 07       		.byte	0x7
 324 0059 A6010000 		.4byte	.LASF7
 325 005d 03       		.uleb128 0x3
 326 005e 04       		.byte	0x4
 327 005f 05       		.byte	0x5
 328 0060 696E7400 		.ascii	"int\000"
 329 0064 02       		.uleb128 0x2
 330 0065 04       		.byte	0x4
 331 0066 07       		.byte	0x7
 332 0067 99010000 		.4byte	.LASF8
 333 006b 04       		.uleb128 0x4
 334 006c 56020000 		.4byte	.LASF9
 335 0070 02       		.byte	0x2
 336 0071 C2       		.byte	0xc2
 337 0072 2C000000 		.4byte	0x2c
 338 0076 04       		.uleb128 0x4
 339 0077 87010000 		.4byte	.LASF10
 340 007b 02       		.byte	0x2
 341 007c C3       		.byte	0xc3
 342 007d 3A000000 		.4byte	0x3a
 343 0081 02       		.uleb128 0x2
 344 0082 04       		.byte	0x4
 345 0083 04       		.byte	0x4
 346 0084 3E000000 		.4byte	.LASF11
 347 0088 02       		.uleb128 0x2
 348 0089 08       		.byte	0x8
 349 008a 04       		.byte	0x4
ARM GAS  C:\Users\mrowiecn\AppData\Local\Temp\cco3cH6q.s 			page 19


 350 008b 4F010000 		.4byte	.LASF12
 351 008f 02       		.uleb128 0x2
 352 0090 01       		.byte	0x1
 353 0091 08       		.byte	0x8
 354 0092 3C020000 		.4byte	.LASF13
 355 0096 05       		.uleb128 0x5
 356 0097 92000000 		.4byte	.LASF14
 357 009b 02       		.byte	0x2
 358 009c 6C01     		.2byte	0x16c
 359 009e A2000000 		.4byte	0xa2
 360 00a2 06       		.uleb128 0x6
 361 00a3 6B000000 		.4byte	0x6b
 362 00a7 02       		.uleb128 0x2
 363 00a8 04       		.byte	0x4
 364 00a9 07       		.byte	0x7
 365 00aa 05020000 		.4byte	.LASF15
 366 00ae 07       		.uleb128 0x7
 367 00af 0C       		.byte	0xc
 368 00b0 03       		.byte	0x3
 369 00b1 7D       		.byte	0x7d
 370 00b2 23010000 		.4byte	0x123
 371 00b6 08       		.uleb128 0x8
 372 00b7 56010000 		.4byte	.LASF16
 373 00bb 03       		.byte	0x3
 374 00bc 7F       		.byte	0x7f
 375 00bd 6B000000 		.4byte	0x6b
 376 00c1 00       		.byte	0
 377 00c2 08       		.uleb128 0x8
 378 00c3 8E010000 		.4byte	.LASF17
 379 00c7 03       		.byte	0x3
 380 00c8 80       		.byte	0x80
 381 00c9 6B000000 		.4byte	0x6b
 382 00cd 01       		.byte	0x1
 383 00ce 08       		.uleb128 0x8
 384 00cf BD010000 		.4byte	.LASF18
 385 00d3 03       		.byte	0x3
 386 00d4 81       		.byte	0x81
 387 00d5 6B000000 		.4byte	0x6b
 388 00d9 02       		.byte	0x2
 389 00da 08       		.uleb128 0x8
 390 00db 44000000 		.4byte	.LASF19
 391 00df 03       		.byte	0x3
 392 00e0 82       		.byte	0x82
 393 00e1 6B000000 		.4byte	0x6b
 394 00e5 03       		.byte	0x3
 395 00e6 08       		.uleb128 0x8
 396 00e7 A9000000 		.4byte	.LASF20
 397 00eb 03       		.byte	0x3
 398 00ec 83       		.byte	0x83
 399 00ed 6B000000 		.4byte	0x6b
 400 00f1 04       		.byte	0x4
 401 00f2 08       		.uleb128 0x8
 402 00f3 0E020000 		.4byte	.LASF21
 403 00f7 03       		.byte	0x3
 404 00f8 84       		.byte	0x84
 405 00f9 6B000000 		.4byte	0x6b
 406 00fd 05       		.byte	0x5
ARM GAS  C:\Users\mrowiecn\AppData\Local\Temp\cco3cH6q.s 			page 20


 407 00fe 08       		.uleb128 0x8
 408 00ff 00000000 		.4byte	.LASF22
 409 0103 03       		.byte	0x3
 410 0104 85       		.byte	0x85
 411 0105 76000000 		.4byte	0x76
 412 0109 06       		.byte	0x6
 413 010a 08       		.uleb128 0x8
 414 010b 41020000 		.4byte	.LASF23
 415 010f 03       		.byte	0x3
 416 0110 86       		.byte	0x86
 417 0111 76000000 		.4byte	0x76
 418 0115 08       		.byte	0x8
 419 0116 08       		.uleb128 0x8
 420 0117 5C020000 		.4byte	.LASF24
 421 011b 03       		.byte	0x3
 422 011c 87       		.byte	0x87
 423 011d 6B000000 		.4byte	0x6b
 424 0121 0A       		.byte	0xa
 425 0122 00       		.byte	0
 426 0123 04       		.uleb128 0x4
 427 0124 23020000 		.4byte	.LASF25
 428 0128 03       		.byte	0x3
 429 0129 88       		.byte	0x88
 430 012a AE000000 		.4byte	0xae
 431 012e 09       		.uleb128 0x9
 432 012f 2B000000 		.4byte	.LASF26
 433 0133 01       		.byte	0x1
 434 0134 36       		.byte	0x36
 435 0135 00000000 		.4byte	.LFB0
 436 0139 54000000 		.4byte	.LFE0-.LFB0
 437 013d 01       		.uleb128 0x1
 438 013e 9C       		.byte	0x9c
 439 013f 09       		.uleb128 0x9
 440 0140 AE000000 		.4byte	.LASF27
 441 0144 01       		.byte	0x1
 442 0145 7F       		.byte	0x7f
 443 0146 00000000 		.4byte	.LFB1
 444 014a 54000000 		.4byte	.LFE1-.LFB1
 445 014e 01       		.uleb128 0x1
 446 014f 9C       		.byte	0x9c
 447 0150 09       		.uleb128 0x9
 448 0151 F2010000 		.4byte	.LASF28
 449 0155 01       		.byte	0x1
 450 0156 C8       		.byte	0xc8
 451 0157 00000000 		.4byte	.LFB2
 452 015b 5C000000 		.4byte	.LFE2-.LFB2
 453 015f 01       		.uleb128 0x1
 454 0160 9C       		.byte	0x9c
 455 0161 0A       		.uleb128 0xa
 456 0162 75010000 		.4byte	.LASF29
 457 0166 01       		.byte	0x1
 458 0167 7B02     		.2byte	0x27b
 459 0169 00000000 		.4byte	.LFB3
 460 016d 0C000000 		.4byte	.LFE3-.LFB3
 461 0171 01       		.uleb128 0x1
 462 0172 9C       		.byte	0x9c
 463 0173 0B       		.uleb128 0xb
ARM GAS  C:\Users\mrowiecn\AppData\Local\Temp\cco3cH6q.s 			page 21


 464 0174 5D010000 		.4byte	.LASF30
 465 0178 01       		.byte	0x1
 466 0179 9602     		.2byte	0x296
 467 017b 00000000 		.4byte	.LFB4
 468 017f 0A000000 		.4byte	.LFE4-.LFB4
 469 0183 01       		.uleb128 0x1
 470 0184 9C       		.byte	0x9c
 471 0185 0C       		.uleb128 0xc
 472 0186 23010000 		.4byte	0x123
 473 018a 95010000 		.4byte	0x195
 474 018e 0D       		.uleb128 0xd
 475 018f A7000000 		.4byte	0xa7
 476 0193 08       		.byte	0x8
 477 0194 00       		.byte	0
 478 0195 0E       		.uleb128 0xe
 479 0196 0B000000 		.4byte	.LASF34
 480 019a 04       		.byte	0x4
 481 019b 35       		.byte	0x35
 482 019c A0010000 		.4byte	0x1a0
 483 01a0 06       		.uleb128 0x6
 484 01a1 85010000 		.4byte	0x185
 485 01a5 00       		.byte	0
 486              		.section	.debug_abbrev,"",%progbits
 487              	.Ldebug_abbrev0:
 488 0000 01       		.uleb128 0x1
 489 0001 11       		.uleb128 0x11
 490 0002 01       		.byte	0x1
 491 0003 25       		.uleb128 0x25
 492 0004 0E       		.uleb128 0xe
 493 0005 13       		.uleb128 0x13
 494 0006 0B       		.uleb128 0xb
 495 0007 03       		.uleb128 0x3
 496 0008 0E       		.uleb128 0xe
 497 0009 1B       		.uleb128 0x1b
 498 000a 0E       		.uleb128 0xe
 499 000b 55       		.uleb128 0x55
 500 000c 17       		.uleb128 0x17
 501 000d 11       		.uleb128 0x11
 502 000e 01       		.uleb128 0x1
 503 000f 10       		.uleb128 0x10
 504 0010 17       		.uleb128 0x17
 505 0011 00       		.byte	0
 506 0012 00       		.byte	0
 507 0013 02       		.uleb128 0x2
 508 0014 24       		.uleb128 0x24
 509 0015 00       		.byte	0
 510 0016 0B       		.uleb128 0xb
 511 0017 0B       		.uleb128 0xb
 512 0018 3E       		.uleb128 0x3e
 513 0019 0B       		.uleb128 0xb
 514 001a 03       		.uleb128 0x3
 515 001b 0E       		.uleb128 0xe
 516 001c 00       		.byte	0
 517 001d 00       		.byte	0
 518 001e 03       		.uleb128 0x3
 519 001f 24       		.uleb128 0x24
 520 0020 00       		.byte	0
ARM GAS  C:\Users\mrowiecn\AppData\Local\Temp\cco3cH6q.s 			page 22


 521 0021 0B       		.uleb128 0xb
 522 0022 0B       		.uleb128 0xb
 523 0023 3E       		.uleb128 0x3e
 524 0024 0B       		.uleb128 0xb
 525 0025 03       		.uleb128 0x3
 526 0026 08       		.uleb128 0x8
 527 0027 00       		.byte	0
 528 0028 00       		.byte	0
 529 0029 04       		.uleb128 0x4
 530 002a 16       		.uleb128 0x16
 531 002b 00       		.byte	0
 532 002c 03       		.uleb128 0x3
 533 002d 0E       		.uleb128 0xe
 534 002e 3A       		.uleb128 0x3a
 535 002f 0B       		.uleb128 0xb
 536 0030 3B       		.uleb128 0x3b
 537 0031 0B       		.uleb128 0xb
 538 0032 49       		.uleb128 0x49
 539 0033 13       		.uleb128 0x13
 540 0034 00       		.byte	0
 541 0035 00       		.byte	0
 542 0036 05       		.uleb128 0x5
 543 0037 16       		.uleb128 0x16
 544 0038 00       		.byte	0
 545 0039 03       		.uleb128 0x3
 546 003a 0E       		.uleb128 0xe
 547 003b 3A       		.uleb128 0x3a
 548 003c 0B       		.uleb128 0xb
 549 003d 3B       		.uleb128 0x3b
 550 003e 05       		.uleb128 0x5
 551 003f 49       		.uleb128 0x49
 552 0040 13       		.uleb128 0x13
 553 0041 00       		.byte	0
 554 0042 00       		.byte	0
 555 0043 06       		.uleb128 0x6
 556 0044 35       		.uleb128 0x35
 557 0045 00       		.byte	0
 558 0046 49       		.uleb128 0x49
 559 0047 13       		.uleb128 0x13
 560 0048 00       		.byte	0
 561 0049 00       		.byte	0
 562 004a 07       		.uleb128 0x7
 563 004b 13       		.uleb128 0x13
 564 004c 01       		.byte	0x1
 565 004d 0B       		.uleb128 0xb
 566 004e 0B       		.uleb128 0xb
 567 004f 3A       		.uleb128 0x3a
 568 0050 0B       		.uleb128 0xb
 569 0051 3B       		.uleb128 0x3b
 570 0052 0B       		.uleb128 0xb
 571 0053 01       		.uleb128 0x1
 572 0054 13       		.uleb128 0x13
 573 0055 00       		.byte	0
 574 0056 00       		.byte	0
 575 0057 08       		.uleb128 0x8
 576 0058 0D       		.uleb128 0xd
 577 0059 00       		.byte	0
ARM GAS  C:\Users\mrowiecn\AppData\Local\Temp\cco3cH6q.s 			page 23


 578 005a 03       		.uleb128 0x3
 579 005b 0E       		.uleb128 0xe
 580 005c 3A       		.uleb128 0x3a
 581 005d 0B       		.uleb128 0xb
 582 005e 3B       		.uleb128 0x3b
 583 005f 0B       		.uleb128 0xb
 584 0060 49       		.uleb128 0x49
 585 0061 13       		.uleb128 0x13
 586 0062 38       		.uleb128 0x38
 587 0063 0B       		.uleb128 0xb
 588 0064 00       		.byte	0
 589 0065 00       		.byte	0
 590 0066 09       		.uleb128 0x9
 591 0067 2E       		.uleb128 0x2e
 592 0068 00       		.byte	0
 593 0069 3F       		.uleb128 0x3f
 594 006a 19       		.uleb128 0x19
 595 006b 03       		.uleb128 0x3
 596 006c 0E       		.uleb128 0xe
 597 006d 3A       		.uleb128 0x3a
 598 006e 0B       		.uleb128 0xb
 599 006f 3B       		.uleb128 0x3b
 600 0070 0B       		.uleb128 0xb
 601 0071 27       		.uleb128 0x27
 602 0072 19       		.uleb128 0x19
 603 0073 11       		.uleb128 0x11
 604 0074 01       		.uleb128 0x1
 605 0075 12       		.uleb128 0x12
 606 0076 06       		.uleb128 0x6
 607 0077 40       		.uleb128 0x40
 608 0078 18       		.uleb128 0x18
 609 0079 9742     		.uleb128 0x2117
 610 007b 19       		.uleb128 0x19
 611 007c 00       		.byte	0
 612 007d 00       		.byte	0
 613 007e 0A       		.uleb128 0xa
 614 007f 2E       		.uleb128 0x2e
 615 0080 00       		.byte	0
 616 0081 3F       		.uleb128 0x3f
 617 0082 19       		.uleb128 0x19
 618 0083 03       		.uleb128 0x3
 619 0084 0E       		.uleb128 0xe
 620 0085 3A       		.uleb128 0x3a
 621 0086 0B       		.uleb128 0xb
 622 0087 3B       		.uleb128 0x3b
 623 0088 05       		.uleb128 0x5
 624 0089 27       		.uleb128 0x27
 625 008a 19       		.uleb128 0x19
 626 008b 11       		.uleb128 0x11
 627 008c 01       		.uleb128 0x1
 628 008d 12       		.uleb128 0x12
 629 008e 06       		.uleb128 0x6
 630 008f 40       		.uleb128 0x40
 631 0090 18       		.uleb128 0x18
 632 0091 9742     		.uleb128 0x2117
 633 0093 19       		.uleb128 0x19
 634 0094 00       		.byte	0
ARM GAS  C:\Users\mrowiecn\AppData\Local\Temp\cco3cH6q.s 			page 24


 635 0095 00       		.byte	0
 636 0096 0B       		.uleb128 0xb
 637 0097 2E       		.uleb128 0x2e
 638 0098 00       		.byte	0
 639 0099 3F       		.uleb128 0x3f
 640 009a 19       		.uleb128 0x19
 641 009b 03       		.uleb128 0x3
 642 009c 0E       		.uleb128 0xe
 643 009d 3A       		.uleb128 0x3a
 644 009e 0B       		.uleb128 0xb
 645 009f 3B       		.uleb128 0x3b
 646 00a0 05       		.uleb128 0x5
 647 00a1 27       		.uleb128 0x27
 648 00a2 19       		.uleb128 0x19
 649 00a3 11       		.uleb128 0x11
 650 00a4 01       		.uleb128 0x1
 651 00a5 12       		.uleb128 0x12
 652 00a6 06       		.uleb128 0x6
 653 00a7 40       		.uleb128 0x40
 654 00a8 18       		.uleb128 0x18
 655 00a9 9642     		.uleb128 0x2116
 656 00ab 19       		.uleb128 0x19
 657 00ac 00       		.byte	0
 658 00ad 00       		.byte	0
 659 00ae 0C       		.uleb128 0xc
 660 00af 01       		.uleb128 0x1
 661 00b0 01       		.byte	0x1
 662 00b1 49       		.uleb128 0x49
 663 00b2 13       		.uleb128 0x13
 664 00b3 01       		.uleb128 0x1
 665 00b4 13       		.uleb128 0x13
 666 00b5 00       		.byte	0
 667 00b6 00       		.byte	0
 668 00b7 0D       		.uleb128 0xd
 669 00b8 21       		.uleb128 0x21
 670 00b9 00       		.byte	0
 671 00ba 49       		.uleb128 0x49
 672 00bb 13       		.uleb128 0x13
 673 00bc 2F       		.uleb128 0x2f
 674 00bd 0B       		.uleb128 0xb
 675 00be 00       		.byte	0
 676 00bf 00       		.byte	0
 677 00c0 0E       		.uleb128 0xe
 678 00c1 34       		.uleb128 0x34
 679 00c2 00       		.byte	0
 680 00c3 03       		.uleb128 0x3
 681 00c4 0E       		.uleb128 0xe
 682 00c5 3A       		.uleb128 0x3a
 683 00c6 0B       		.uleb128 0xb
 684 00c7 3B       		.uleb128 0x3b
 685 00c8 0B       		.uleb128 0xb
 686 00c9 49       		.uleb128 0x49
 687 00ca 13       		.uleb128 0x13
 688 00cb 3F       		.uleb128 0x3f
 689 00cc 19       		.uleb128 0x19
 690 00cd 3C       		.uleb128 0x3c
 691 00ce 19       		.uleb128 0x19
ARM GAS  C:\Users\mrowiecn\AppData\Local\Temp\cco3cH6q.s 			page 25


 692 00cf 00       		.byte	0
 693 00d0 00       		.byte	0
 694 00d1 00       		.byte	0
 695              		.section	.debug_aranges,"",%progbits
 696 0000 3C000000 		.4byte	0x3c
 697 0004 0200     		.2byte	0x2
 698 0006 00000000 		.4byte	.Ldebug_info0
 699 000a 04       		.byte	0x4
 700 000b 00       		.byte	0
 701 000c 0000     		.2byte	0
 702 000e 0000     		.2byte	0
 703 0010 00000000 		.4byte	.LFB0
 704 0014 54000000 		.4byte	.LFE0-.LFB0
 705 0018 00000000 		.4byte	.LFB1
 706 001c 54000000 		.4byte	.LFE1-.LFB1
 707 0020 00000000 		.4byte	.LFB2
 708 0024 5C000000 		.4byte	.LFE2-.LFB2
 709 0028 00000000 		.4byte	.LFB3
 710 002c 0C000000 		.4byte	.LFE3-.LFB3
 711 0030 00000000 		.4byte	.LFB4
 712 0034 0A000000 		.4byte	.LFE4-.LFB4
 713 0038 00000000 		.4byte	0
 714 003c 00000000 		.4byte	0
 715              		.section	.debug_ranges,"",%progbits
 716              	.Ldebug_ranges0:
 717 0000 00000000 		.4byte	.LFB0
 718 0004 54000000 		.4byte	.LFE0
 719 0008 00000000 		.4byte	.LFB1
 720 000c 54000000 		.4byte	.LFE1
 721 0010 00000000 		.4byte	.LFB2
 722 0014 5C000000 		.4byte	.LFE2
 723 0018 00000000 		.4byte	.LFB3
 724 001c 0C000000 		.4byte	.LFE3
 725 0020 00000000 		.4byte	.LFB4
 726 0024 0A000000 		.4byte	.LFE4
 727 0028 00000000 		.4byte	0
 728 002c 00000000 		.4byte	0
 729              		.section	.debug_line,"",%progbits
 730              	.Ldebug_line0:
 731 0000 E8000000 		.section	.debug_str,"MS",%progbits,1
 731      02007000 
 731      00000201 
 731      FB0E0D00 
 731      01010101 
 732              	.LASF22:
 733 0000 62756666 		.ascii	"buffOffset\000"
 733      4F666673 
 733      657400
 734              	.LASF34:
 735 000b 55534255 		.ascii	"USBUART_1_EP\000"
 735      4152545F 
 735      315F4550 
 735      00
 736              	.LASF3:
 737 0018 73686F72 		.ascii	"short unsigned int\000"
 737      7420756E 
 737      7369676E 
ARM GAS  C:\Users\mrowiecn\AppData\Local\Temp\cco3cH6q.s 			page 26


 737      65642069 
 737      6E7400
 738              	.LASF26:
 739 002b 55534255 		.ascii	"USBUART_1_EP_1_ISR\000"
 739      4152545F 
 739      315F4550 
 739      5F315F49 
 739      535200
 740              	.LASF11:
 741 003e 666C6F61 		.ascii	"float\000"
 741      7400
 742              	.LASF19:
 743 0044 6570546F 		.ascii	"epToggle\000"
 743      67676C65 
 743      00
 744              	.LASF1:
 745 004d 756E7369 		.ascii	"unsigned char\000"
 745      676E6564 
 745      20636861 
 745      7200
 746              	.LASF33:
 747 005b 443A5C4D 		.ascii	"D:\\MyDocs\\Documents\\CE4950\\USB_UART01\\USB_UART"
 747      79446F63 
 747      735C446F 
 747      63756D65 
 747      6E74735C 
 748 0089 30312E63 		.ascii	"01.cydsn\000"
 748      7964736E 
 748      00
 749              	.LASF14:
 750 0092 72656738 		.ascii	"reg8\000"
 750      00
 751              	.LASF5:
 752 0097 6C6F6E67 		.ascii	"long unsigned int\000"
 752      20756E73 
 752      69676E65 
 752      6420696E 
 752      7400
 753              	.LASF20:
 754 00a9 61646472 		.ascii	"addr\000"
 754      00
 755              	.LASF27:
 756 00ae 55534255 		.ascii	"USBUART_1_EP_2_ISR\000"
 756      4152545F 
 756      315F4550 
 756      5F325F49 
 756      535200
 757              	.LASF31:
 758 00c1 474E5520 		.ascii	"GNU C 4.9.3 20150303 (release) [ARM/embedded-4_9-br"
 758      4320342E 
 758      392E3320 
 758      32303135 
 758      30333033 
 759 00f4 616E6368 		.ascii	"anch revision 221220] -mcpu=cortex-m3 -mthumb -g -O"
 759      20726576 
 759      6973696F 
 759      6E203232 
ARM GAS  C:\Users\mrowiecn\AppData\Local\Temp\cco3cH6q.s 			page 27


 759      31323230 
 760 0127 30202D66 		.ascii	"0 -ffunction-sections -ffat-lto-objects\000"
 760      66756E63 
 760      74696F6E 
 760      2D736563 
 760      74696F6E 
 761              	.LASF12:
 762 014f 646F7562 		.ascii	"double\000"
 762      6C6500
 763              	.LASF16:
 764 0156 61747472 		.ascii	"attrib\000"
 764      696200
 765              	.LASF30:
 766 015d 55534255 		.ascii	"USBUART_1_BUS_RESET_ISR\000"
 766      4152545F 
 766      315F4255 
 766      535F5245 
 766      5345545F 
 767              	.LASF29:
 768 0175 55534255 		.ascii	"USBUART_1_SOF_ISR\000"
 768      4152545F 
 768      315F534F 
 768      465F4953 
 768      5200
 769              	.LASF10:
 770 0187 75696E74 		.ascii	"uint16\000"
 770      313600
 771              	.LASF17:
 772 018e 61706945 		.ascii	"apiEpState\000"
 772      70537461 
 772      746500
 773              	.LASF8:
 774 0199 756E7369 		.ascii	"unsigned int\000"
 774      676E6564 
 774      20696E74 
 774      00
 775              	.LASF7:
 776 01a6 6C6F6E67 		.ascii	"long long unsigned int\000"
 776      206C6F6E 
 776      6720756E 
 776      7369676E 
 776      65642069 
 777              	.LASF18:
 778 01bd 68774570 		.ascii	"hwEpState\000"
 778      53746174 
 778      6500
 779              	.LASF32:
 780 01c7 2E5C4765 		.ascii	".\\Generated_Source\\PSoC5\\USBUART_1_episr.c\000"
 780      6E657261 
 780      7465645F 
 780      536F7572 
 780      63655C50 
 781              	.LASF28:
 782 01f2 55534255 		.ascii	"USBUART_1_EP_3_ISR\000"
 782      4152545F 
 782      315F4550 
 782      5F335F49 
ARM GAS  C:\Users\mrowiecn\AppData\Local\Temp\cco3cH6q.s 			page 28


 782      535200
 783              	.LASF15:
 784 0205 73697A65 		.ascii	"sizetype\000"
 784      74797065 
 784      00
 785              	.LASF21:
 786 020e 65704D6F 		.ascii	"epMode\000"
 786      646500
 787              	.LASF6:
 788 0215 6C6F6E67 		.ascii	"long long int\000"
 788      206C6F6E 
 788      6720696E 
 788      7400
 789              	.LASF25:
 790 0223 545F5553 		.ascii	"T_USBUART_1_EP_CTL_BLOCK\000"
 790      42554152 
 790      545F315F 
 790      45505F43 
 790      544C5F42 
 791              	.LASF13:
 792 023c 63686172 		.ascii	"char\000"
 792      00
 793              	.LASF23:
 794 0241 62756666 		.ascii	"bufferSize\000"
 794      65725369 
 794      7A6500
 795              	.LASF2:
 796 024c 73686F72 		.ascii	"short int\000"
 796      7420696E 
 796      7400
 797              	.LASF9:
 798 0256 75696E74 		.ascii	"uint8\000"
 798      3800
 799              	.LASF24:
 800 025c 696E7465 		.ascii	"interface\000"
 800      72666163 
 800      6500
 801              	.LASF4:
 802 0266 6C6F6E67 		.ascii	"long int\000"
 802      20696E74 
 802      00
 803              	.LASF0:
 804 026f 7369676E 		.ascii	"signed char\000"
 804      65642063 
 804      68617200 
 805              		.ident	"GCC: (GNU Tools for ARM Embedded Processors) 4.9.3 20150303 (release) [ARM/embedded-4_9-br
