ARM GAS  C:\Users\mrowiecn\AppData\Local\Temp\cc1SPH2F.s 			page 1


   1              		.syntax unified
   2              		.cpu cortex-m3
   3              		.fpu softvfp
   4              		.eabi_attribute 20, 1
   5              		.eabi_attribute 21, 1
   6              		.eabi_attribute 23, 3
   7              		.eabi_attribute 24, 1
   8              		.eabi_attribute 25, 1
   9              		.eabi_attribute 26, 1
  10              		.eabi_attribute 30, 6
  11              		.eabi_attribute 34, 1
  12              		.eabi_attribute 18, 4
  13              		.thumb
  14              		.file	"USBUART_1_Dp.c"
  15              		.text
  16              	.Ltext0:
  17              		.cfi_sections	.debug_frame
  18              		.section	.text.USBUART_1_Dp_Write,"ax",%progbits
  19              		.align	2
  20              		.global	USBUART_1_Dp_Write
  21              		.thumb
  22              		.thumb_func
  23              		.type	USBUART_1_Dp_Write, %function
  24              	USBUART_1_Dp_Write:
  25              	.LFB0:
  26              		.file 1 ".\\Generated_Source\\PSoC5\\USBUART_1_Dp.c"
   1:.\Generated_Source\PSoC5/USBUART_1_Dp.c **** /*******************************************************************************
   2:.\Generated_Source\PSoC5/USBUART_1_Dp.c **** * File Name: USBUART_1_Dp.c  
   3:.\Generated_Source\PSoC5/USBUART_1_Dp.c **** * Version 2.10
   4:.\Generated_Source\PSoC5/USBUART_1_Dp.c **** *
   5:.\Generated_Source\PSoC5/USBUART_1_Dp.c **** * Description:
   6:.\Generated_Source\PSoC5/USBUART_1_Dp.c **** *  This file contains API to enable firmware control of a Pins component.
   7:.\Generated_Source\PSoC5/USBUART_1_Dp.c **** *
   8:.\Generated_Source\PSoC5/USBUART_1_Dp.c **** * Note:
   9:.\Generated_Source\PSoC5/USBUART_1_Dp.c **** *
  10:.\Generated_Source\PSoC5/USBUART_1_Dp.c **** ********************************************************************************
  11:.\Generated_Source\PSoC5/USBUART_1_Dp.c **** * Copyright 2008-2014, Cypress Semiconductor Corporation.  All rights reserved.
  12:.\Generated_Source\PSoC5/USBUART_1_Dp.c **** * You may use this file only in accordance with the license, terms, conditions, 
  13:.\Generated_Source\PSoC5/USBUART_1_Dp.c **** * disclaimers, and limitations in the end user license agreement accompanying 
  14:.\Generated_Source\PSoC5/USBUART_1_Dp.c **** * the software package with which this file was provided.
  15:.\Generated_Source\PSoC5/USBUART_1_Dp.c **** *******************************************************************************/
  16:.\Generated_Source\PSoC5/USBUART_1_Dp.c **** 
  17:.\Generated_Source\PSoC5/USBUART_1_Dp.c **** #include "cytypes.h"
  18:.\Generated_Source\PSoC5/USBUART_1_Dp.c **** #include "USBUART_1_Dp.h"
  19:.\Generated_Source\PSoC5/USBUART_1_Dp.c **** 
  20:.\Generated_Source\PSoC5/USBUART_1_Dp.c **** /* APIs are not generated for P15[7:6] on PSoC 5 */
  21:.\Generated_Source\PSoC5/USBUART_1_Dp.c **** #if !(CY_PSOC5A &&\
  22:.\Generated_Source\PSoC5/USBUART_1_Dp.c **** 	 USBUART_1_Dp__PORT == 15 && ((USBUART_1_Dp__MASK & 0xC0) != 0))
  23:.\Generated_Source\PSoC5/USBUART_1_Dp.c **** 
  24:.\Generated_Source\PSoC5/USBUART_1_Dp.c **** 
  25:.\Generated_Source\PSoC5/USBUART_1_Dp.c **** /*******************************************************************************
  26:.\Generated_Source\PSoC5/USBUART_1_Dp.c **** * Function Name: USBUART_1_Dp_Write
  27:.\Generated_Source\PSoC5/USBUART_1_Dp.c **** ********************************************************************************
  28:.\Generated_Source\PSoC5/USBUART_1_Dp.c **** *
  29:.\Generated_Source\PSoC5/USBUART_1_Dp.c **** * Summary:
  30:.\Generated_Source\PSoC5/USBUART_1_Dp.c **** *  Assign a new value to the digital port's data output register.  
  31:.\Generated_Source\PSoC5/USBUART_1_Dp.c **** *
ARM GAS  C:\Users\mrowiecn\AppData\Local\Temp\cc1SPH2F.s 			page 2


  32:.\Generated_Source\PSoC5/USBUART_1_Dp.c **** * Parameters:  
  33:.\Generated_Source\PSoC5/USBUART_1_Dp.c **** *  prtValue:  The value to be assigned to the Digital Port. 
  34:.\Generated_Source\PSoC5/USBUART_1_Dp.c **** *
  35:.\Generated_Source\PSoC5/USBUART_1_Dp.c **** * Return: 
  36:.\Generated_Source\PSoC5/USBUART_1_Dp.c **** *  None
  37:.\Generated_Source\PSoC5/USBUART_1_Dp.c **** *  
  38:.\Generated_Source\PSoC5/USBUART_1_Dp.c **** *******************************************************************************/
  39:.\Generated_Source\PSoC5/USBUART_1_Dp.c **** void USBUART_1_Dp_Write(uint8 value) 
  40:.\Generated_Source\PSoC5/USBUART_1_Dp.c **** {
  27              		.loc 1 40 0
  28              		.cfi_startproc
  29              		@ args = 0, pretend = 0, frame = 16
  30              		@ frame_needed = 1, uses_anonymous_args = 0
  31              		@ link register save eliminated.
  32 0000 80B4     		push	{r7}
  33              		.cfi_def_cfa_offset 4
  34              		.cfi_offset 7, -4
  35 0002 85B0     		sub	sp, sp, #20
  36              		.cfi_def_cfa_offset 24
  37 0004 00AF     		add	r7, sp, #0
  38              		.cfi_def_cfa_register 7
  39 0006 0346     		mov	r3, r0
  40 0008 FB71     		strb	r3, [r7, #7]
  41:.\Generated_Source\PSoC5/USBUART_1_Dp.c ****     uint8 staticBits = (USBUART_1_Dp_DR & (uint8)(~USBUART_1_Dp_MASK));
  41              		.loc 1 41 0
  42 000a 0B4B     		ldr	r3, .L2
  43 000c 1B78     		ldrb	r3, [r3]
  44 000e DBB2     		uxtb	r3, r3
  45 0010 23F04003 		bic	r3, r3, #64
  46 0014 FB73     		strb	r3, [r7, #15]
  42:.\Generated_Source\PSoC5/USBUART_1_Dp.c ****     USBUART_1_Dp_DR = staticBits | ((uint8)(value << USBUART_1_Dp_SHIFT) & USBUART_1_Dp_MASK);
  47              		.loc 1 42 0
  48 0016 0849     		ldr	r1, .L2
  49 0018 FB79     		ldrb	r3, [r7, #7]
  50 001a 9B01     		lsls	r3, r3, #6
  51 001c DBB2     		uxtb	r3, r3
  52 001e 03F04003 		and	r3, r3, #64
  53 0022 DAB2     		uxtb	r2, r3
  54 0024 FB7B     		ldrb	r3, [r7, #15]
  55 0026 1343     		orrs	r3, r3, r2
  56 0028 DBB2     		uxtb	r3, r3
  57 002a 0B70     		strb	r3, [r1]
  43:.\Generated_Source\PSoC5/USBUART_1_Dp.c **** }
  58              		.loc 1 43 0
  59 002c 1437     		adds	r7, r7, #20
  60              		.cfi_def_cfa_offset 4
  61 002e BD46     		mov	sp, r7
  62              		.cfi_def_cfa_register 13
  63              		@ sp needed
  64 0030 5DF8047B 		ldr	r7, [sp], #4
  65              		.cfi_restore 7
  66              		.cfi_def_cfa_offset 0
  67 0034 7047     		bx	lr
  68              	.L3:
  69 0036 00BF     		.align	2
  70              	.L2:
  71 0038 F0510040 		.word	1073762800
ARM GAS  C:\Users\mrowiecn\AppData\Local\Temp\cc1SPH2F.s 			page 3


  72              		.cfi_endproc
  73              	.LFE0:
  74              		.size	USBUART_1_Dp_Write, .-USBUART_1_Dp_Write
  75              		.section	.text.USBUART_1_Dp_SetDriveMode,"ax",%progbits
  76              		.align	2
  77              		.global	USBUART_1_Dp_SetDriveMode
  78              		.thumb
  79              		.thumb_func
  80              		.type	USBUART_1_Dp_SetDriveMode, %function
  81              	USBUART_1_Dp_SetDriveMode:
  82              	.LFB1:
  44:.\Generated_Source\PSoC5/USBUART_1_Dp.c **** 
  45:.\Generated_Source\PSoC5/USBUART_1_Dp.c **** 
  46:.\Generated_Source\PSoC5/USBUART_1_Dp.c **** /*******************************************************************************
  47:.\Generated_Source\PSoC5/USBUART_1_Dp.c **** * Function Name: USBUART_1_Dp_SetDriveMode
  48:.\Generated_Source\PSoC5/USBUART_1_Dp.c **** ********************************************************************************
  49:.\Generated_Source\PSoC5/USBUART_1_Dp.c **** *
  50:.\Generated_Source\PSoC5/USBUART_1_Dp.c **** * Summary:
  51:.\Generated_Source\PSoC5/USBUART_1_Dp.c **** *  Change the drive mode on the pins of the port.
  52:.\Generated_Source\PSoC5/USBUART_1_Dp.c **** * 
  53:.\Generated_Source\PSoC5/USBUART_1_Dp.c **** * Parameters:  
  54:.\Generated_Source\PSoC5/USBUART_1_Dp.c **** *  mode:  Change the pins to one of the following drive modes.
  55:.\Generated_Source\PSoC5/USBUART_1_Dp.c **** *
  56:.\Generated_Source\PSoC5/USBUART_1_Dp.c **** *  USBUART_1_Dp_DM_STRONG     Strong Drive 
  57:.\Generated_Source\PSoC5/USBUART_1_Dp.c **** *  USBUART_1_Dp_DM_OD_HI      Open Drain, Drives High 
  58:.\Generated_Source\PSoC5/USBUART_1_Dp.c **** *  USBUART_1_Dp_DM_OD_LO      Open Drain, Drives Low 
  59:.\Generated_Source\PSoC5/USBUART_1_Dp.c **** *  USBUART_1_Dp_DM_RES_UP     Resistive Pull Up 
  60:.\Generated_Source\PSoC5/USBUART_1_Dp.c **** *  USBUART_1_Dp_DM_RES_DWN    Resistive Pull Down 
  61:.\Generated_Source\PSoC5/USBUART_1_Dp.c **** *  USBUART_1_Dp_DM_RES_UPDWN  Resistive Pull Up/Down 
  62:.\Generated_Source\PSoC5/USBUART_1_Dp.c **** *  USBUART_1_Dp_DM_DIG_HIZ    High Impedance Digital 
  63:.\Generated_Source\PSoC5/USBUART_1_Dp.c **** *  USBUART_1_Dp_DM_ALG_HIZ    High Impedance Analog 
  64:.\Generated_Source\PSoC5/USBUART_1_Dp.c **** *
  65:.\Generated_Source\PSoC5/USBUART_1_Dp.c **** * Return: 
  66:.\Generated_Source\PSoC5/USBUART_1_Dp.c **** *  None
  67:.\Generated_Source\PSoC5/USBUART_1_Dp.c **** *
  68:.\Generated_Source\PSoC5/USBUART_1_Dp.c **** *******************************************************************************/
  69:.\Generated_Source\PSoC5/USBUART_1_Dp.c **** void USBUART_1_Dp_SetDriveMode(uint8 mode) 
  70:.\Generated_Source\PSoC5/USBUART_1_Dp.c **** {
  83              		.loc 1 70 0
  84              		.cfi_startproc
  85              		@ args = 0, pretend = 0, frame = 8
  86              		@ frame_needed = 1, uses_anonymous_args = 0
  87              		@ link register save eliminated.
  88 0000 80B4     		push	{r7}
  89              		.cfi_def_cfa_offset 4
  90              		.cfi_offset 7, -4
  91 0002 83B0     		sub	sp, sp, #12
  92              		.cfi_def_cfa_offset 16
  93 0004 00AF     		add	r7, sp, #0
  94              		.cfi_def_cfa_register 7
  95 0006 0346     		mov	r3, r0
  96 0008 FB71     		strb	r3, [r7, #7]
  71:.\Generated_Source\PSoC5/USBUART_1_Dp.c **** 	CyPins_SetPinDriveMode(USBUART_1_Dp_0, mode);
  97              		.loc 1 71 0
  98 000a 0A4B     		ldr	r3, .L5
  99 000c 094A     		ldr	r2, .L5
 100 000e 1278     		ldrb	r2, [r2]
ARM GAS  C:\Users\mrowiecn\AppData\Local\Temp\cc1SPH2F.s 			page 4


 101 0010 D2B2     		uxtb	r2, r2
 102 0012 D2B2     		uxtb	r2, r2
 103 0014 22F00E02 		bic	r2, r2, #14
 104 0018 D1B2     		uxtb	r1, r2
 105 001a FA79     		ldrb	r2, [r7, #7]	@ zero_extendqisi2
 106 001c 02F00E02 		and	r2, r2, #14
 107 0020 D2B2     		uxtb	r2, r2
 108 0022 0A43     		orrs	r2, r2, r1
 109 0024 D2B2     		uxtb	r2, r2
 110 0026 D2B2     		uxtb	r2, r2
 111 0028 1A70     		strb	r2, [r3]
  72:.\Generated_Source\PSoC5/USBUART_1_Dp.c **** }
 112              		.loc 1 72 0
 113 002a 0C37     		adds	r7, r7, #12
 114              		.cfi_def_cfa_offset 4
 115 002c BD46     		mov	sp, r7
 116              		.cfi_def_cfa_register 13
 117              		@ sp needed
 118 002e 5DF8047B 		ldr	r7, [sp], #4
 119              		.cfi_restore 7
 120              		.cfi_def_cfa_offset 0
 121 0032 7047     		bx	lr
 122              	.L6:
 123              		.align	2
 124              	.L5:
 125 0034 7E500040 		.word	1073762430
 126              		.cfi_endproc
 127              	.LFE1:
 128              		.size	USBUART_1_Dp_SetDriveMode, .-USBUART_1_Dp_SetDriveMode
 129              		.section	.text.USBUART_1_Dp_Read,"ax",%progbits
 130              		.align	2
 131              		.global	USBUART_1_Dp_Read
 132              		.thumb
 133              		.thumb_func
 134              		.type	USBUART_1_Dp_Read, %function
 135              	USBUART_1_Dp_Read:
 136              	.LFB2:
  73:.\Generated_Source\PSoC5/USBUART_1_Dp.c **** 
  74:.\Generated_Source\PSoC5/USBUART_1_Dp.c **** 
  75:.\Generated_Source\PSoC5/USBUART_1_Dp.c **** /*******************************************************************************
  76:.\Generated_Source\PSoC5/USBUART_1_Dp.c **** * Function Name: USBUART_1_Dp_Read
  77:.\Generated_Source\PSoC5/USBUART_1_Dp.c **** ********************************************************************************
  78:.\Generated_Source\PSoC5/USBUART_1_Dp.c **** *
  79:.\Generated_Source\PSoC5/USBUART_1_Dp.c **** * Summary:
  80:.\Generated_Source\PSoC5/USBUART_1_Dp.c **** *  Read the current value on the pins of the Digital Port in right justified 
  81:.\Generated_Source\PSoC5/USBUART_1_Dp.c **** *  form.
  82:.\Generated_Source\PSoC5/USBUART_1_Dp.c **** *
  83:.\Generated_Source\PSoC5/USBUART_1_Dp.c **** * Parameters:  
  84:.\Generated_Source\PSoC5/USBUART_1_Dp.c **** *  None
  85:.\Generated_Source\PSoC5/USBUART_1_Dp.c **** *
  86:.\Generated_Source\PSoC5/USBUART_1_Dp.c **** * Return: 
  87:.\Generated_Source\PSoC5/USBUART_1_Dp.c **** *  Returns the current value of the Digital Port as a right justified number
  88:.\Generated_Source\PSoC5/USBUART_1_Dp.c **** *  
  89:.\Generated_Source\PSoC5/USBUART_1_Dp.c **** * Note:
  90:.\Generated_Source\PSoC5/USBUART_1_Dp.c **** *  Macro USBUART_1_Dp_ReadPS calls this function. 
  91:.\Generated_Source\PSoC5/USBUART_1_Dp.c **** *  
  92:.\Generated_Source\PSoC5/USBUART_1_Dp.c **** *******************************************************************************/
ARM GAS  C:\Users\mrowiecn\AppData\Local\Temp\cc1SPH2F.s 			page 5


  93:.\Generated_Source\PSoC5/USBUART_1_Dp.c **** uint8 USBUART_1_Dp_Read(void) 
  94:.\Generated_Source\PSoC5/USBUART_1_Dp.c **** {
 137              		.loc 1 94 0
 138              		.cfi_startproc
 139              		@ args = 0, pretend = 0, frame = 0
 140              		@ frame_needed = 1, uses_anonymous_args = 0
 141              		@ link register save eliminated.
 142 0000 80B4     		push	{r7}
 143              		.cfi_def_cfa_offset 4
 144              		.cfi_offset 7, -4
 145 0002 00AF     		add	r7, sp, #0
 146              		.cfi_def_cfa_register 7
  95:.\Generated_Source\PSoC5/USBUART_1_Dp.c ****     return (USBUART_1_Dp_PS & USBUART_1_Dp_MASK) >> USBUART_1_Dp_SHIFT;
 147              		.loc 1 95 0
 148 0004 054B     		ldr	r3, .L9
 149 0006 1B78     		ldrb	r3, [r3]
 150 0008 DBB2     		uxtb	r3, r3
 151 000a 03F04003 		and	r3, r3, #64
 152 000e 9B09     		lsrs	r3, r3, #6
 153 0010 DBB2     		uxtb	r3, r3
  96:.\Generated_Source\PSoC5/USBUART_1_Dp.c **** }
 154              		.loc 1 96 0
 155 0012 1846     		mov	r0, r3
 156 0014 BD46     		mov	sp, r7
 157              		.cfi_def_cfa_register 13
 158              		@ sp needed
 159 0016 5DF8047B 		ldr	r7, [sp], #4
 160              		.cfi_restore 7
 161              		.cfi_def_cfa_offset 0
 162 001a 7047     		bx	lr
 163              	.L10:
 164              		.align	2
 165              	.L9:
 166 001c F1510040 		.word	1073762801
 167              		.cfi_endproc
 168              	.LFE2:
 169              		.size	USBUART_1_Dp_Read, .-USBUART_1_Dp_Read
 170              		.section	.text.USBUART_1_Dp_ReadDataReg,"ax",%progbits
 171              		.align	2
 172              		.global	USBUART_1_Dp_ReadDataReg
 173              		.thumb
 174              		.thumb_func
 175              		.type	USBUART_1_Dp_ReadDataReg, %function
 176              	USBUART_1_Dp_ReadDataReg:
 177              	.LFB3:
  97:.\Generated_Source\PSoC5/USBUART_1_Dp.c **** 
  98:.\Generated_Source\PSoC5/USBUART_1_Dp.c **** 
  99:.\Generated_Source\PSoC5/USBUART_1_Dp.c **** /*******************************************************************************
 100:.\Generated_Source\PSoC5/USBUART_1_Dp.c **** * Function Name: USBUART_1_Dp_ReadDataReg
 101:.\Generated_Source\PSoC5/USBUART_1_Dp.c **** ********************************************************************************
 102:.\Generated_Source\PSoC5/USBUART_1_Dp.c **** *
 103:.\Generated_Source\PSoC5/USBUART_1_Dp.c **** * Summary:
 104:.\Generated_Source\PSoC5/USBUART_1_Dp.c **** *  Read the current value assigned to a Digital Port's data output register
 105:.\Generated_Source\PSoC5/USBUART_1_Dp.c **** *
 106:.\Generated_Source\PSoC5/USBUART_1_Dp.c **** * Parameters:  
 107:.\Generated_Source\PSoC5/USBUART_1_Dp.c **** *  None 
 108:.\Generated_Source\PSoC5/USBUART_1_Dp.c **** *
ARM GAS  C:\Users\mrowiecn\AppData\Local\Temp\cc1SPH2F.s 			page 6


 109:.\Generated_Source\PSoC5/USBUART_1_Dp.c **** * Return: 
 110:.\Generated_Source\PSoC5/USBUART_1_Dp.c **** *  Returns the current value assigned to the Digital Port's data output register
 111:.\Generated_Source\PSoC5/USBUART_1_Dp.c **** *  
 112:.\Generated_Source\PSoC5/USBUART_1_Dp.c **** *******************************************************************************/
 113:.\Generated_Source\PSoC5/USBUART_1_Dp.c **** uint8 USBUART_1_Dp_ReadDataReg(void) 
 114:.\Generated_Source\PSoC5/USBUART_1_Dp.c **** {
 178              		.loc 1 114 0
 179              		.cfi_startproc
 180              		@ args = 0, pretend = 0, frame = 0
 181              		@ frame_needed = 1, uses_anonymous_args = 0
 182              		@ link register save eliminated.
 183 0000 80B4     		push	{r7}
 184              		.cfi_def_cfa_offset 4
 185              		.cfi_offset 7, -4
 186 0002 00AF     		add	r7, sp, #0
 187              		.cfi_def_cfa_register 7
 115:.\Generated_Source\PSoC5/USBUART_1_Dp.c ****     return (USBUART_1_Dp_DR & USBUART_1_Dp_MASK) >> USBUART_1_Dp_SHIFT;
 188              		.loc 1 115 0
 189 0004 054B     		ldr	r3, .L13
 190 0006 1B78     		ldrb	r3, [r3]
 191 0008 DBB2     		uxtb	r3, r3
 192 000a 03F04003 		and	r3, r3, #64
 193 000e 9B09     		lsrs	r3, r3, #6
 194 0010 DBB2     		uxtb	r3, r3
 116:.\Generated_Source\PSoC5/USBUART_1_Dp.c **** }
 195              		.loc 1 116 0
 196 0012 1846     		mov	r0, r3
 197 0014 BD46     		mov	sp, r7
 198              		.cfi_def_cfa_register 13
 199              		@ sp needed
 200 0016 5DF8047B 		ldr	r7, [sp], #4
 201              		.cfi_restore 7
 202              		.cfi_def_cfa_offset 0
 203 001a 7047     		bx	lr
 204              	.L14:
 205              		.align	2
 206              	.L13:
 207 001c F0510040 		.word	1073762800
 208              		.cfi_endproc
 209              	.LFE3:
 210              		.size	USBUART_1_Dp_ReadDataReg, .-USBUART_1_Dp_ReadDataReg
 211              		.section	.text.USBUART_1_Dp_ClearInterrupt,"ax",%progbits
 212              		.align	2
 213              		.global	USBUART_1_Dp_ClearInterrupt
 214              		.thumb
 215              		.thumb_func
 216              		.type	USBUART_1_Dp_ClearInterrupt, %function
 217              	USBUART_1_Dp_ClearInterrupt:
 218              	.LFB4:
 117:.\Generated_Source\PSoC5/USBUART_1_Dp.c **** 
 118:.\Generated_Source\PSoC5/USBUART_1_Dp.c **** 
 119:.\Generated_Source\PSoC5/USBUART_1_Dp.c **** /* If Interrupts Are Enabled for this Pins component */ 
 120:.\Generated_Source\PSoC5/USBUART_1_Dp.c **** #if defined(USBUART_1_Dp_INTSTAT) 
 121:.\Generated_Source\PSoC5/USBUART_1_Dp.c **** 
 122:.\Generated_Source\PSoC5/USBUART_1_Dp.c ****     /*******************************************************************************
 123:.\Generated_Source\PSoC5/USBUART_1_Dp.c ****     * Function Name: USBUART_1_Dp_ClearInterrupt
 124:.\Generated_Source\PSoC5/USBUART_1_Dp.c ****     ********************************************************************************
ARM GAS  C:\Users\mrowiecn\AppData\Local\Temp\cc1SPH2F.s 			page 7


 125:.\Generated_Source\PSoC5/USBUART_1_Dp.c ****     * Summary:
 126:.\Generated_Source\PSoC5/USBUART_1_Dp.c ****     *  Clears any active interrupts attached to port and returns the value of the 
 127:.\Generated_Source\PSoC5/USBUART_1_Dp.c ****     *  interrupt status register.
 128:.\Generated_Source\PSoC5/USBUART_1_Dp.c ****     *
 129:.\Generated_Source\PSoC5/USBUART_1_Dp.c ****     * Parameters:  
 130:.\Generated_Source\PSoC5/USBUART_1_Dp.c ****     *  None 
 131:.\Generated_Source\PSoC5/USBUART_1_Dp.c ****     *
 132:.\Generated_Source\PSoC5/USBUART_1_Dp.c ****     * Return: 
 133:.\Generated_Source\PSoC5/USBUART_1_Dp.c ****     *  Returns the value of the interrupt status register
 134:.\Generated_Source\PSoC5/USBUART_1_Dp.c ****     *  
 135:.\Generated_Source\PSoC5/USBUART_1_Dp.c ****     *******************************************************************************/
 136:.\Generated_Source\PSoC5/USBUART_1_Dp.c ****     uint8 USBUART_1_Dp_ClearInterrupt(void) 
 137:.\Generated_Source\PSoC5/USBUART_1_Dp.c ****     {
 219              		.loc 1 137 0
 220              		.cfi_startproc
 221              		@ args = 0, pretend = 0, frame = 0
 222              		@ frame_needed = 1, uses_anonymous_args = 0
 223              		@ link register save eliminated.
 224 0000 80B4     		push	{r7}
 225              		.cfi_def_cfa_offset 4
 226              		.cfi_offset 7, -4
 227 0002 00AF     		add	r7, sp, #0
 228              		.cfi_def_cfa_register 7
 138:.\Generated_Source\PSoC5/USBUART_1_Dp.c ****         return (USBUART_1_Dp_INTSTAT & USBUART_1_Dp_MASK) >> USBUART_1_Dp_SHIFT;
 229              		.loc 1 138 0
 230 0004 054B     		ldr	r3, .L17
 231 0006 1B78     		ldrb	r3, [r3]
 232 0008 DBB2     		uxtb	r3, r3
 233 000a 03F04003 		and	r3, r3, #64
 234 000e 9B09     		lsrs	r3, r3, #6
 235 0010 DBB2     		uxtb	r3, r3
 139:.\Generated_Source\PSoC5/USBUART_1_Dp.c ****     }
 236              		.loc 1 139 0
 237 0012 1846     		mov	r0, r3
 238 0014 BD46     		mov	sp, r7
 239              		.cfi_def_cfa_register 13
 240              		@ sp needed
 241 0016 5DF8047B 		ldr	r7, [sp], #4
 242              		.cfi_restore 7
 243              		.cfi_def_cfa_offset 0
 244 001a 7047     		bx	lr
 245              	.L18:
 246              		.align	2
 247              	.L17:
 248 001c 8F450040 		.word	1073759631
 249              		.cfi_endproc
 250              	.LFE4:
 251              		.size	USBUART_1_Dp_ClearInterrupt, .-USBUART_1_Dp_ClearInterrupt
 252              		.text
 253              	.Letext0:
 254              		.file 2 ".\\Generated_Source\\PSoC5\\cytypes.h"
 255              		.section	.debug_info,"",%progbits
 256              	.Ldebug_info0:
 257 0000 2E010000 		.4byte	0x12e
 258 0004 0400     		.2byte	0x4
 259 0006 00000000 		.4byte	.Ldebug_abbrev0
 260 000a 04       		.byte	0x4
ARM GAS  C:\Users\mrowiecn\AppData\Local\Temp\cc1SPH2F.s 			page 8


 261 000b 01       		.uleb128 0x1
 262 000c 80000000 		.4byte	.LASF21
 263 0010 01       		.byte	0x1
 264 0011 99010000 		.4byte	.LASF22
 265 0015 33000000 		.4byte	.LASF23
 266 0019 00000000 		.4byte	.Ldebug_ranges0+0
 267 001d 00000000 		.4byte	0
 268 0021 00000000 		.4byte	.Ldebug_line0
 269 0025 02       		.uleb128 0x2
 270 0026 01       		.byte	0x1
 271 0027 06       		.byte	0x6
 272 0028 22020000 		.4byte	.LASF0
 273 002c 02       		.uleb128 0x2
 274 002d 01       		.byte	0x1
 275 002e 08       		.byte	0x8
 276 002f 26010000 		.4byte	.LASF1
 277 0033 02       		.uleb128 0x2
 278 0034 02       		.byte	0x2
 279 0035 05       		.byte	0x5
 280 0036 09020000 		.4byte	.LASF2
 281 003a 02       		.uleb128 0x2
 282 003b 02       		.byte	0x2
 283 003c 07       		.byte	0x7
 284 003d 56010000 		.4byte	.LASF3
 285 0041 02       		.uleb128 0x2
 286 0042 04       		.byte	0x4
 287 0043 05       		.byte	0x5
 288 0044 19020000 		.4byte	.LASF4
 289 0048 02       		.uleb128 0x2
 290 0049 04       		.byte	0x4
 291 004a 07       		.byte	0x7
 292 004b 44010000 		.4byte	.LASF5
 293 004f 02       		.uleb128 0x2
 294 0050 08       		.byte	0x8
 295 0051 05       		.byte	0x5
 296 0052 DA010000 		.4byte	.LASF6
 297 0056 02       		.uleb128 0x2
 298 0057 08       		.byte	0x8
 299 0058 07       		.byte	0x7
 300 0059 7D010000 		.4byte	.LASF7
 301 005d 03       		.uleb128 0x3
 302 005e 04       		.byte	0x4
 303 005f 05       		.byte	0x5
 304 0060 696E7400 		.ascii	"int\000"
 305 0064 02       		.uleb128 0x2
 306 0065 04       		.byte	0x4
 307 0066 07       		.byte	0x7
 308 0067 70010000 		.4byte	.LASF8
 309 006b 04       		.uleb128 0x4
 310 006c 13020000 		.4byte	.LASF12
 311 0070 02       		.byte	0x2
 312 0071 C2       		.byte	0xc2
 313 0072 2C000000 		.4byte	0x2c
 314 0076 02       		.uleb128 0x2
 315 0077 04       		.byte	0x4
 316 0078 04       		.byte	0x4
 317 0079 20010000 		.4byte	.LASF9
ARM GAS  C:\Users\mrowiecn\AppData\Local\Temp\cc1SPH2F.s 			page 9


 318 007d 02       		.uleb128 0x2
 319 007e 08       		.byte	0x8
 320 007f 04       		.byte	0x4
 321 0080 69010000 		.4byte	.LASF10
 322 0084 02       		.uleb128 0x2
 323 0085 01       		.byte	0x1
 324 0086 08       		.byte	0x8
 325 0087 E8010000 		.4byte	.LASF11
 326 008b 05       		.uleb128 0x5
 327 008c 3F010000 		.4byte	.LASF13
 328 0090 02       		.byte	0x2
 329 0091 6C01     		.2byte	0x16c
 330 0093 97000000 		.4byte	0x97
 331 0097 06       		.uleb128 0x6
 332 0098 6B000000 		.4byte	0x6b
 333 009c 07       		.uleb128 0x7
 334 009d 1A000000 		.4byte	.LASF14
 335 00a1 01       		.byte	0x1
 336 00a2 27       		.byte	0x27
 337 00a3 00000000 		.4byte	.LFB0
 338 00a7 3C000000 		.4byte	.LFE0-.LFB0
 339 00ab 01       		.uleb128 0x1
 340 00ac 9C       		.byte	0x9c
 341 00ad CE000000 		.4byte	0xce
 342 00b1 08       		.uleb128 0x8
 343 00b2 2D000000 		.4byte	.LASF16
 344 00b6 01       		.byte	0x1
 345 00b7 27       		.byte	0x27
 346 00b8 6B000000 		.4byte	0x6b
 347 00bc 02       		.uleb128 0x2
 348 00bd 91       		.byte	0x91
 349 00be 6F       		.sleb128 -17
 350 00bf 09       		.uleb128 0x9
 351 00c0 34010000 		.4byte	.LASF24
 352 00c4 01       		.byte	0x1
 353 00c5 29       		.byte	0x29
 354 00c6 6B000000 		.4byte	0x6b
 355 00ca 02       		.uleb128 0x2
 356 00cb 91       		.byte	0x91
 357 00cc 77       		.sleb128 -9
 358 00cd 00       		.byte	0
 359 00ce 07       		.uleb128 0x7
 360 00cf 00000000 		.4byte	.LASF15
 361 00d3 01       		.byte	0x1
 362 00d4 45       		.byte	0x45
 363 00d5 00000000 		.4byte	.LFB1
 364 00d9 38000000 		.4byte	.LFE1-.LFB1
 365 00dd 01       		.uleb128 0x1
 366 00de 9C       		.byte	0x9c
 367 00df F2000000 		.4byte	0xf2
 368 00e3 08       		.uleb128 0x8
 369 00e4 94010000 		.4byte	.LASF17
 370 00e8 01       		.byte	0x1
 371 00e9 45       		.byte	0x45
 372 00ea 6B000000 		.4byte	0x6b
 373 00ee 02       		.uleb128 0x2
 374 00ef 91       		.byte	0x91
ARM GAS  C:\Users\mrowiecn\AppData\Local\Temp\cc1SPH2F.s 			page 10


 375 00f0 77       		.sleb128 -9
 376 00f1 00       		.byte	0
 377 00f2 0A       		.uleb128 0xa
 378 00f3 0E010000 		.4byte	.LASF18
 379 00f7 01       		.byte	0x1
 380 00f8 5D       		.byte	0x5d
 381 00f9 6B000000 		.4byte	0x6b
 382 00fd 00000000 		.4byte	.LFB2
 383 0101 20000000 		.4byte	.LFE2-.LFB2
 384 0105 01       		.uleb128 0x1
 385 0106 9C       		.byte	0x9c
 386 0107 0A       		.uleb128 0xa
 387 0108 C1010000 		.4byte	.LASF19
 388 010c 01       		.byte	0x1
 389 010d 71       		.byte	0x71
 390 010e 6B000000 		.4byte	0x6b
 391 0112 00000000 		.4byte	.LFB3
 392 0116 20000000 		.4byte	.LFE3-.LFB3
 393 011a 01       		.uleb128 0x1
 394 011b 9C       		.byte	0x9c
 395 011c 0A       		.uleb128 0xa
 396 011d ED010000 		.4byte	.LASF20
 397 0121 01       		.byte	0x1
 398 0122 88       		.byte	0x88
 399 0123 6B000000 		.4byte	0x6b
 400 0127 00000000 		.4byte	.LFB4
 401 012b 20000000 		.4byte	.LFE4-.LFB4
 402 012f 01       		.uleb128 0x1
 403 0130 9C       		.byte	0x9c
 404 0131 00       		.byte	0
 405              		.section	.debug_abbrev,"",%progbits
 406              	.Ldebug_abbrev0:
 407 0000 01       		.uleb128 0x1
 408 0001 11       		.uleb128 0x11
 409 0002 01       		.byte	0x1
 410 0003 25       		.uleb128 0x25
 411 0004 0E       		.uleb128 0xe
 412 0005 13       		.uleb128 0x13
 413 0006 0B       		.uleb128 0xb
 414 0007 03       		.uleb128 0x3
 415 0008 0E       		.uleb128 0xe
 416 0009 1B       		.uleb128 0x1b
 417 000a 0E       		.uleb128 0xe
 418 000b 55       		.uleb128 0x55
 419 000c 17       		.uleb128 0x17
 420 000d 11       		.uleb128 0x11
 421 000e 01       		.uleb128 0x1
 422 000f 10       		.uleb128 0x10
 423 0010 17       		.uleb128 0x17
 424 0011 00       		.byte	0
 425 0012 00       		.byte	0
 426 0013 02       		.uleb128 0x2
 427 0014 24       		.uleb128 0x24
 428 0015 00       		.byte	0
 429 0016 0B       		.uleb128 0xb
 430 0017 0B       		.uleb128 0xb
 431 0018 3E       		.uleb128 0x3e
ARM GAS  C:\Users\mrowiecn\AppData\Local\Temp\cc1SPH2F.s 			page 11


 432 0019 0B       		.uleb128 0xb
 433 001a 03       		.uleb128 0x3
 434 001b 0E       		.uleb128 0xe
 435 001c 00       		.byte	0
 436 001d 00       		.byte	0
 437 001e 03       		.uleb128 0x3
 438 001f 24       		.uleb128 0x24
 439 0020 00       		.byte	0
 440 0021 0B       		.uleb128 0xb
 441 0022 0B       		.uleb128 0xb
 442 0023 3E       		.uleb128 0x3e
 443 0024 0B       		.uleb128 0xb
 444 0025 03       		.uleb128 0x3
 445 0026 08       		.uleb128 0x8
 446 0027 00       		.byte	0
 447 0028 00       		.byte	0
 448 0029 04       		.uleb128 0x4
 449 002a 16       		.uleb128 0x16
 450 002b 00       		.byte	0
 451 002c 03       		.uleb128 0x3
 452 002d 0E       		.uleb128 0xe
 453 002e 3A       		.uleb128 0x3a
 454 002f 0B       		.uleb128 0xb
 455 0030 3B       		.uleb128 0x3b
 456 0031 0B       		.uleb128 0xb
 457 0032 49       		.uleb128 0x49
 458 0033 13       		.uleb128 0x13
 459 0034 00       		.byte	0
 460 0035 00       		.byte	0
 461 0036 05       		.uleb128 0x5
 462 0037 16       		.uleb128 0x16
 463 0038 00       		.byte	0
 464 0039 03       		.uleb128 0x3
 465 003a 0E       		.uleb128 0xe
 466 003b 3A       		.uleb128 0x3a
 467 003c 0B       		.uleb128 0xb
 468 003d 3B       		.uleb128 0x3b
 469 003e 05       		.uleb128 0x5
 470 003f 49       		.uleb128 0x49
 471 0040 13       		.uleb128 0x13
 472 0041 00       		.byte	0
 473 0042 00       		.byte	0
 474 0043 06       		.uleb128 0x6
 475 0044 35       		.uleb128 0x35
 476 0045 00       		.byte	0
 477 0046 49       		.uleb128 0x49
 478 0047 13       		.uleb128 0x13
 479 0048 00       		.byte	0
 480 0049 00       		.byte	0
 481 004a 07       		.uleb128 0x7
 482 004b 2E       		.uleb128 0x2e
 483 004c 01       		.byte	0x1
 484 004d 3F       		.uleb128 0x3f
 485 004e 19       		.uleb128 0x19
 486 004f 03       		.uleb128 0x3
 487 0050 0E       		.uleb128 0xe
 488 0051 3A       		.uleb128 0x3a
ARM GAS  C:\Users\mrowiecn\AppData\Local\Temp\cc1SPH2F.s 			page 12


 489 0052 0B       		.uleb128 0xb
 490 0053 3B       		.uleb128 0x3b
 491 0054 0B       		.uleb128 0xb
 492 0055 27       		.uleb128 0x27
 493 0056 19       		.uleb128 0x19
 494 0057 11       		.uleb128 0x11
 495 0058 01       		.uleb128 0x1
 496 0059 12       		.uleb128 0x12
 497 005a 06       		.uleb128 0x6
 498 005b 40       		.uleb128 0x40
 499 005c 18       		.uleb128 0x18
 500 005d 9742     		.uleb128 0x2117
 501 005f 19       		.uleb128 0x19
 502 0060 01       		.uleb128 0x1
 503 0061 13       		.uleb128 0x13
 504 0062 00       		.byte	0
 505 0063 00       		.byte	0
 506 0064 08       		.uleb128 0x8
 507 0065 05       		.uleb128 0x5
 508 0066 00       		.byte	0
 509 0067 03       		.uleb128 0x3
 510 0068 0E       		.uleb128 0xe
 511 0069 3A       		.uleb128 0x3a
 512 006a 0B       		.uleb128 0xb
 513 006b 3B       		.uleb128 0x3b
 514 006c 0B       		.uleb128 0xb
 515 006d 49       		.uleb128 0x49
 516 006e 13       		.uleb128 0x13
 517 006f 02       		.uleb128 0x2
 518 0070 18       		.uleb128 0x18
 519 0071 00       		.byte	0
 520 0072 00       		.byte	0
 521 0073 09       		.uleb128 0x9
 522 0074 34       		.uleb128 0x34
 523 0075 00       		.byte	0
 524 0076 03       		.uleb128 0x3
 525 0077 0E       		.uleb128 0xe
 526 0078 3A       		.uleb128 0x3a
 527 0079 0B       		.uleb128 0xb
 528 007a 3B       		.uleb128 0x3b
 529 007b 0B       		.uleb128 0xb
 530 007c 49       		.uleb128 0x49
 531 007d 13       		.uleb128 0x13
 532 007e 02       		.uleb128 0x2
 533 007f 18       		.uleb128 0x18
 534 0080 00       		.byte	0
 535 0081 00       		.byte	0
 536 0082 0A       		.uleb128 0xa
 537 0083 2E       		.uleb128 0x2e
 538 0084 00       		.byte	0
 539 0085 3F       		.uleb128 0x3f
 540 0086 19       		.uleb128 0x19
 541 0087 03       		.uleb128 0x3
 542 0088 0E       		.uleb128 0xe
 543 0089 3A       		.uleb128 0x3a
 544 008a 0B       		.uleb128 0xb
 545 008b 3B       		.uleb128 0x3b
ARM GAS  C:\Users\mrowiecn\AppData\Local\Temp\cc1SPH2F.s 			page 13


 546 008c 0B       		.uleb128 0xb
 547 008d 27       		.uleb128 0x27
 548 008e 19       		.uleb128 0x19
 549 008f 49       		.uleb128 0x49
 550 0090 13       		.uleb128 0x13
 551 0091 11       		.uleb128 0x11
 552 0092 01       		.uleb128 0x1
 553 0093 12       		.uleb128 0x12
 554 0094 06       		.uleb128 0x6
 555 0095 40       		.uleb128 0x40
 556 0096 18       		.uleb128 0x18
 557 0097 9742     		.uleb128 0x2117
 558 0099 19       		.uleb128 0x19
 559 009a 00       		.byte	0
 560 009b 00       		.byte	0
 561 009c 00       		.byte	0
 562              		.section	.debug_aranges,"",%progbits
 563 0000 3C000000 		.4byte	0x3c
 564 0004 0200     		.2byte	0x2
 565 0006 00000000 		.4byte	.Ldebug_info0
 566 000a 04       		.byte	0x4
 567 000b 00       		.byte	0
 568 000c 0000     		.2byte	0
 569 000e 0000     		.2byte	0
 570 0010 00000000 		.4byte	.LFB0
 571 0014 3C000000 		.4byte	.LFE0-.LFB0
 572 0018 00000000 		.4byte	.LFB1
 573 001c 38000000 		.4byte	.LFE1-.LFB1
 574 0020 00000000 		.4byte	.LFB2
 575 0024 20000000 		.4byte	.LFE2-.LFB2
 576 0028 00000000 		.4byte	.LFB3
 577 002c 20000000 		.4byte	.LFE3-.LFB3
 578 0030 00000000 		.4byte	.LFB4
 579 0034 20000000 		.4byte	.LFE4-.LFB4
 580 0038 00000000 		.4byte	0
 581 003c 00000000 		.4byte	0
 582              		.section	.debug_ranges,"",%progbits
 583              	.Ldebug_ranges0:
 584 0000 00000000 		.4byte	.LFB0
 585 0004 3C000000 		.4byte	.LFE0
 586 0008 00000000 		.4byte	.LFB1
 587 000c 38000000 		.4byte	.LFE1
 588 0010 00000000 		.4byte	.LFB2
 589 0014 20000000 		.4byte	.LFE2
 590 0018 00000000 		.4byte	.LFB3
 591 001c 20000000 		.4byte	.LFE3
 592 0020 00000000 		.4byte	.LFB4
 593 0024 20000000 		.4byte	.LFE4
 594 0028 00000000 		.4byte	0
 595 002c 00000000 		.4byte	0
 596              		.section	.debug_line,"",%progbits
 597              	.Ldebug_line0:
 598 0000 AB000000 		.section	.debug_str,"MS",%progbits,1
 598      02004B00 
 598      00000201 
 598      FB0E0D00 
 598      01010101 
ARM GAS  C:\Users\mrowiecn\AppData\Local\Temp\cc1SPH2F.s 			page 14


 599              	.LASF15:
 600 0000 55534255 		.ascii	"USBUART_1_Dp_SetDriveMode\000"
 600      4152545F 
 600      315F4470 
 600      5F536574 
 600      44726976 
 601              	.LASF14:
 602 001a 55534255 		.ascii	"USBUART_1_Dp_Write\000"
 602      4152545F 
 602      315F4470 
 602      5F577269 
 602      746500
 603              	.LASF16:
 604 002d 76616C75 		.ascii	"value\000"
 604      6500
 605              	.LASF23:
 606 0033 443A5C4D 		.ascii	"D:\\MyDocs\\Documents\\CE4950\\Networking\\Networki"
 606      79446F63 
 606      735C446F 
 606      63756D65 
 606      6E74735C 
 607 0061 6E675C55 		.ascii	"ng\\USB_UART01\\USB_UART01.cydsn\000"
 607      53425F55 
 607      41525430 
 607      315C5553 
 607      425F5541 
 608              	.LASF21:
 609 0080 474E5520 		.ascii	"GNU C 4.9.3 20150303 (release) [ARM/embedded-4_9-br"
 609      4320342E 
 609      392E3320 
 609      32303135 
 609      30333033 
 610 00b3 616E6368 		.ascii	"anch revision 221220] -mcpu=cortex-m3 -mthumb -g -O"
 610      20726576 
 610      6973696F 
 610      6E203232 
 610      31323230 
 611 00e6 30202D66 		.ascii	"0 -ffunction-sections -ffat-lto-objects\000"
 611      66756E63 
 611      74696F6E 
 611      2D736563 
 611      74696F6E 
 612              	.LASF18:
 613 010e 55534255 		.ascii	"USBUART_1_Dp_Read\000"
 613      4152545F 
 613      315F4470 
 613      5F526561 
 613      6400
 614              	.LASF9:
 615 0120 666C6F61 		.ascii	"float\000"
 615      7400
 616              	.LASF1:
 617 0126 756E7369 		.ascii	"unsigned char\000"
 617      676E6564 
 617      20636861 
 617      7200
 618              	.LASF24:
ARM GAS  C:\Users\mrowiecn\AppData\Local\Temp\cc1SPH2F.s 			page 15


 619 0134 73746174 		.ascii	"staticBits\000"
 619      69634269 
 619      747300
 620              	.LASF13:
 621 013f 72656738 		.ascii	"reg8\000"
 621      00
 622              	.LASF5:
 623 0144 6C6F6E67 		.ascii	"long unsigned int\000"
 623      20756E73 
 623      69676E65 
 623      6420696E 
 623      7400
 624              	.LASF3:
 625 0156 73686F72 		.ascii	"short unsigned int\000"
 625      7420756E 
 625      7369676E 
 625      65642069 
 625      6E7400
 626              	.LASF10:
 627 0169 646F7562 		.ascii	"double\000"
 627      6C6500
 628              	.LASF8:
 629 0170 756E7369 		.ascii	"unsigned int\000"
 629      676E6564 
 629      20696E74 
 629      00
 630              	.LASF7:
 631 017d 6C6F6E67 		.ascii	"long long unsigned int\000"
 631      206C6F6E 
 631      6720756E 
 631      7369676E 
 631      65642069 
 632              	.LASF17:
 633 0194 6D6F6465 		.ascii	"mode\000"
 633      00
 634              	.LASF22:
 635 0199 2E5C4765 		.ascii	".\\Generated_Source\\PSoC5\\USBUART_1_Dp.c\000"
 635      6E657261 
 635      7465645F 
 635      536F7572 
 635      63655C50 
 636              	.LASF19:
 637 01c1 55534255 		.ascii	"USBUART_1_Dp_ReadDataReg\000"
 637      4152545F 
 637      315F4470 
 637      5F526561 
 637      64446174 
 638              	.LASF6:
 639 01da 6C6F6E67 		.ascii	"long long int\000"
 639      206C6F6E 
 639      6720696E 
 639      7400
 640              	.LASF11:
 641 01e8 63686172 		.ascii	"char\000"
 641      00
 642              	.LASF20:
 643 01ed 55534255 		.ascii	"USBUART_1_Dp_ClearInterrupt\000"
ARM GAS  C:\Users\mrowiecn\AppData\Local\Temp\cc1SPH2F.s 			page 16


 643      4152545F 
 643      315F4470 
 643      5F436C65 
 643      6172496E 
 644              	.LASF2:
 645 0209 73686F72 		.ascii	"short int\000"
 645      7420696E 
 645      7400
 646              	.LASF12:
 647 0213 75696E74 		.ascii	"uint8\000"
 647      3800
 648              	.LASF4:
 649 0219 6C6F6E67 		.ascii	"long int\000"
 649      20696E74 
 649      00
 650              	.LASF0:
 651 0222 7369676E 		.ascii	"signed char\000"
 651      65642063 
 651      68617200 
 652              		.ident	"GCC: (GNU Tools for ARM Embedded Processors) 4.9.3 20150303 (release) [ARM/embedded-4_9-br
